{"meta": {"format": 3, "version": "7.13.2", "timestamp": "2026-02-02T15:30:02.013567", "branch_coverage": false, "show_contexts": false}, "files": {"src\\anivault\\__init__.py": {"executed_lines": [8, 9, 10, 14, 18], "summary": {"covered_lines": 5, "num_statements": 5, "percent_covered": 100.0, "percent_covered_display": "100.00", "missing_lines": 0, "excluded_lines": 0, "percent_statements_covered": 100.0, "percent_statements_covered_display": "100.00"}, "missing_lines": [], "excluded_lines": [], "functions": {"": {"executed_lines": [8, 9, 10, 14, 18], "summary": {"covered_lines": 5, "num_statements": 5, "percent_covered": 100.0, "percent_covered_display": "100.00", "missing_lines": 0, "excluded_lines": 0, "percent_statements_covered": 100.0, "percent_statements_covered_display": "100.00"}, "missing_lines": [], "excluded_lines": [], "start_line": 1}}, "classes": {"": {"executed_lines": [8, 9, 10, 14, 18], "summary": {"covered_lines": 5, "num_statements": 5, "percent_covered": 100.0, "percent_covered_display": "100.00", "missing_lines": 0, "excluded_lines": 0, "percent_statements_covered": 100.0, "percent_statements_covered_display": "100.00"}, "missing_lines": [], "excluded_lines": [], "start_line": 1}}}, "src\\anivault\\app\\__init__.py": {"executed_lines": [6, 7, 9], "summary": {"covered_lines": 3, "num_statements": 3, "percent_covered": 100.0, "percent_covered_display": "100.00", "missing_lines": 0, "excluded_lines": 0, "percent_statements_covered": 100.0, "percent_statements_covered_display": "100.00"}, "missing_lines": [], "excluded_lines": [], "functions": {"": {"executed_lines": [6, 7, 9], "summary": {"covered_lines": 3, "num_statements": 3, "percent_covered": 100.0, "percent_covered_display": "100.00", "missing_lines": 0, "excluded_lines": 0, "percent_statements_covered": 100.0, "percent_statements_covered_display": "100.00"}, "missing_lines": [], "excluded_lines": [], "start_line": 1}}, "classes": {"": {"executed_lines": [6, 7, 9], "summary": {"covered_lines": 3, "num_statements": 3, "percent_covered": 100.0, "percent_covered_display": "100.00", "missing_lines": 0, "excluded_lines": 0, "percent_statements_covered": 100.0, "percent_statements_covered_display": "100.00"}, "missing_lines": [], "excluded_lines": [], "start_line": 1}}}, "src\\anivault\\app\\models\\__init__.py": {"executed_lines": [3, 5], "summary": {"covered_lines": 2, "num_statements": 2, "percent_covered": 100.0, "percent_covered_display": "100.00", "missing_lines": 0, "excluded_lines": 0, "percent_statements_covered": 100.0, "percent_statements_covered_display": "100.00"}, "missing_lines": [], "excluded_lines": [], "functions": {"": {"executed_lines": [3, 5], "summary": {"covered_lines": 2, "num_statements": 2, "percent_covered": 100.0, "percent_covered_display": "100.00", "missing_lines": 0, "excluded_lines": 0, "percent_statements_covered": 100.0, "percent_statements_covered_display": "100.00"}, "missing_lines": [], "excluded_lines": [], "start_line": 1}}, "classes": {"": {"executed_lines": [3, 5], "summary": {"covered_lines": 2, "num_statements": 2, "percent_covered": 100.0, "percent_covered_display": "100.00", "missing_lines": 0, "excluded_lines": 0, "percent_statements_covered": 100.0, "percent_statements_covered_display": "100.00"}, "missing_lines": [], "excluded_lines": [], "start_line": 1}}}, "src\\anivault\\app\\models\\match_services.py": {"executed_lines": [6, 8, 10, 11, 12, 21, 22, 25, 26, 27, 28, 29, 30, 31], "summary": {"covered_lines": 14, "num_statements": 14, "percent_covered": 100.0, "percent_covered_display": "100.00", "missing_lines": 0, "excluded_lines": 0, "percent_statements_covered": 100.0, "percent_statements_covered_display": "100.00"}, "missing_lines": [], "excluded_lines": [], "functions": {"": {"executed_lines": [6, 8, 10, 11, 12, 21, 22, 25, 26, 27, 28, 29, 30, 31], "summary": {"covered_lines": 14, "num_statements": 14, "percent_covered": 100.0, "percent_covered_display": "100.00", "missing_lines": 0, "excluded_lines": 0, "percent_statements_covered": 100.0, "percent_statements_covered_display": "100.00"}, "missing_lines": [], "excluded_lines": [], "start_line": 1}}, "classes": {"MatchServices": {"executed_lines": [], "summary": {"covered_lines": 0, "num_statements": 0, "percent_covered": 100.0, "percent_covered_display": "100.00", "missing_lines": 0, "excluded_lines": 0, "percent_statements_covered": 100.0, "percent_statements_covered_display": "100.00"}, "missing_lines": [], "excluded_lines": [], "start_line": 22}, "": {"executed_lines": [6, 8, 10, 11, 12, 21, 22, 25, 26, 27, 28, 29, 30, 31], "summary": {"covered_lines": 14, "num_statements": 14, "percent_covered": 100.0, "percent_covered_display": "100.00", "missing_lines": 0, "excluded_lines": 0, "percent_statements_covered": 100.0, "percent_statements_covered_display": "100.00"}, "missing_lines": [], "excluded_lines": [], "start_line": 1}}}, "src\\anivault\\app\\use_cases\\__init__.py": {"executed_lines": [3, 4, 6], "summary": {"covered_lines": 3, "num_statements": 3, "percent_covered": 100.0, "percent_covered_display": "100.00", "missing_lines": 0, "excluded_lines": 0, "percent_statements_covered": 100.0, "percent_statements_covered_display": "100.00"}, "missing_lines": [], "excluded_lines": [], "functions": {"": {"executed_lines": [3, 4, 6], "summary": {"covered_lines": 3, "num_statements": 3, "percent_covered": 100.0, "percent_covered_display": "100.00", "missing_lines": 0, "excluded_lines": 0, "percent_statements_covered": 100.0, "percent_statements_covered_display": "100.00"}, "missing_lines": [], "excluded_lines": [], "start_line": 1}}, "classes": {"": {"executed_lines": [3, 4, 6], "summary": {"covered_lines": 3, "num_statements": 3, "percent_covered": 100.0, "percent_covered_display": "100.00", "missing_lines": 0, "excluded_lines": 0, "percent_statements_covered": 100.0, "percent_statements_covered_display": "100.00"}, "missing_lines": [], "excluded_lines": [], "start_line": 1}}}, "src\\anivault\\app\\use_cases\\match_use_case.py": {"executed_lines": [6, 8, 9, 10, 12, 13, 18, 19, 20, 23, 26, 28, 61, 67, 68, 69, 71, 72, 73, 74, 79, 81, 85, 90, 92, 98, 99, 100, 102, 104, 108, 111, 115, 117, 119, 123], "summary": {"covered_lines": 36, "num_statements": 42, "percent_covered": 85.71428571428571, "percent_covered_display": "85.71", "missing_lines": 6, "excluded_lines": 29, "percent_statements_covered": 85.71428571428571, "percent_statements_covered_display": "85.71"}, "missing_lines": [80, 82, 83, 103, 105, 109], "excluded_lines": [30, 31, 32, 33, 34, 35, 36, 37, 38, 39, 40, 41, 42, 43, 44, 45, 46, 47, 48, 49, 50, 51, 52, 54, 55, 56, 57, 58, 59], "functions": {"MatchUseCase.__init__": {"executed_lines": [28], "summary": {"covered_lines": 1, "num_statements": 1, "percent_covered": 100.0, "percent_covered_display": "100.00", "missing_lines": 0, "excluded_lines": 0, "percent_statements_covered": 100.0, "percent_statements_covered_display": "100.00"}, "missing_lines": [], "excluded_lines": [], "start_line": 26}, "MatchUseCase.execute": {"executed_lines": [], "summary": {"covered_lines": 0, "num_statements": 0, "percent_covered": 100.0, "percent_covered_display": "100.00", "missing_lines": 0, "excluded_lines": 17, "percent_statements_covered": 100.0, "percent_statements_covered_display": "100.00"}, "missing_lines": [], "excluded_lines": [36, 37, 38, 39, 40, 41, 42, 43, 44, 45, 46, 47, 48, 49, 50, 51, 52], "start_line": 30}, "MatchUseCase._find_anime_files": {"executed_lines": [], "summary": {"covered_lines": 0, "num_statements": 0, "percent_covered": 100.0, "percent_covered_display": "100.00", "missing_lines": 0, "excluded_lines": 5, "percent_statements_covered": 100.0, "percent_statements_covered_display": "100.00"}, "missing_lines": [], "excluded_lines": [55, 56, 57, 58, 59], "start_line": 54}, "MatchUseCase._process_files": {"executed_lines": [67, 68, 69, 71, 85, 90], "summary": {"covered_lines": 6, "num_statements": 6, "percent_covered": 100.0, "percent_covered_display": "100.00", "missing_lines": 0, "excluded_lines": 0, "percent_statements_covered": 100.0, "percent_statements_covered_display": "100.00"}, "missing_lines": [], "excluded_lines": [], "start_line": 61}, "MatchUseCase._process_files.process_one": {"executed_lines": [72, 73, 74, 79, 81], "summary": {"covered_lines": 5, "num_statements": 8, "percent_covered": 62.5, "percent_covered_display": "62.50", "missing_lines": 3, "excluded_lines": 0, "percent_statements_covered": 62.5, "percent_statements_covered_display": "62.50"}, "missing_lines": [80, 82, 83], "excluded_lines": [], "start_line": 71}, "MatchUseCase._convert_results": {"executed_lines": [98, 99, 100, 102, 104, 108, 111, 115], "summary": {"covered_lines": 8, "num_statements": 11, "percent_covered": 72.72727272727273, "percent_covered_display": "72.73", "missing_lines": 3, "excluded_lines": 0, "percent_statements_covered": 72.72727272727273, "percent_statements_covered_display": "72.73"}, "missing_lines": [103, 105, 109], "excluded_lines": [], "start_line": 92}, "MatchUseCase._error_metadata": {"executed_lines": [119, 123], "summary": {"covered_lines": 2, "num_statements": 2, "percent_covered": 100.0, "percent_covered_display": "100.00", "missing_lines": 0, "excluded_lines": 0, "percent_statements_covered": 100.0, "percent_statements_covered_display": "100.00"}, "missing_lines": [], "excluded_lines": [], "start_line": 117}, "": {"executed_lines": [6, 8, 9, 10, 12, 13, 18, 19, 20, 23, 26, 61, 92, 117], "summary": {"covered_lines": 14, "num_statements": 14, "percent_covered": 100.0, "percent_covered_display": "100.00", "missing_lines": 0, "excluded_lines": 7, "percent_statements_covered": 100.0, "percent_statements_covered_display": "100.00"}, "missing_lines": [], "excluded_lines": [30, 31, 32, 33, 34, 35, 54], "start_line": 1}}, "classes": {"MatchUseCase": {"executed_lines": [28, 67, 68, 69, 71, 72, 73, 74, 79, 81, 85, 90, 98, 99, 100, 102, 104, 108, 111, 115, 119, 123], "summary": {"covered_lines": 22, "num_statements": 28, "percent_covered": 78.57142857142857, "percent_covered_display": "78.57", "missing_lines": 6, "excluded_lines": 22, "percent_statements_covered": 78.57142857142857, "percent_statements_covered_display": "78.57"}, "missing_lines": [80, 82, 83, 103, 105, 109], "excluded_lines": [36, 37, 38, 39, 40, 41, 42, 43, 44, 45, 46, 47, 48, 49, 50, 51, 52, 55, 56, 57, 58, 59], "start_line": 23}, "": {"executed_lines": [6, 8, 9, 10, 12, 13, 18, 19, 20, 23, 26, 61, 92, 117], "summary": {"covered_lines": 14, "num_statements": 14, "percent_covered": 100.0, "percent_covered_display": "100.00", "missing_lines": 0, "excluded_lines": 7, "percent_statements_covered": 100.0, "percent_statements_covered_display": "100.00"}, "missing_lines": [], "excluded_lines": [30, 31, 32, 33, 34, 35, 54], "start_line": 1}}}, "src\\anivault\\app\\use_cases\\organize_use_case.py": {"executed_lines": [6, 8, 10, 11, 12, 15, 18, 21, 22, 23, 24, 27, 30, 66, 81, 83, 97, 99], "summary": {"covered_lines": 18, "num_statements": 26, "percent_covered": 69.23076923076923, "percent_covered_display": "69.23", "missing_lines": 8, "excluded_lines": 0, "percent_statements_covered": 69.23076923076923, "percent_statements_covered_display": "69.23"}, "missing_lines": [48, 55, 56, 57, 58, 62, 64, 116], "excluded_lines": [], "functions": {"OrganizeUseCase.scan": {"executed_lines": [], "summary": {"covered_lines": 0, "num_statements": 7, "percent_covered": 0.0, "percent_covered_display": "0.00", "missing_lines": 7, "excluded_lines": 0, "percent_statements_covered": 0.0, "percent_statements_covered_display": "0.00"}, "missing_lines": [48, 55, 56, 57, 58, 62, 64], "excluded_lines": [], "start_line": 30}, "OrganizeUseCase.generate_plan": {"executed_lines": [81], "summary": {"covered_lines": 1, "num_statements": 1, "percent_covered": 100.0, "percent_covered_display": "100.00", "missing_lines": 0, "excluded_lines": 0, "percent_statements_covered": 100.0, "percent_statements_covered_display": "100.00"}, "missing_lines": [], "excluded_lines": [], "start_line": 66}, "OrganizeUseCase.generate_enhanced_plan": {"executed_lines": [97], "summary": {"covered_lines": 1, "num_statements": 1, "percent_covered": 100.0, "percent_covered_display": "100.00", "missing_lines": 0, "excluded_lines": 0, "percent_statements_covered": 100.0, "percent_statements_covered_display": "100.00"}, "missing_lines": [], "excluded_lines": [], "start_line": 83}, "OrganizeUseCase.execute_plan": {"executed_lines": [], "summary": {"covered_lines": 0, "num_statements": 1, "percent_covered": 0.0, "percent_covered_display": "0.00", "missing_lines": 1, "excluded_lines": 0, "percent_statements_covered": 0.0, "percent_statements_covered_display": "0.00"}, "missing_lines": [116], "excluded_lines": [], "start_line": 99}, "": {"executed_lines": [6, 8, 10, 11, 12, 15, 18, 21, 22, 23, 24, 27, 30, 66, 83, 99], "summary": {"covered_lines": 16, "num_statements": 16, "percent_covered": 100.0, "percent_covered_display": "100.00", "missing_lines": 0, "excluded_lines": 0, "percent_statements_covered": 100.0, "percent_statements_covered_display": "100.00"}, "missing_lines": [], "excluded_lines": [], "start_line": 1}}, "classes": {"OrganizeUseCase": {"executed_lines": [81, 97], "summary": {"covered_lines": 2, "num_statements": 10, "percent_covered": 20.0, "percent_covered_display": "20.00", "missing_lines": 8, "excluded_lines": 0, "percent_statements_covered": 20.0, "percent_statements_covered_display": "20.00"}, "missing_lines": [48, 55, 56, 57, 58, 62, 64, 116], "excluded_lines": [], "start_line": 27}, "": {"executed_lines": [6, 8, 10, 11, 12, 15, 18, 21, 22, 23, 24, 27, 30, 66, 83, 99], "summary": {"covered_lines": 16, "num_statements": 16, "percent_covered": 100.0, "percent_covered_display": "100.00", "missing_lines": 0, "excluded_lines": 0, "percent_statements_covered": 100.0, "percent_statements_covered_display": "100.00"}, "missing_lines": [], "excluded_lines": [], "start_line": 1}}}, "src\\anivault\\cli\\__init__.py": {"executed_lines": [], "summary": {"covered_lines": 0, "num_statements": 0, "percent_covered": 100.0, "percent_covered_display": "100.00", "missing_lines": 0, "excluded_lines": 0, "percent_statements_covered": 100.0, "percent_statements_covered_display": "100.00"}, "missing_lines": [], "excluded_lines": [], "functions": {"": {"executed_lines": [], "summary": {"covered_lines": 0, "num_statements": 0, "percent_covered": 100.0, "percent_covered_display": "100.00", "missing_lines": 0, "excluded_lines": 0, "percent_statements_covered": 100.0, "percent_statements_covered_display": "100.00"}, "missing_lines": [], "excluded_lines": [], "start_line": 1}}, "classes": {"": {"executed_lines": [], "summary": {"covered_lines": 0, "num_statements": 0, "percent_covered": 100.0, "percent_covered_display": "100.00", "missing_lines": 0, "excluded_lines": 0, "percent_statements_covered": 100.0, "percent_statements_covered_display": "100.00"}, "missing_lines": [], "excluded_lines": [], "start_line": 1}}}, "src\\anivault\\cli\\common\\__init__.py": {"executed_lines": [8], "summary": {"covered_lines": 1, "num_statements": 1, "percent_covered": 100.0, "percent_covered_display": "100.00", "missing_lines": 0, "excluded_lines": 0, "percent_statements_covered": 100.0, "percent_statements_covered_display": "100.00"}, "missing_lines": [], "excluded_lines": [], "functions": {"": {"executed_lines": [8], "summary": {"covered_lines": 1, "num_statements": 1, "percent_covered": 100.0, "percent_covered_display": "100.00", "missing_lines": 0, "excluded_lines": 0, "percent_statements_covered": 100.0, "percent_statements_covered_display": "100.00"}, "missing_lines": [], "excluded_lines": [], "start_line": 1}}, "classes": {"": {"executed_lines": [8], "summary": {"covered_lines": 1, "num_statements": 1, "percent_covered": 100.0, "percent_covered_display": "100.00", "missing_lines": 0, "excluded_lines": 0, "percent_statements_covered": 100.0, "percent_statements_covered_display": "100.00"}, "missing_lines": [], "excluded_lines": [], "start_line": 1}}}, "src\\anivault\\cli\\common\\context.py": {"executed_lines": [14, 16, 17, 18, 20, 22, 25, 28, 29, 30, 31, 32, 35, 50, 56, 61, 66, 71, 73, 75, 84, 85, 87, 89, 91, 93, 95, 97, 99, 102, 117, 118, 120, 122, 123, 132, 133, 142, 146, 152, 166, 167, 168, 171, 174, 184, 187, 189], "summary": {"covered_lines": 48, "num_statements": 48, "percent_covered": 100.0, "percent_covered_display": "100.00", "missing_lines": 0, "excluded_lines": 0, "percent_statements_covered": 100.0, "percent_statements_covered_display": "100.00"}, "missing_lines": [], "excluded_lines": [], "functions": {"CliContext.is_verbose": {"executed_lines": [73], "summary": {"covered_lines": 1, "num_statements": 1, "percent_covered": 100.0, "percent_covered_display": "100.00", "missing_lines": 0, "excluded_lines": 0, "percent_statements_covered": 100.0, "percent_statements_covered_display": "100.00"}, "missing_lines": [], "excluded_lines": [], "start_line": 71}, "CliContext.get_effective_log_level": {"executed_lines": [84, 85, 87], "summary": {"covered_lines": 3, "num_statements": 3, "percent_covered": 100.0, "percent_covered_display": "100.00", "missing_lines": 0, "excluded_lines": 0, "percent_statements_covered": 100.0, "percent_statements_covered_display": "100.00"}, "missing_lines": [], "excluded_lines": [], "start_line": 75}, "CliContext.is_json_output_enabled": {"executed_lines": [91], "summary": {"covered_lines": 1, "num_statements": 1, "percent_covered": 100.0, "percent_covered_display": "100.00", "missing_lines": 0, "excluded_lines": 0, "percent_statements_covered": 100.0, "percent_statements_covered_display": "100.00"}, "missing_lines": [], "excluded_lines": [], "start_line": 89}, "CliContext.is_verbose_output_enabled": {"executed_lines": [95], "summary": {"covered_lines": 1, "num_statements": 1, "percent_covered": 100.0, "percent_covered_display": "100.00", "missing_lines": 0, "excluded_lines": 0, "percent_statements_covered": 100.0, "percent_statements_covered_display": "100.00"}, "missing_lines": [], "excluded_lines": [], "start_line": 93}, "CliContext.is_benchmark_enabled": {"executed_lines": [99], "summary": {"covered_lines": 1, "num_statements": 1, "percent_covered": 100.0, "percent_covered_display": "100.00", "missing_lines": 0, "excluded_lines": 0, "percent_statements_covered": 100.0, "percent_statements_covered_display": "100.00"}, "missing_lines": [], "excluded_lines": [], "start_line": 97}, "validate_directory": {"executed_lines": [117, 118, 120, 122, 123, 132, 133, 142], "summary": {"covered_lines": 8, "num_statements": 8, "percent_covered": 100.0, "percent_covered_display": "100.00", "missing_lines": 0, "excluded_lines": 0, "percent_statements_covered": 100.0, "percent_statements_covered_display": "100.00"}, "missing_lines": [], "excluded_lines": [], "start_line": 102}, "get_cli_context": {"executed_lines": [166, 167, 168, 171], "summary": {"covered_lines": 4, "num_statements": 4, "percent_covered": 100.0, "percent_covered_display": "100.00", "missing_lines": 0, "excluded_lines": 0, "percent_statements_covered": 100.0, "percent_statements_covered_display": "100.00"}, "missing_lines": [], "excluded_lines": [], "start_line": 152}, "set_cli_context": {"executed_lines": [184], "summary": {"covered_lines": 1, "num_statements": 1, "percent_covered": 100.0, "percent_covered_display": "100.00", "missing_lines": 0, "excluded_lines": 0, "percent_statements_covered": 100.0, "percent_statements_covered_display": "100.00"}, "missing_lines": [], "excluded_lines": [], "start_line": 174}, "clear_cli_context": {"executed_lines": [189], "summary": {"covered_lines": 1, "num_statements": 1, "percent_covered": 100.0, "percent_covered_display": "100.00", "missing_lines": 0, "excluded_lines": 0, "percent_statements_covered": 100.0, "percent_statements_covered_display": "100.00"}, "missing_lines": [], "excluded_lines": [], "start_line": 187}, "": {"executed_lines": [14, 16, 17, 18, 20, 22, 25, 28, 29, 30, 31, 32, 35, 50, 56, 61, 66, 71, 75, 89, 93, 97, 102, 146, 152, 174, 187], "summary": {"covered_lines": 27, "num_statements": 27, "percent_covered": 100.0, "percent_covered_display": "100.00", "missing_lines": 0, "excluded_lines": 0, "percent_statements_covered": 100.0, "percent_statements_covered_display": "100.00"}, "missing_lines": [], "excluded_lines": [], "start_line": 1}}, "classes": {"LogLevel": {"executed_lines": [], "summary": {"covered_lines": 0, "num_statements": 0, "percent_covered": 100.0, "percent_covered_display": "100.00", "missing_lines": 0, "excluded_lines": 0, "percent_statements_covered": 100.0, "percent_statements_covered_display": "100.00"}, "missing_lines": [], "excluded_lines": [], "start_line": 25}, "CliContext": {"executed_lines": [73, 84, 85, 87, 91, 95, 99], "summary": {"covered_lines": 7, "num_statements": 7, "percent_covered": 100.0, "percent_covered_display": "100.00", "missing_lines": 0, "excluded_lines": 0, "percent_statements_covered": 100.0, "percent_statements_covered_display": "100.00"}, "missing_lines": [], "excluded_lines": [], "start_line": 35}, "": {"executed_lines": [14, 16, 17, 18, 20, 22, 25, 28, 29, 30, 31, 32, 35, 50, 56, 61, 66, 71, 75, 89, 93, 97, 102, 117, 118, 120, 122, 123, 132, 133, 142, 146, 152, 166, 167, 168, 171, 174, 184, 187, 189], "summary": {"covered_lines": 41, "num_statements": 41, "percent_covered": 100.0, "percent_covered_display": "100.00", "missing_lines": 0, "excluded_lines": 0, "percent_statements_covered": 100.0, "percent_statements_covered_display": "100.00"}, "missing_lines": [], "excluded_lines": [], "start_line": 1}}}, "src\\anivault\\cli\\common\\error_handler.py": {"executed_lines": [8, 10, 11, 12, 13, 15, 16, 17, 27, 30, 48, 54, 55, 57, 58, 60, 63, 79, 80, 81, 82, 84, 87, 94, 101, 108, 109, 110, 113, 114, 115, 123, 124, 125, 126, 140, 147, 148, 154, 162, 171, 172, 174, 177, 184, 185, 196, 197, 198, 203, 217, 226, 227, 228, 231, 253, 269, 271, 272, 273, 274, 276, 277, 284, 286, 289, 290, 291, 298, 299, 301, 302, 303, 310, 311, 313, 314, 315, 322, 323, 326, 329, 341, 342, 343, 345, 348, 360, 361, 371], "summary": {"covered_lines": 90, "num_statements": 101, "percent_covered": 89.10891089108911, "percent_covered_display": "89.11", "missing_lines": 11, "excluded_lines": 0, "percent_statements_covered": 89.10891089108911, "percent_statements_covered_display": "89.11"}, "missing_lines": [132, 133, 199, 200, 238, 244, 249, 250, 292, 304, 316], "excluded_lines": [], "functions": {"format_json_output": {"executed_lines": [48, 54, 55, 57, 58, 60], "summary": {"covered_lines": 6, "num_statements": 6, "percent_covered": 100.0, "percent_covered_display": "100.00", "missing_lines": 0, "excluded_lines": 0, "percent_statements_covered": 100.0, "percent_statements_covered_display": "100.00"}, "missing_lines": [], "excluded_lines": [], "start_line": 30}, "handle_cli_error": {"executed_lines": [79, 80, 81, 82, 84], "summary": {"covered_lines": 5, "num_statements": 5, "percent_covered": 100.0, "percent_covered_display": "100.00", "missing_lines": 0, "excluded_lines": 0, "percent_statements_covered": 100.0, "percent_statements_covered_display": "100.00"}, "missing_lines": [], "excluded_lines": [], "start_line": 63}, "_create_error_context": {"executed_lines": [94], "summary": {"covered_lines": 1, "num_statements": 1, "percent_covered": 100.0, "percent_covered_display": "100.00", "missing_lines": 0, "excluded_lines": 0, "percent_statements_covered": 100.0, "percent_statements_covered_display": "100.00"}, "missing_lines": [], "excluded_lines": [], "start_line": 87}, "_map_error_to_cli_error": {"executed_lines": [108, 109, 110, 113, 114, 115, 123, 124, 125, 126], "summary": {"covered_lines": 10, "num_statements": 12, "percent_covered": 83.33333333333333, "percent_covered_display": "83.33", "missing_lines": 2, "excluded_lines": 0, "percent_statements_covered": 83.33333333333333, "percent_statements_covered_display": "83.33"}, "missing_lines": [132, 133], "excluded_lines": [], "start_line": 101}, "_log_error": {"executed_lines": [147, 148, 154], "summary": {"covered_lines": 3, "num_statements": 3, "percent_covered": 100.0, "percent_covered_display": "100.00", "missing_lines": 0, "excluded_lines": 0, "percent_statements_covered": 100.0, "percent_statements_covered_display": "100.00"}, "missing_lines": [], "excluded_lines": [], "start_line": 140}, "_output_error": {"executed_lines": [171, 172, 174], "summary": {"covered_lines": 3, "num_statements": 3, "percent_covered": 100.0, "percent_covered_display": "100.00", "missing_lines": 0, "excluded_lines": 0, "percent_statements_covered": 100.0, "percent_statements_covered_display": "100.00"}, "missing_lines": [], "excluded_lines": [], "start_line": 162}, "_output_json_error": {"executed_lines": [184, 185, 196, 197, 198], "summary": {"covered_lines": 5, "num_statements": 7, "percent_covered": 71.42857142857143, "percent_covered_display": "71.43", "missing_lines": 2, "excluded_lines": 0, "percent_statements_covered": 71.42857142857143, "percent_statements_covered_display": "71.43"}, "missing_lines": [199, 200], "excluded_lines": [], "start_line": 177}, "_write_json_error": {"executed_lines": [217, 226, 227, 228], "summary": {"covered_lines": 4, "num_statements": 4, "percent_covered": 100.0, "percent_covered_display": "100.00", "missing_lines": 0, "excluded_lines": 0, "percent_statements_covered": 100.0, "percent_statements_covered_display": "100.00"}, "missing_lines": [], "excluded_lines": [], "start_line": 203}, "_handle_json_output_error": {"executed_lines": [], "summary": {"covered_lines": 0, "num_statements": 4, "percent_covered": 0.0, "percent_covered_display": "0.00", "missing_lines": 4, "excluded_lines": 0, "percent_statements_covered": 0.0, "percent_statements_covered_display": "0.00"}, "missing_lines": [238, 244, 249, 250], "excluded_lines": [], "start_line": 231}, "handle_specific_exceptions": {"executed_lines": [269, 271, 272, 273, 274, 276, 277, 284, 286, 289, 290, 291, 298, 299, 301, 302, 303, 310, 311, 313, 314, 315, 322, 323, 326], "summary": {"covered_lines": 25, "num_statements": 28, "percent_covered": 89.28571428571429, "percent_covered_display": "89.29", "missing_lines": 3, "excluded_lines": 0, "percent_statements_covered": 89.28571428571429, "percent_statements_covered_display": "89.29"}, "missing_lines": [292, 304, 316], "excluded_lines": [], "start_line": 253}, "log_cli_operation_success": {"executed_lines": [341, 342, 343, 345], "summary": {"covered_lines": 4, "num_statements": 4, "percent_covered": 100.0, "percent_covered_display": "100.00", "missing_lines": 0, "excluded_lines": 0, "percent_statements_covered": 100.0, "percent_statements_covered_display": "100.00"}, "missing_lines": [], "excluded_lines": [], "start_line": 329}, "log_cli_operation_error": {"executed_lines": [360, 361, 371], "summary": {"covered_lines": 3, "num_statements": 3, "percent_covered": 100.0, "percent_covered_display": "100.00", "missing_lines": 0, "excluded_lines": 0, "percent_statements_covered": 100.0, "percent_statements_covered_display": "100.00"}, "missing_lines": [], "excluded_lines": [], "start_line": 348}, "": {"executed_lines": [8, 10, 11, 12, 13, 15, 16, 17, 27, 30, 63, 87, 101, 140, 162, 177, 203, 231, 253, 329, 348], "summary": {"covered_lines": 21, "num_statements": 21, "percent_covered": 100.0, "percent_covered_display": "100.00", "missing_lines": 0, "excluded_lines": 0, "percent_statements_covered": 100.0, "percent_statements_covered_display": "100.00"}, "missing_lines": [], "excluded_lines": [], "start_line": 1}}, "classes": {"": {"executed_lines": [8, 10, 11, 12, 13, 15, 16, 17, 27, 30, 48, 54, 55, 57, 58, 60, 63, 79, 80, 81, 82, 84, 87, 94, 101, 108, 109, 110, 113, 114, 115, 123, 124, 125, 126, 140, 147, 148, 154, 162, 171, 172, 174, 177, 184, 185, 196, 197, 198, 203, 217, 226, 227, 228, 231, 253, 269, 271, 272, 273, 274, 276, 277, 284, 286, 289, 290, 291, 298, 299, 301, 302, 303, 310, 311, 313, 314, 315, 322, 323, 326, 329, 341, 342, 343, 345, 348, 360, 361, 371], "summary": {"covered_lines": 90, "num_statements": 101, "percent_covered": 89.10891089108911, "percent_covered_display": "89.11", "missing_lines": 11, "excluded_lines": 0, "percent_statements_covered": 89.10891089108911, "percent_statements_covered_display": "89.11"}, "missing_lines": [132, 133, 199, 200, 238, 244, 249, 250, 292, 304, 316], "excluded_lines": [], "start_line": 1}}}, "src\\anivault\\cli\\common\\models.py": {"executed_lines": [7, 9, 20], "summary": {"covered_lines": 3, "num_statements": 3, "percent_covered": 100.0, "percent_covered_display": "100.00", "missing_lines": 0, "excluded_lines": 0, "percent_statements_covered": 100.0, "percent_statements_covered_display": "100.00"}, "missing_lines": [], "excluded_lines": [], "functions": {"": {"executed_lines": [7, 9, 20], "summary": {"covered_lines": 3, "num_statements": 3, "percent_covered": 100.0, "percent_covered_display": "100.00", "missing_lines": 0, "excluded_lines": 0, "percent_statements_covered": 100.0, "percent_statements_covered_display": "100.00"}, "missing_lines": [], "excluded_lines": [], "start_line": 1}}, "classes": {"": {"executed_lines": [7, 9, 20], "summary": {"covered_lines": 3, "num_statements": 3, "percent_covered": 100.0, "percent_covered_display": "100.00", "missing_lines": 0, "excluded_lines": 0, "percent_statements_covered": 100.0, "percent_statements_covered_display": "100.00"}, "missing_lines": [], "excluded_lines": [], "start_line": 1}}}, "src\\anivault\\cli\\common\\options.py": {"executed_lines": [14, 16, 18, 20, 23, 35, 46, 56, 66], "summary": {"covered_lines": 9, "num_statements": 9, "percent_covered": 100.0, "percent_covered_display": "100.00", "missing_lines": 0, "excluded_lines": 0, "percent_statements_covered": 100.0, "percent_statements_covered_display": "100.00"}, "missing_lines": [], "excluded_lines": [], "functions": {"": {"executed_lines": [14, 16, 18, 20, 23, 35, 46, 56, 66], "summary": {"covered_lines": 9, "num_statements": 9, "percent_covered": 100.0, "percent_covered_display": "100.00", "missing_lines": 0, "excluded_lines": 0, "percent_statements_covered": 100.0, "percent_statements_covered_display": "100.00"}, "missing_lines": [], "excluded_lines": [], "start_line": 1}}, "classes": {"": {"executed_lines": [14, 16, 18, 20, 23, 35, 46, 56, 66], "summary": {"covered_lines": 9, "num_statements": 9, "percent_covered": 100.0, "percent_covered_display": "100.00", "missing_lines": 0, "excluded_lines": 0, "percent_statements_covered": 100.0, "percent_statements_covered_display": "100.00"}, "missing_lines": [], "excluded_lines": [], "start_line": 1}}}, "src\\anivault\\cli\\common\\path_utils.py": {"executed_lines": [7, 9, 10, 13, 37, 39], "summary": {"covered_lines": 6, "num_statements": 7, "percent_covered": 85.71428571428571, "percent_covered_display": "85.71", "missing_lines": 1, "excluded_lines": 0, "percent_statements_covered": 85.71428571428571, "percent_statements_covered_display": "85.71"}, "missing_lines": [41], "excluded_lines": [], "functions": {"extract_directory_path": {"executed_lines": [37, 39], "summary": {"covered_lines": 2, "num_statements": 3, "percent_covered": 66.66666666666667, "percent_covered_display": "66.67", "missing_lines": 1, "excluded_lines": 0, "percent_statements_covered": 66.66666666666667, "percent_statements_covered_display": "66.67"}, "missing_lines": [41], "excluded_lines": [], "start_line": 13}, "": {"executed_lines": [7, 9, 10, 13], "summary": {"covered_lines": 4, "num_statements": 4, "percent_covered": 100.0, "percent_covered_display": "100.00", "missing_lines": 0, "excluded_lines": 0, "percent_statements_covered": 100.0, "percent_statements_covered_display": "100.00"}, "missing_lines": [], "excluded_lines": [], "start_line": 1}}, "classes": {"": {"executed_lines": [7, 9, 10, 13, 37, 39], "summary": {"covered_lines": 6, "num_statements": 7, "percent_covered": 85.71428571428571, "percent_covered_display": "85.71", "missing_lines": 1, "excluded_lines": 0, "percent_statements_covered": 85.71428571428571, "percent_statements_covered_display": "85.71"}, "missing_lines": [41], "excluded_lines": [], "start_line": 1}}}, "src\\anivault\\cli\\common\\setup_decorator.py": {"executed_lines": [10, 12, 13, 14, 16, 18, 24, 29, 70, 71, 72, 74, 77, 78, 80, 85, 86, 91, 92, 95, 96, 97, 100, 101, 103, 104, 105, 108, 118, 119, 120, 122, 124, 126], "summary": {"covered_lines": 34, "num_statements": 35, "percent_covered": 97.14285714285714, "percent_covered_display": "97.14", "missing_lines": 1, "excluded_lines": 30, "percent_statements_covered": 97.14285714285714, "percent_statements_covered_display": "97.14"}, "missing_lines": [88], "excluded_lines": [26, 36, 129, 130, 131, 132, 133, 134, 135, 136, 137, 138, 139, 140, 141, 142, 143, 144, 145, 146, 147, 148, 149, 150, 151, 152, 153, 154, 155, 156], "functions": {"setup_handler": {"executed_lines": [70, 71, 126], "summary": {"covered_lines": 3, "num_statements": 3, "percent_covered": 100.0, "percent_covered_display": "100.00", "missing_lines": 0, "excluded_lines": 1, "percent_statements_covered": 100.0, "percent_statements_covered_display": "100.00"}, "missing_lines": [], "excluded_lines": [36], "start_line": 29}, "setup_handler.decorator": {"executed_lines": [72, 124], "summary": {"covered_lines": 2, "num_statements": 2, "percent_covered": 100.0, "percent_covered_display": "100.00", "missing_lines": 0, "excluded_lines": 0, "percent_statements_covered": 100.0, "percent_statements_covered_display": "100.00"}, "missing_lines": [], "excluded_lines": [], "start_line": 70}, "setup_handler.decorator.wrapper": {"executed_lines": [74, 77, 78, 80, 85, 86, 91, 92, 95, 96, 97, 100, 101, 103, 104, 105, 108, 118, 119, 120, 122], "summary": {"covered_lines": 21, "num_statements": 22, "percent_covered": 95.45454545454545, "percent_covered_display": "95.45", "missing_lines": 1, "excluded_lines": 0, "percent_statements_covered": 95.45454545454545, "percent_statements_covered_display": "95.45"}, "missing_lines": [88], "excluded_lines": [], "start_line": 72}, "_extract_options": {"executed_lines": [], "summary": {"covered_lines": 0, "num_statements": 0, "percent_covered": 100.0, "percent_covered_display": "100.00", "missing_lines": 0, "excluded_lines": 27, "percent_statements_covered": 100.0, "percent_statements_covered_display": "100.00"}, "missing_lines": [], "excluded_lines": [130, 131, 132, 133, 134, 135, 136, 137, 138, 139, 140, 141, 142, 143, 144, 145, 146, 147, 148, 149, 150, 151, 152, 153, 154, 155, 156], "start_line": 129}, "": {"executed_lines": [10, 12, 13, 14, 16, 18, 24, 29], "summary": {"covered_lines": 8, "num_statements": 8, "percent_covered": 100.0, "percent_covered_display": "100.00", "missing_lines": 0, "excluded_lines": 2, "percent_statements_covered": 100.0, "percent_statements_covered_display": "100.00"}, "missing_lines": [], "excluded_lines": [26, 129], "start_line": 1}}, "classes": {"": {"executed_lines": [10, 12, 13, 14, 16, 18, 24, 29, 70, 71, 72, 74, 77, 78, 80, 85, 86, 91, 92, 95, 96, 97, 100, 101, 103, 104, 105, 108, 118, 119, 120, 122, 124, 126], "summary": {"covered_lines": 34, "num_statements": 35, "percent_covered": 97.14285714285714, "percent_covered_display": "97.14", "missing_lines": 1, "excluded_lines": 30, "percent_statements_covered": 97.14285714285714, "percent_statements_covered_display": "97.14"}, "missing_lines": [88], "excluded_lines": [26, 36, 129, 130, 131, 132, 133, 134, 135, 136, 137, 138, 139, 140, 141, 142, 143, 144, 145, 146, 147, 148, 149, 150, 151, 152, 153, 154, 155, 156], "start_line": 1}}}, "src\\anivault\\cli\\helpers\\__init__.py": {"executed_lines": [7, 10, 16, 24, 37, 45, 51], "summary": {"covered_lines": 7, "num_statements": 7, "percent_covered": 100.0, "percent_covered_display": "100.00", "missing_lines": 0, "excluded_lines": 0, "percent_statements_covered": 100.0, "percent_statements_covered_display": "100.00"}, "missing_lines": [], "excluded_lines": [], "functions": {"": {"executed_lines": [7, 10, 16, 24, 37, 45, 51], "summary": {"covered_lines": 7, "num_statements": 7, "percent_covered": 100.0, "percent_covered_display": "100.00", "missing_lines": 0, "excluded_lines": 0, "percent_statements_covered": 100.0, "percent_statements_covered_display": "100.00"}, "missing_lines": [], "excluded_lines": [], "start_line": 1}}, "classes": {"": {"executed_lines": [7, 10, 16, 24, 37, 45, 51], "summary": {"covered_lines": 7, "num_statements": 7, "percent_covered": 100.0, "percent_covered_display": "100.00", "missing_lines": 0, "excluded_lines": 0, "percent_statements_covered": 100.0, "percent_statements_covered_display": "100.00"}, "missing_lines": [], "excluded_lines": [], "start_line": 1}}}, "src\\anivault\\cli\\helpers\\format_utils.py": {"executed_lines": [6, 8, 11, 20, 22, 23, 24, 25, 26, 29, 38, 39, 40, 41], "summary": {"covered_lines": 14, "num_statements": 14, "percent_covered": 100.0, "percent_covered_display": "100.00", "missing_lines": 0, "excluded_lines": 0, "percent_statements_covered": 100.0, "percent_statements_covered_display": "100.00"}, "missing_lines": [], "excluded_lines": [], "functions": {"format_size": {"executed_lines": [20, 22, 23, 24, 25, 26], "summary": {"covered_lines": 6, "num_statements": 6, "percent_covered": 100.0, "percent_covered_display": "100.00", "missing_lines": 0, "excluded_lines": 0, "percent_statements_covered": 100.0, "percent_statements_covered_display": "100.00"}, "missing_lines": [], "excluded_lines": [], "start_line": 11}, "get_file_size": {"executed_lines": [38, 39, 40, 41], "summary": {"covered_lines": 4, "num_statements": 4, "percent_covered": 100.0, "percent_covered_display": "100.00", "missing_lines": 0, "excluded_lines": 0, "percent_statements_covered": 100.0, "percent_statements_covered_display": "100.00"}, "missing_lines": [], "excluded_lines": [], "start_line": 29}, "": {"executed_lines": [6, 8, 11, 29], "summary": {"covered_lines": 4, "num_statements": 4, "percent_covered": 100.0, "percent_covered_display": "100.00", "missing_lines": 0, "excluded_lines": 0, "percent_statements_covered": 100.0, "percent_statements_covered_display": "100.00"}, "missing_lines": [], "excluded_lines": [], "start_line": 1}}, "classes": {"": {"executed_lines": [6, 8, 11, 20, 22, 23, 24, 25, 26, 29, 38, 39, 40, 41], "summary": {"covered_lines": 14, "num_statements": 14, "percent_covered": 100.0, "percent_covered_display": "100.00", "missing_lines": 0, "excluded_lines": 0, "percent_statements_covered": 100.0, "percent_statements_covered_display": "100.00"}, "missing_lines": [], "excluded_lines": [], "start_line": 1}}}, "src\\anivault\\cli\\helpers\\log.py": {"executed_lines": [7, 9, 10, 11, 12, 17, 18, 20, 21, 22, 29, 32, 45, 47, 48, 55, 56, 57, 64, 67, 68, 69, 70, 71, 74, 77, 79, 89, 122, 132, 134, 135, 136, 139, 140, 141, 142, 145, 146, 147, 148, 151, 154, 155, 156, 157, 160, 163, 165, 167, 168, 180, 189, 190, 192, 193], "summary": {"covered_lines": 56, "num_statements": 67, "percent_covered": 83.58208955223881, "percent_covered_display": "83.58", "missing_lines": 11, "excluded_lines": 2, "percent_statements_covered": 83.58208955223881, "percent_statements_covered_display": "83.58"}, "missing_lines": [94, 95, 107, 108, 174, 175, 176, 177, 194, 195, 196], "excluded_lines": [14, 15], "functions": {"collect_log_list_data": {"executed_lines": [45, 47, 48, 55, 56, 57, 64, 67, 68, 69, 70, 71, 74, 77, 79, 89], "summary": {"covered_lines": 16, "num_statements": 20, "percent_covered": 80.0, "percent_covered_display": "80.00", "missing_lines": 4, "excluded_lines": 0, "percent_statements_covered": 80.0, "percent_statements_covered_display": "80.00"}, "missing_lines": [94, 95, 107, 108], "excluded_lines": [], "start_line": 32}, "print_log_list": {"executed_lines": [132, 134, 135, 136, 139, 140, 141, 142, 145, 146, 147, 148, 151, 154, 155, 156, 157, 160, 163, 165, 167, 168], "summary": {"covered_lines": 22, "num_statements": 26, "percent_covered": 84.61538461538461, "percent_covered_display": "84.62", "missing_lines": 4, "excluded_lines": 0, "percent_statements_covered": 84.61538461538461, "percent_statements_covered_display": "84.62"}, "missing_lines": [174, 175, 176, 177], "excluded_lines": [], "start_line": 122}, "_format_file_size": {"executed_lines": [189, 190, 192, 193], "summary": {"covered_lines": 4, "num_statements": 7, "percent_covered": 57.142857142857146, "percent_covered_display": "57.14", "missing_lines": 3, "excluded_lines": 0, "percent_statements_covered": 57.142857142857146, "percent_statements_covered_display": "57.14"}, "missing_lines": [194, 195, 196], "excluded_lines": [], "start_line": 180}, "": {"executed_lines": [7, 9, 10, 11, 12, 17, 18, 20, 21, 22, 29, 32, 122, 180], "summary": {"covered_lines": 14, "num_statements": 14, "percent_covered": 100.0, "percent_covered_display": "100.00", "missing_lines": 0, "excluded_lines": 2, "percent_statements_covered": 100.0, "percent_statements_covered_display": "100.00"}, "missing_lines": [], "excluded_lines": [14, 15], "start_line": 1}}, "classes": {"": {"executed_lines": [7, 9, 10, 11, 12, 17, 18, 20, 21, 22, 29, 32, 45, 47, 48, 55, 56, 57, 64, 67, 68, 69, 70, 71, 74, 77, 79, 89, 122, 132, 134, 135, 136, 139, 140, 141, 142, 145, 146, 147, 148, 151, 154, 155, 156, 157, 160, 163, 165, 167, 168, 180, 189, 190, 192, 193], "summary": {"covered_lines": 56, "num_statements": 67, "percent_covered": 83.58208955223881, "percent_covered_display": "83.58", "missing_lines": 11, "excluded_lines": 2, "percent_statements_covered": 83.58208955223881, "percent_statements_covered_display": "83.58"}, "missing_lines": [94, 95, 107, 108, 174, 175, 176, 177, 194, 195, 196], "excluded_lines": [14, 15], "start_line": 1}}}, "src\\anivault\\cli\\helpers\\match_formatters.py": {"executed_lines": [7, 9, 11, 12, 14, 15, 22, 25, 32, 33, 34, 36, 37, 38, 39, 40, 41, 43, 44, 45, 46, 48, 49, 50, 52, 53, 55, 57, 60, 70, 71, 72, 74, 95, 97, 98, 99, 102, 104, 105, 106, 107, 109, 110, 111, 113, 114, 116, 117, 119, 120, 122, 130, 137, 153, 154, 166, 169, 171, 172, 174, 175, 176, 177, 178, 180, 181, 182, 183, 185, 186, 187, 188, 190, 192, 194], "summary": {"covered_lines": 76, "num_statements": 76, "percent_covered": 100.0, "percent_covered_display": "100.00", "missing_lines": 0, "excluded_lines": 0, "percent_statements_covered": 100.0, "percent_statements_covered_display": "100.00"}, "missing_lines": [], "excluded_lines": [], "functions": {"display_match_results": {"executed_lines": [32, 33, 34, 36, 37, 38, 39, 40, 41, 43, 44, 45, 46, 48, 49, 50, 52, 53, 55, 57], "summary": {"covered_lines": 20, "num_statements": 20, "percent_covered": 100.0, "percent_covered_display": "100.00", "missing_lines": 0, "excluded_lines": 0, "percent_statements_covered": 100.0, "percent_statements_covered_display": "100.00"}, "missing_lines": [], "excluded_lines": [], "start_line": 25}, "collect_match_data": {"executed_lines": [70, 71, 72, 74], "summary": {"covered_lines": 4, "num_statements": 4, "percent_covered": 100.0, "percent_covered_display": "100.00", "missing_lines": 0, "excluded_lines": 0, "percent_statements_covered": 100.0, "percent_statements_covered_display": "100.00"}, "missing_lines": [], "excluded_lines": [], "start_line": 60}, "_calculate_success_rate": {"executed_lines": [97, 98, 99], "summary": {"covered_lines": 3, "num_statements": 3, "percent_covered": 100.0, "percent_covered_display": "100.00", "missing_lines": 0, "excluded_lines": 0, "percent_statements_covered": 100.0, "percent_statements_covered_display": "100.00"}, "missing_lines": [], "excluded_lines": [], "start_line": 95}, "_calculate_file_statistics": {"executed_lines": [104, 105, 106, 107, 109, 110, 111, 113, 114, 116, 117, 119, 120, 122], "summary": {"covered_lines": 14, "num_statements": 14, "percent_covered": 100.0, "percent_covered_display": "100.00", "missing_lines": 0, "excluded_lines": 0, "percent_statements_covered": 100.0, "percent_statements_covered_display": "100.00"}, "missing_lines": [], "excluded_lines": [], "start_line": 102}, "_build_file_info": {"executed_lines": [137, 153, 154, 166], "summary": {"covered_lines": 4, "num_statements": 4, "percent_covered": 100.0, "percent_covered_display": "100.00", "missing_lines": 0, "excluded_lines": 0, "percent_statements_covered": 100.0, "percent_statements_covered_display": "100.00"}, "missing_lines": [], "excluded_lines": [], "start_line": 130}, "_collect_matching_statistics": {"executed_lines": [171, 172, 174, 175, 176, 177, 178, 180, 181, 182, 183, 185, 186, 187, 188, 190, 192, 194], "summary": {"covered_lines": 18, "num_statements": 18, "percent_covered": 100.0, "percent_covered_display": "100.00", "missing_lines": 0, "excluded_lines": 0, "percent_statements_covered": 100.0, "percent_statements_covered_display": "100.00"}, "missing_lines": [], "excluded_lines": [], "start_line": 169}, "": {"executed_lines": [7, 9, 11, 12, 14, 15, 22, 25, 60, 95, 102, 130, 169], "summary": {"covered_lines": 13, "num_statements": 13, "percent_covered": 100.0, "percent_covered_display": "100.00", "missing_lines": 0, "excluded_lines": 0, "percent_statements_covered": 100.0, "percent_statements_covered_display": "100.00"}, "missing_lines": [], "excluded_lines": [], "start_line": 1}}, "classes": {"": {"executed_lines": [7, 9, 11, 12, 14, 15, 22, 25, 32, 33, 34, 36, 37, 38, 39, 40, 41, 43, 44, 45, 46, 48, 49, 50, 52, 53, 55, 57, 60, 70, 71, 72, 74, 95, 97, 98, 99, 102, 104, 105, 106, 107, 109, 110, 111, 113, 114, 116, 117, 119, 120, 122, 130, 137, 153, 154, 166, 169, 171, 172, 174, 175, 176, 177, 178, 180, 181, 182, 183, 185, 186, 187, 188, 190, 192, 194], "summary": {"covered_lines": 76, "num_statements": 76, "percent_covered": 100.0, "percent_covered_display": "100.00", "missing_lines": 0, "excluded_lines": 0, "percent_statements_covered": 100.0, "percent_statements_covered_display": "100.00"}, "missing_lines": [], "excluded_lines": [], "start_line": 1}}}, "src\\anivault\\cli\\helpers\\organize_formatters.py": {"executed_lines": [6, 8, 9, 11, 13, 14, 16, 19, 39, 40, 42, 43, 45, 46, 47, 49, 50, 52, 60, 62, 76, 78, 79, 81, 82, 83, 84, 85, 87, 90, 92, 93, 95, 96, 97, 98, 99, 102, 104], "summary": {"covered_lines": 39, "num_statements": 39, "percent_covered": 100.0, "percent_covered_display": "100.00", "missing_lines": 0, "excluded_lines": 0, "percent_statements_covered": 100.0, "percent_statements_covered_display": "100.00"}, "missing_lines": [], "excluded_lines": [], "functions": {"collect_organize_data": {"executed_lines": [39, 40, 42, 43, 45, 46, 47, 49, 50, 52, 60, 62], "summary": {"covered_lines": 12, "num_statements": 12, "percent_covered": 100.0, "percent_covered_display": "100.00", "missing_lines": 0, "excluded_lines": 0, "percent_statements_covered": 100.0, "percent_statements_covered_display": "100.00"}, "missing_lines": [], "excluded_lines": [], "start_line": 19}, "print_dry_run_plan": {"executed_lines": [78, 79, 81, 82, 83, 84, 85, 87], "summary": {"covered_lines": 8, "num_statements": 8, "percent_covered": 100.0, "percent_covered_display": "100.00", "missing_lines": 0, "excluded_lines": 0, "percent_statements_covered": 100.0, "percent_statements_covered_display": "100.00"}, "missing_lines": [], "excluded_lines": [], "start_line": 76}, "print_execution_plan": {"executed_lines": [92, 93, 95, 96, 97, 98, 99], "summary": {"covered_lines": 7, "num_statements": 7, "percent_covered": 100.0, "percent_covered_display": "100.00", "missing_lines": 0, "excluded_lines": 0, "percent_statements_covered": 100.0, "percent_statements_covered_display": "100.00"}, "missing_lines": [], "excluded_lines": [], "start_line": 90}, "_extract_operation_paths": {"executed_lines": [104], "summary": {"covered_lines": 1, "num_statements": 1, "percent_covered": 100.0, "percent_covered_display": "100.00", "missing_lines": 0, "excluded_lines": 0, "percent_statements_covered": 100.0, "percent_statements_covered_display": "100.00"}, "missing_lines": [], "excluded_lines": [], "start_line": 102}, "": {"executed_lines": [6, 8, 9, 11, 13, 14, 16, 19, 76, 90, 102], "summary": {"covered_lines": 11, "num_statements": 11, "percent_covered": 100.0, "percent_covered_display": "100.00", "missing_lines": 0, "excluded_lines": 0, "percent_statements_covered": 100.0, "percent_statements_covered_display": "100.00"}, "missing_lines": [], "excluded_lines": [], "start_line": 1}}, "classes": {"": {"executed_lines": [6, 8, 9, 11, 13, 14, 16, 19, 39, 40, 42, 43, 45, 46, 47, 49, 50, 52, 60, 62, 76, 78, 79, 81, 82, 83, 84, 85, 87, 90, 92, 93, 95, 96, 97, 98, 99, 102, 104], "summary": {"covered_lines": 39, "num_statements": 39, "percent_covered": 100.0, "percent_covered_display": "100.00", "missing_lines": 0, "excluded_lines": 0, "percent_statements_covered": 100.0, "percent_statements_covered_display": "100.00"}, "missing_lines": [], "excluded_lines": [], "start_line": 1}}}, "src\\anivault\\cli\\helpers\\scan.py": {"executed_lines": [7, 9, 10, 11, 12, 17, 19, 20, 21, 22, 23, 24, 25, 26, 27, 28, 29, 31, 33, 36, 44, 53, 56, 80, 83, 126, 139, 140, 156, 172, 173, 176, 180, 183, 185, 191, 194, 197, 200, 209, 210, 212, 213, 215, 218, 233], "summary": {"covered_lines": 46, "num_statements": 58, "percent_covered": 79.3103448275862, "percent_covered_display": "79.31", "missing_lines": 12, "excluded_lines": 8, "percent_statements_covered": 79.3103448275862, "percent_statements_covered_display": "79.31"}, "missing_lines": [104, 115, 116, 123, 230, 246, 247, 253, 254, 256, 257, 258], "excluded_lines": [14, 15, 57, 107, 108, 201, 205, 206], "functions": {"_dict_to_file_metadata": {"executed_lines": [53], "summary": {"covered_lines": 1, "num_statements": 1, "percent_covered": 100.0, "percent_covered_display": "100.00", "missing_lines": 0, "excluded_lines": 0, "percent_statements_covered": 100.0, "percent_statements_covered_display": "100.00"}, "missing_lines": [], "excluded_lines": [], "start_line": 44}, "_file_metadata_to_dict": {"executed_lines": [80], "summary": {"covered_lines": 1, "num_statements": 1, "percent_covered": 100.0, "percent_covered_display": "100.00", "missing_lines": 0, "excluded_lines": 1, "percent_statements_covered": 100.0, "percent_statements_covered_display": "100.00"}, "missing_lines": [], "excluded_lines": [57], "start_line": 56}, "run_scan_pipeline": {"executed_lines": [], "summary": {"covered_lines": 0, "num_statements": 4, "percent_covered": 0.0, "percent_covered_display": "0.00", "missing_lines": 4, "excluded_lines": 2, "percent_statements_covered": 0.0, "percent_statements_covered_display": "0.00"}, "missing_lines": [104, 115, 116, 123], "excluded_lines": [107, 108], "start_line": 83}, "_file_metadata_to_parsing_result": {"executed_lines": [139, 140], "summary": {"covered_lines": 2, "num_statements": 2, "percent_covered": 100.0, "percent_covered_display": "100.00", "missing_lines": 0, "excluded_lines": 0, "percent_statements_covered": 100.0, "percent_statements_covered_display": "100.00"}, "missing_lines": [], "excluded_lines": [], "start_line": 126}, "enrich_metadata": {"executed_lines": [172, 173, 176, 180, 183, 185, 191, 194, 197, 200, 209, 210, 212, 213, 215], "summary": {"covered_lines": 15, "num_statements": 15, "percent_covered": 100.0, "percent_covered_display": "100.00", "missing_lines": 0, "excluded_lines": 3, "percent_statements_covered": 100.0, "percent_statements_covered_display": "100.00"}, "missing_lines": [], "excluded_lines": [201, 205, 206], "start_line": 156}, "_extract_parsing_result_dict": {"executed_lines": [], "summary": {"covered_lines": 0, "num_statements": 1, "percent_covered": 0.0, "percent_covered_display": "0.00", "missing_lines": 1, "excluded_lines": 0, "percent_statements_covered": 0.0, "percent_statements_covered_display": "0.00"}, "missing_lines": [230], "excluded_lines": [], "start_line": 218}, "_extract_enriched_metadata_dict": {"executed_lines": [], "summary": {"covered_lines": 0, "num_statements": 7, "percent_covered": 0.0, "percent_covered_display": "0.00", "missing_lines": 7, "excluded_lines": 0, "percent_statements_covered": 0.0, "percent_statements_covered_display": "0.00"}, "missing_lines": [246, 247, 253, 254, 256, 257, 258], "excluded_lines": [], "start_line": 233}, "": {"executed_lines": [7, 9, 10, 11, 12, 17, 19, 20, 21, 22, 23, 24, 25, 26, 27, 28, 29, 31, 33, 36, 44, 56, 83, 126, 156, 218, 233], "summary": {"covered_lines": 27, "num_statements": 27, "percent_covered": 100.0, "percent_covered_display": "100.00", "missing_lines": 0, "excluded_lines": 2, "percent_statements_covered": 100.0, "percent_statements_covered_display": "100.00"}, "missing_lines": [], "excluded_lines": [14, 15], "start_line": 1}}, "classes": {"": {"executed_lines": [7, 9, 10, 11, 12, 17, 19, 20, 21, 22, 23, 24, 25, 26, 27, 28, 29, 31, 33, 36, 44, 53, 56, 80, 83, 126, 139, 140, 156, 172, 173, 176, 180, 183, 185, 191, 194, 197, 200, 209, 210, 212, 213, 215, 218, 233], "summary": {"covered_lines": 46, "num_statements": 58, "percent_covered": 79.3103448275862, "percent_covered_display": "79.31", "missing_lines": 12, "excluded_lines": 8, "percent_statements_covered": 79.3103448275862, "percent_statements_covered_display": "79.31"}, "missing_lines": [104, 115, 116, 123, 230, 246, 247, 253, 254, 256, 257, 258], "excluded_lines": [14, 15, 57, 107, 108, 201, 205, 206], "start_line": 1}}}, "src\\anivault\\cli\\helpers\\scan_formatters.py": {"executed_lines": [6, 8, 10, 11, 13, 14, 15, 17, 20, 33, 34, 35, 37, 38, 39, 40, 41, 43, 44, 45, 46, 48, 49, 50, 51, 52, 54, 55, 56, 57, 59, 69, 71, 74, 90, 91, 92, 93, 94, 96, 97, 98, 100, 101, 102, 103, 104, 106, 107, 109, 120, 121, 122, 123, 124, 125, 126, 127, 129, 131], "summary": {"covered_lines": 60, "num_statements": 60, "percent_covered": 100.0, "percent_covered_display": "100.00", "missing_lines": 0, "excluded_lines": 0, "percent_statements_covered": 100.0, "percent_statements_covered_display": "100.00"}, "missing_lines": [], "excluded_lines": [], "functions": {"display_scan_results": {"executed_lines": [33, 34, 35, 37, 38, 39, 40, 41, 43, 44, 45, 46, 48, 49, 50, 51, 52, 54, 55, 56, 57, 59, 69, 71], "summary": {"covered_lines": 24, "num_statements": 24, "percent_covered": 100.0, "percent_covered_display": "100.00", "missing_lines": 0, "excluded_lines": 0, "percent_statements_covered": 100.0, "percent_statements_covered_display": "100.00"}, "missing_lines": [], "excluded_lines": [], "start_line": 20}, "collect_scan_data": {"executed_lines": [90, 91, 92, 93, 94, 96, 97, 98, 100, 101, 102, 103, 104, 106, 107, 109, 120, 121, 122, 123, 124, 125, 126, 127, 129, 131], "summary": {"covered_lines": 26, "num_statements": 26, "percent_covered": 100.0, "percent_covered_display": "100.00", "missing_lines": 0, "excluded_lines": 0, "percent_statements_covered": 100.0, "percent_statements_covered_display": "100.00"}, "missing_lines": [], "excluded_lines": [], "start_line": 74}, "": {"executed_lines": [6, 8, 10, 11, 13, 14, 15, 17, 20, 74], "summary": {"covered_lines": 10, "num_statements": 10, "percent_covered": 100.0, "percent_covered_display": "100.00", "missing_lines": 0, "excluded_lines": 0, "percent_statements_covered": 100.0, "percent_statements_covered_display": "100.00"}, "missing_lines": [], "excluded_lines": [], "start_line": 1}}, "classes": {"": {"executed_lines": [6, 8, 10, 11, 13, 14, 15, 17, 20, 33, 34, 35, 37, 38, 39, 40, 41, 43, 44, 45, 46, 48, 49, 50, 51, 52, 54, 55, 56, 57, 59, 69, 71, 74, 90, 91, 92, 93, 94, 96, 97, 98, 100, 101, 102, 103, 104, 106, 107, 109, 120, 121, 122, 123, 124, 125, 126, 127, 129, 131], "summary": {"covered_lines": 60, "num_statements": 60, "percent_covered": 100.0, "percent_covered_display": "100.00", "missing_lines": 0, "excluded_lines": 0, "percent_statements_covered": 100.0, "percent_statements_covered_display": "100.00"}, "missing_lines": [], "excluded_lines": [], "start_line": 1}}}, "src\\anivault\\cli\\helpers\\verify.py": {"executed_lines": [7, 9, 10, 11, 12, 17, 19, 20, 22, 25, 28, 29, 30, 33, 44, 45, 46, 47, 50, 60, 61, 62, 64, 69, 71, 72, 74, 81, 95, 96, 100, 101, 102, 103, 105, 106, 107, 108, 111, 129, 133, 134, 135, 136, 137, 138, 143, 145, 147, 153, 154, 156], "summary": {"covered_lines": 52, "num_statements": 52, "percent_covered": 100.0, "percent_covered_display": "100.00", "missing_lines": 0, "excluded_lines": 3, "percent_statements_covered": 100.0, "percent_statements_covered_display": "100.00"}, "missing_lines": [], "excluded_lines": [14, 15, 98], "functions": {"_build_status_entry": {"executed_lines": [44, 45, 46, 47], "summary": {"covered_lines": 4, "num_statements": 4, "percent_covered": 100.0, "percent_covered_display": "100.00", "missing_lines": 0, "excluded_lines": 0, "percent_statements_covered": 100.0, "percent_statements_covered_display": "100.00"}, "missing_lines": [], "excluded_lines": [], "start_line": 33}, "verify_tmdb_connectivity": {"executed_lines": [60, 61, 62, 64, 69, 71, 72, 74], "summary": {"covered_lines": 8, "num_statements": 8, "percent_covered": 100.0, "percent_covered_display": "100.00", "missing_lines": 0, "excluded_lines": 0, "percent_statements_covered": 100.0, "percent_statements_covered_display": "100.00"}, "missing_lines": [], "excluded_lines": [], "start_line": 50}, "print_tmdb_verification_result": {"executed_lines": [95, 96, 100, 101, 102, 103, 105, 106, 107, 108], "summary": {"covered_lines": 10, "num_statements": 10, "percent_covered": 100.0, "percent_covered_display": "100.00", "missing_lines": 0, "excluded_lines": 1, "percent_statements_covered": 100.0, "percent_statements_covered_display": "100.00"}, "missing_lines": [], "excluded_lines": [98], "start_line": 81}, "collect_verify_data": {"executed_lines": [129, 133, 134, 135, 136, 137, 138, 143, 145, 147, 153, 154, 156], "summary": {"covered_lines": 13, "num_statements": 13, "percent_covered": 100.0, "percent_covered_display": "100.00", "missing_lines": 0, "excluded_lines": 0, "percent_statements_covered": 100.0, "percent_statements_covered_display": "100.00"}, "missing_lines": [], "excluded_lines": [], "start_line": 111}, "": {"executed_lines": [7, 9, 10, 11, 12, 17, 19, 20, 22, 25, 28, 29, 30, 33, 50, 81, 111], "summary": {"covered_lines": 17, "num_statements": 17, "percent_covered": 100.0, "percent_covered_display": "100.00", "missing_lines": 0, "excluded_lines": 2, "percent_statements_covered": 100.0, "percent_statements_covered_display": "100.00"}, "missing_lines": [], "excluded_lines": [14, 15], "start_line": 1}}, "classes": {"VerificationStatus": {"executed_lines": [], "summary": {"covered_lines": 0, "num_statements": 0, "percent_covered": 100.0, "percent_covered_display": "100.00", "missing_lines": 0, "excluded_lines": 0, "percent_statements_covered": 100.0, "percent_statements_covered_display": "100.00"}, "missing_lines": [], "excluded_lines": [], "start_line": 25}, "": {"executed_lines": [7, 9, 10, 11, 12, 17, 19, 20, 22, 25, 28, 29, 30, 33, 44, 45, 46, 47, 50, 60, 61, 62, 64, 69, 71, 72, 74, 81, 95, 96, 100, 101, 102, 103, 105, 106, 107, 108, 111, 129, 133, 134, 135, 136, 137, 138, 143, 145, 147, 153, 154, 156], "summary": {"covered_lines": 52, "num_statements": 52, "percent_covered": 100.0, "percent_covered_display": "100.00", "missing_lines": 0, "excluded_lines": 3, "percent_statements_covered": 100.0, "percent_statements_covered_display": "100.00"}, "missing_lines": [], "excluded_lines": [14, 15, 98], "start_line": 1}}}, "src\\anivault\\cli\\json_formatter.py": {"executed_lines": [11, 13, 14, 16, 19, 60, 61, 62, 63, 66, 67, 70, 79, 82, 105, 127, 128, 131, 132, 133, 134, 137, 146, 148, 149, 153, 164, 167, 178], "summary": {"covered_lines": 29, "num_statements": 38, "percent_covered": 76.3157894736842, "percent_covered_display": "76.32", "missing_lines": 9, "excluded_lines": 2, "percent_statements_covered": 76.3157894736842, "percent_statements_covered_display": "76.32"}, "missing_lines": [87, 89, 98, 138, 140, 141, 143, 147, 150], "excluded_lines": [27, 106], "functions": {"format_json_output": {"executed_lines": [60, 61, 62, 63, 66, 67, 70, 79, 82], "summary": {"covered_lines": 9, "num_statements": 12, "percent_covered": 75.0, "percent_covered_display": "75.00", "missing_lines": 3, "excluded_lines": 1, "percent_statements_covered": 75.0, "percent_statements_covered_display": "75.00"}, "missing_lines": [87, 89, 98], "excluded_lines": [27], "start_line": 19}, "safe_json_serialize": {"executed_lines": [127, 128, 131, 132, 133, 134, 137, 146, 148, 149], "summary": {"covered_lines": 10, "num_statements": 16, "percent_covered": 62.5, "percent_covered_display": "62.50", "missing_lines": 6, "excluded_lines": 1, "percent_statements_covered": 62.5, "percent_statements_covered_display": "62.50"}, "missing_lines": [138, 140, 141, 143, 147, 150], "excluded_lines": [106], "start_line": 105}, "format_success_output": {"executed_lines": [164], "summary": {"covered_lines": 1, "num_statements": 1, "percent_covered": 100.0, "percent_covered_display": "100.00", "missing_lines": 0, "excluded_lines": 0, "percent_statements_covered": 100.0, "percent_statements_covered_display": "100.00"}, "missing_lines": [], "excluded_lines": [], "start_line": 153}, "format_error_output": {"executed_lines": [178], "summary": {"covered_lines": 1, "num_statements": 1, "percent_covered": 100.0, "percent_covered_display": "100.00", "missing_lines": 0, "excluded_lines": 0, "percent_statements_covered": 100.0, "percent_statements_covered_display": "100.00"}, "missing_lines": [], "excluded_lines": [], "start_line": 167}, "": {"executed_lines": [11, 13, 14, 16, 19, 105, 153, 167], "summary": {"covered_lines": 8, "num_statements": 8, "percent_covered": 100.0, "percent_covered_display": "100.00", "missing_lines": 0, "excluded_lines": 0, "percent_statements_covered": 100.0, "percent_statements_covered_display": "100.00"}, "missing_lines": [], "excluded_lines": [], "start_line": 1}}, "classes": {"": {"executed_lines": [11, 13, 14, 16, 19, 60, 61, 62, 63, 66, 67, 70, 79, 82, 105, 127, 128, 131, 132, 133, 134, 137, 146, 148, 149, 153, 164, 167, 178], "summary": {"covered_lines": 29, "num_statements": 38, "percent_covered": 76.3157894736842, "percent_covered_display": "76.32", "missing_lines": 9, "excluded_lines": 2, "percent_statements_covered": 76.3157894736842, "percent_statements_covered_display": "76.32"}, "missing_lines": [87, 89, 98, 138, 140, 141, 143, 147, 150], "excluded_lines": [27, 106], "start_line": 1}}}, "src\\anivault\\cli\\log_handler.py": {"executed_lines": [7, 9, 10, 11, 12, 14, 15, 17, 18, 19, 20, 21, 22, 23, 24, 25, 27, 30, 31, 32, 43, 44, 46, 49, 52, 53, 56, 57, 58, 59, 64, 65, 66, 67, 69, 70, 71, 72, 75, 76, 81, 82, 83, 85, 87], "summary": {"covered_lines": 45, "num_statements": 45, "percent_covered": 100.0, "percent_covered_display": "100.00", "missing_lines": 0, "excluded_lines": 52, "percent_statements_covered": 100.0, "percent_statements_covered_display": "100.00"}, "missing_lines": [], "excluded_lines": [90, 91, 92, 93, 94, 95, 96, 97, 98, 99, 100, 101, 102, 103, 104, 105, 106, 107, 108, 109, 110, 111, 112, 113, 114, 115, 116, 117, 118, 119, 120, 121, 122, 123, 124, 125, 126, 127, 128, 129, 130, 131, 132, 133, 134, 135, 136, 137, 138, 139, 140, 141], "functions": {"handle_log_command": {"executed_lines": [43, 44, 46, 49, 52, 53, 56, 57, 58, 59, 64, 65, 66, 67, 69, 70, 71, 72, 75, 76, 81, 82, 83, 85, 87], "summary": {"covered_lines": 25, "num_statements": 25, "percent_covered": 100.0, "percent_covered_display": "100.00", "missing_lines": 0, "excluded_lines": 0, "percent_statements_covered": 100.0, "percent_statements_covered_display": "100.00"}, "missing_lines": [], "excluded_lines": [], "start_line": 32}, "log_command": {"executed_lines": [], "summary": {"covered_lines": 0, "num_statements": 0, "percent_covered": 100.0, "percent_covered_display": "100.00", "missing_lines": 0, "excluded_lines": 37, "percent_statements_covered": 100.0, "percent_statements_covered_display": "100.00"}, "missing_lines": [], "excluded_lines": [105, 106, 107, 108, 109, 110, 111, 112, 113, 114, 115, 116, 117, 118, 119, 120, 121, 122, 123, 124, 125, 126, 127, 128, 129, 130, 131, 132, 133, 134, 135, 136, 137, 138, 139, 140, 141], "start_line": 90}, "": {"executed_lines": [7, 9, 10, 11, 12, 14, 15, 17, 18, 19, 20, 21, 22, 23, 24, 25, 27, 30, 31, 32], "summary": {"covered_lines": 20, "num_statements": 20, "percent_covered": 100.0, "percent_covered_display": "100.00", "missing_lines": 0, "excluded_lines": 15, "percent_statements_covered": 100.0, "percent_statements_covered_display": "100.00"}, "missing_lines": [], "excluded_lines": [90, 91, 92, 93, 94, 95, 96, 97, 98, 99, 100, 101, 102, 103, 104], "start_line": 1}}, "classes": {"": {"executed_lines": [7, 9, 10, 11, 12, 14, 15, 17, 18, 19, 20, 21, 22, 23, 24, 25, 27, 30, 31, 32, 43, 44, 46, 49, 52, 53, 56, 57, 58, 59, 64, 65, 66, 67, 69, 70, 71, 72, 75, 76, 81, 82, 83, 85, 87], "summary": {"covered_lines": 45, "num_statements": 45, "percent_covered": 100.0, "percent_covered_display": "100.00", "missing_lines": 0, "excluded_lines": 52, "percent_statements_covered": 100.0, "percent_statements_covered_display": "100.00"}, "missing_lines": [], "excluded_lines": [90, 91, 92, 93, 94, 95, 96, 97, 98, 99, 100, 101, 102, 103, 104, 105, 106, 107, 108, 109, 110, 111, 112, 113, 114, 115, 116, 117, 118, 119, 120, 121, 122, 123, 124, 125, 126, 127, 128, 129, 130, 131, 132, 133, 134, 135, 136, 137, 138, 139, 140, 141], "start_line": 1}}}, "src\\anivault\\cli\\match_handler.py": {"executed_lines": [7, 9, 10, 11, 12, 14, 16, 17, 18, 19, 20, 21, 22, 24, 27, 28, 29, 39, 40, 42, 45, 47, 48, 50, 52], "summary": {"covered_lines": 25, "num_statements": 25, "percent_covered": 100.0, "percent_covered_display": "100.00", "missing_lines": 0, "excluded_lines": 71, "percent_statements_covered": 100.0, "percent_statements_covered_display": "100.00"}, "missing_lines": [], "excluded_lines": [55, 56, 57, 58, 59, 60, 61, 62, 63, 64, 65, 66, 67, 68, 69, 70, 71, 72, 73, 74, 75, 76, 77, 78, 79, 80, 81, 82, 83, 84, 85, 86, 87, 88, 89, 90, 91, 92, 93, 94, 95, 96, 97, 98, 99, 100, 101, 102, 103, 104, 105, 106, 107, 108, 109, 110, 111, 112, 113, 114, 115, 116, 117, 118, 119, 120, 121, 122, 123, 124, 125], "functions": {"handle_match_command": {"executed_lines": [39, 40, 42, 45, 47, 48, 50, 52], "summary": {"covered_lines": 8, "num_statements": 8, "percent_covered": 100.0, "percent_covered_display": "100.00", "missing_lines": 0, "excluded_lines": 0, "percent_statements_covered": 100.0, "percent_statements_covered_display": "100.00"}, "missing_lines": [], "excluded_lines": [], "start_line": 29}, "match_command": {"executed_lines": [], "summary": {"covered_lines": 0, "num_statements": 0, "percent_covered": 100.0, "percent_covered_display": "100.00", "missing_lines": 0, "excluded_lines": 33, "percent_statements_covered": 100.0, "percent_statements_covered_display": "100.00"}, "missing_lines": [], "excluded_lines": [93, 94, 95, 96, 97, 98, 99, 100, 101, 102, 103, 104, 105, 106, 107, 108, 109, 110, 111, 112, 113, 114, 115, 116, 117, 118, 119, 120, 121, 122, 123, 124, 125], "start_line": 55}, "": {"executed_lines": [7, 9, 10, 11, 12, 14, 16, 17, 18, 19, 20, 21, 22, 24, 27, 28, 29], "summary": {"covered_lines": 17, "num_statements": 17, "percent_covered": 100.0, "percent_covered_display": "100.00", "missing_lines": 0, "excluded_lines": 38, "percent_statements_covered": 100.0, "percent_statements_covered_display": "100.00"}, "missing_lines": [], "excluded_lines": [55, 56, 57, 58, 59, 60, 61, 62, 63, 64, 65, 66, 67, 68, 69, 70, 71, 72, 73, 74, 75, 76, 77, 78, 79, 80, 81, 82, 83, 84, 85, 86, 87, 88, 89, 90, 91, 92], "start_line": 1}}, "classes": {"": {"executed_lines": [7, 9, 10, 11, 12, 14, 16, 17, 18, 19, 20, 21, 22, 24, 27, 28, 29, 39, 40, 42, 45, 47, 48, 50, 52], "summary": {"covered_lines": 25, "num_statements": 25, "percent_covered": 100.0, "percent_covered_display": "100.00", "missing_lines": 0, "excluded_lines": 71, "percent_statements_covered": 100.0, "percent_statements_covered_display": "100.00"}, "missing_lines": [], "excluded_lines": [55, 56, 57, 58, 59, 60, 61, 62, 63, 64, 65, 66, 67, 68, 69, 70, 71, 72, 73, 74, 75, 76, 77, 78, 79, 80, 81, 82, 83, 84, 85, 86, 87, 88, 89, 90, 91, 92, 93, 94, 95, 96, 97, 98, 99, 100, 101, 102, 103, 104, 105, 106, 107, 108, 109, 110, 111, 112, 113, 114, 115, 116, 117, 118, 119, 120, 121, 122, 123, 124, 125], "start_line": 1}}}, "src\\anivault\\cli\\models\\__init__.py": {"executed_lines": [3, 5, 7], "summary": {"covered_lines": 3, "num_statements": 3, "percent_covered": 100.0, "percent_covered_display": "100.00", "missing_lines": 0, "excluded_lines": 0, "percent_statements_covered": 100.0, "percent_statements_covered_display": "100.00"}, "missing_lines": [], "excluded_lines": [], "functions": {"": {"executed_lines": [3, 5, 7], "summary": {"covered_lines": 3, "num_statements": 3, "percent_covered": 100.0, "percent_covered_display": "100.00", "missing_lines": 0, "excluded_lines": 0, "percent_statements_covered": 100.0, "percent_statements_covered_display": "100.00"}, "missing_lines": [], "excluded_lines": [], "start_line": 1}}, "classes": {"": {"executed_lines": [3, 5, 7], "summary": {"covered_lines": 3, "num_statements": 3, "percent_covered": 100.0, "percent_covered_display": "100.00", "missing_lines": 0, "excluded_lines": 0, "percent_statements_covered": 100.0, "percent_statements_covered_display": "100.00"}, "missing_lines": [], "excluded_lines": [], "start_line": 1}}}, "src\\anivault\\cli\\models\\match_services.py": {"executed_lines": [6, 8, 10], "summary": {"covered_lines": 3, "num_statements": 3, "percent_covered": 100.0, "percent_covered_display": "100.00", "missing_lines": 0, "excluded_lines": 0, "percent_statements_covered": 100.0, "percent_statements_covered_display": "100.00"}, "missing_lines": [], "excluded_lines": [], "functions": {"": {"executed_lines": [6, 8, 10], "summary": {"covered_lines": 3, "num_statements": 3, "percent_covered": 100.0, "percent_covered_display": "100.00", "missing_lines": 0, "excluded_lines": 0, "percent_statements_covered": 100.0, "percent_statements_covered_display": "100.00"}, "missing_lines": [], "excluded_lines": [], "start_line": 1}}, "classes": {"": {"executed_lines": [6, 8, 10], "summary": {"covered_lines": 3, "num_statements": 3, "percent_covered": 100.0, "percent_covered_display": "100.00", "missing_lines": 0, "excluded_lines": 0, "percent_statements_covered": 100.0, "percent_statements_covered_display": "100.00"}, "missing_lines": [], "excluded_lines": [], "start_line": 1}}}, "src\\anivault\\cli\\organize_handler.py": {"executed_lines": [7, 9, 10, 11, 12, 14, 15, 17, 18, 19, 20, 27, 28, 29, 30, 32, 35, 36, 37, 48, 49, 51, 54, 56, 57, 58, 69, 71, 73, 75, 76, 78], "summary": {"covered_lines": 32, "num_statements": 37, "percent_covered": 86.48648648648648, "percent_covered_display": "86.49", "missing_lines": 5, "excluded_lines": 77, "percent_statements_covered": 86.48648648648648, "percent_statements_covered_display": "86.49"}, "missing_lines": [59, 60, 66, 67, 68], "excluded_lines": [81, 82, 83, 84, 85, 86, 87, 88, 89, 90, 91, 92, 93, 94, 95, 96, 97, 98, 99, 100, 101, 102, 103, 104, 105, 106, 107, 108, 109, 110, 111, 112, 113, 114, 115, 116, 117, 118, 119, 120, 121, 122, 123, 124, 125, 126, 127, 128, 129, 130, 131, 132, 133, 134, 135, 136, 137, 138, 139, 140, 141, 142, 143, 144, 145, 146, 147, 148, 149, 150, 151, 152, 153, 154, 155, 156, 157], "functions": {"handle_organize_command": {"executed_lines": [48, 49, 51, 54, 56, 57, 58, 69, 71, 73, 75, 76, 78], "summary": {"covered_lines": 13, "num_statements": 18, "percent_covered": 72.22222222222223, "percent_covered_display": "72.22", "missing_lines": 5, "excluded_lines": 0, "percent_statements_covered": 72.22222222222223, "percent_statements_covered_display": "72.22"}, "missing_lines": [59, 60, 66, 67, 68], "excluded_lines": [], "start_line": 37}, "organize_command": {"executed_lines": [], "summary": {"covered_lines": 0, "num_statements": 0, "percent_covered": 100.0, "percent_covered_display": "100.00", "missing_lines": 0, "excluded_lines": 34, "percent_statements_covered": 100.0, "percent_statements_covered_display": "100.00"}, "missing_lines": [], "excluded_lines": [124, 125, 126, 127, 128, 129, 130, 131, 132, 133, 134, 135, 136, 137, 138, 139, 140, 141, 142, 143, 144, 145, 146, 147, 148, 149, 150, 151, 152, 153, 154, 155, 156, 157], "start_line": 81}, "": {"executed_lines": [7, 9, 10, 11, 12, 14, 15, 17, 18, 19, 20, 27, 28, 29, 30, 32, 35, 36, 37], "summary": {"covered_lines": 19, "num_statements": 19, "percent_covered": 100.0, "percent_covered_display": "100.00", "missing_lines": 0, "excluded_lines": 43, "percent_statements_covered": 100.0, "percent_statements_covered_display": "100.00"}, "missing_lines": [], "excluded_lines": [81, 82, 83, 84, 85, 86, 87, 88, 89, 90, 91, 92, 93, 94, 95, 96, 97, 98, 99, 100, 101, 102, 103, 104, 105, 106, 107, 108, 109, 110, 111, 112, 113, 114, 115, 116, 117, 118, 119, 120, 121, 122, 123], "start_line": 1}}, "classes": {"": {"executed_lines": [7, 9, 10, 11, 12, 14, 15, 17, 18, 19, 20, 27, 28, 29, 30, 32, 35, 36, 37, 48, 49, 51, 54, 56, 57, 58, 69, 71, 73, 75, 76, 78], "summary": {"covered_lines": 32, "num_statements": 37, "percent_covered": 86.48648648648648, "percent_covered_display": "86.49", "missing_lines": 5, "excluded_lines": 77, "percent_statements_covered": 86.48648648648648, "percent_statements_covered_display": "86.49"}, "missing_lines": [59, 60, 66, 67, 68], "excluded_lines": [81, 82, 83, 84, 85, 86, 87, 88, 89, 90, 91, 92, 93, 94, 95, 96, 97, 98, 99, 100, 101, 102, 103, 104, 105, 106, 107, 108, 109, 110, 111, 112, 113, 114, 115, 116, 117, 118, 119, 120, 121, 122, 123, 124, 125, 126, 127, 128, 129, 130, 131, 132, 133, 134, 135, 136, 137, 138, 139, 140, 141, 142, 143, 144, 145, 146, 147, 148, 149, 150, 151, 152, 153, 154, 155, 156, 157], "start_line": 1}}}, "src\\anivault\\cli\\progress.py": {"executed_lines": [15, 17, 18, 19, 20, 22, 31, 34, 44, 53, 56, 150, 157, 158, 160, 167, 168, 170, 177, 178, 180, 194, 197, 210], "summary": {"covered_lines": 24, "num_statements": 24, "percent_covered": 100.0, "percent_covered_display": "100.00", "missing_lines": 0, "excluded_lines": 81, "percent_statements_covered": 100.0, "percent_statements_covered_display": "100.00"}, "missing_lines": [], "excluded_lines": [67, 68, 69, 70, 71, 72, 73, 74, 75, 76, 77, 78, 79, 80, 81, 82, 83, 84, 85, 86, 87, 88, 89, 90, 91, 92, 93, 94, 95, 96, 97, 98, 99, 100, 101, 102, 103, 104, 105, 106, 107, 108, 109, 110, 111, 112, 113, 114, 115, 116, 118, 119, 120, 121, 122, 123, 124, 125, 126, 127, 128, 129, 130, 131, 132, 133, 134, 135, 136, 137, 138, 139, 140, 141, 142, 143, 144, 145, 146, 147, 148], "functions": {"ProgressManager.__init__": {"executed_lines": [53, 56], "summary": {"covered_lines": 2, "num_statements": 2, "percent_covered": 100.0, "percent_covered_display": "100.00", "missing_lines": 0, "excluded_lines": 0, "percent_statements_covered": 100.0, "percent_statements_covered_display": "100.00"}, "missing_lines": [], "excluded_lines": [], "start_line": 44}, "ProgressManager.track": {"executed_lines": [], "summary": {"covered_lines": 0, "num_statements": 0, "percent_covered": 100.0, "percent_covered_display": "100.00", "missing_lines": 0, "excluded_lines": 45, "percent_statements_covered": 100.0, "percent_statements_covered_display": "100.00"}, "missing_lines": [], "excluded_lines": [72, 73, 74, 75, 76, 77, 78, 79, 80, 81, 82, 83, 84, 85, 86, 87, 88, 89, 90, 91, 92, 93, 94, 95, 96, 97, 98, 99, 100, 101, 102, 103, 104, 105, 106, 107, 108, 109, 110, 111, 112, 113, 114, 115, 116], "start_line": 67}, "ProgressManager.spinner": {"executed_lines": [], "summary": {"covered_lines": 0, "num_statements": 0, "percent_covered": 100.0, "percent_covered_display": "100.00", "missing_lines": 0, "excluded_lines": 29, "percent_statements_covered": 100.0, "percent_statements_covered_display": "100.00"}, "missing_lines": [], "excluded_lines": [120, 121, 122, 123, 124, 125, 126, 127, 128, 129, 130, 131, 132, 133, 134, 135, 136, 137, 138, 139, 140, 141, 142, 143, 144, 145, 146, 147, 148], "start_line": 119}, "ProgressManager.start": {"executed_lines": [157, 158], "summary": {"covered_lines": 2, "num_statements": 2, "percent_covered": 100.0, "percent_covered_display": "100.00", "missing_lines": 0, "excluded_lines": 0, "percent_statements_covered": 100.0, "percent_statements_covered_display": "100.00"}, "missing_lines": [], "excluded_lines": [], "start_line": 150}, "ProgressManager.stop": {"executed_lines": [167, 168], "summary": {"covered_lines": 2, "num_statements": 2, "percent_covered": 100.0, "percent_covered_display": "100.00", "missing_lines": 0, "excluded_lines": 0, "percent_statements_covered": 100.0, "percent_statements_covered_display": "100.00"}, "missing_lines": [], "excluded_lines": [], "start_line": 160}, "ProgressManager.__enter__": {"executed_lines": [177, 178], "summary": {"covered_lines": 2, "num_statements": 2, "percent_covered": 100.0, "percent_covered_display": "100.00", "missing_lines": 0, "excluded_lines": 0, "percent_statements_covered": 100.0, "percent_statements_covered_display": "100.00"}, "missing_lines": [], "excluded_lines": [], "start_line": 170}, "ProgressManager.__exit__": {"executed_lines": [194], "summary": {"covered_lines": 1, "num_statements": 1, "percent_covered": 100.0, "percent_covered_display": "100.00", "missing_lines": 0, "excluded_lines": 0, "percent_statements_covered": 100.0, "percent_statements_covered_display": "100.00"}, "missing_lines": [], "excluded_lines": [], "start_line": 180}, "create_progress_manager": {"executed_lines": [210], "summary": {"covered_lines": 1, "num_statements": 1, "percent_covered": 100.0, "percent_covered_display": "100.00", "missing_lines": 0, "excluded_lines": 0, "percent_statements_covered": 100.0, "percent_statements_covered_display": "100.00"}, "missing_lines": [], "excluded_lines": [], "start_line": 197}, "": {"executed_lines": [15, 17, 18, 19, 20, 22, 31, 34, 44, 150, 160, 170, 180, 197], "summary": {"covered_lines": 14, "num_statements": 14, "percent_covered": 100.0, "percent_covered_display": "100.00", "missing_lines": 0, "excluded_lines": 7, "percent_statements_covered": 100.0, "percent_statements_covered_display": "100.00"}, "missing_lines": [], "excluded_lines": [67, 68, 69, 70, 71, 118, 119], "start_line": 1}}, "classes": {"ProgressManager": {"executed_lines": [53, 56, 157, 158, 167, 168, 177, 178, 194], "summary": {"covered_lines": 9, "num_statements": 9, "percent_covered": 100.0, "percent_covered_display": "100.00", "missing_lines": 0, "excluded_lines": 74, "percent_statements_covered": 100.0, "percent_statements_covered_display": "100.00"}, "missing_lines": [], "excluded_lines": [72, 73, 74, 75, 76, 77, 78, 79, 80, 81, 82, 83, 84, 85, 86, 87, 88, 89, 90, 91, 92, 93, 94, 95, 96, 97, 98, 99, 100, 101, 102, 103, 104, 105, 106, 107, 108, 109, 110, 111, 112, 113, 114, 115, 116, 120, 121, 122, 123, 124, 125, 126, 127, 128, 129, 130, 131, 132, 133, 134, 135, 136, 137, 138, 139, 140, 141, 142, 143, 144, 145, 146, 147, 148], "start_line": 34}, "": {"executed_lines": [15, 17, 18, 19, 20, 22, 31, 34, 44, 150, 160, 170, 180, 197, 210], "summary": {"covered_lines": 15, "num_statements": 15, "percent_covered": 100.0, "percent_covered_display": "100.00", "missing_lines": 0, "excluded_lines": 7, "percent_statements_covered": 100.0, "percent_statements_covered_display": "100.00"}, "missing_lines": [], "excluded_lines": [67, 68, 69, 70, 71, 118, 119], "start_line": 1}}}, "src\\anivault\\cli\\run_handler.py": {"executed_lines": [7, 9, 10, 11, 12, 14, 15, 17, 18, 19, 20, 21, 22, 23, 24, 25, 26, 27, 28, 36, 39, 40, 41, 51, 52, 54, 57, 60, 61, 62, 65, 68, 83, 95, 96, 97, 100, 101, 110, 111, 114, 117, 118, 120, 123, 124, 125, 128, 129, 132, 133, 136, 137, 142, 143, 144, 146, 152, 154, 155, 158, 173, 174, 183, 185, 186, 191, 202, 203, 204, 211, 226, 227, 237, 239, 240, 245, 265, 280, 281, 291, 293, 294, 299, 319, 337, 351, 352, 355, 356, 359, 366, 371, 372, 373, 374, 376, 377, 378, 381, 388, 390, 391, 392, 393, 394, 395, 397, 398, 399, 400, 401], "summary": {"covered_lines": 112, "num_statements": 124, "percent_covered": 90.3225806451613, "percent_covered_display": "90.32", "miss
[...]
ed_display": "100.00"}, "missing_lines": [], "excluded_lines": [25, 52], "start_line": 1}}, "classes": {"BaseDataclass": {"executed_lines": [], "summary": {"covered_lines": 0, "num_statements": 0, "percent_covered": 100.0, "percent_covered_display": "100.00", "missing_lines": 0, "excluded_lines": 0, "percent_statements_covered": 100.0, "percent_statements_covered_display": "100.00"}, "missing_lines": [], "excluded_lines": [], "start_line": 24}, "StrictDataclass": {"executed_lines": [], "summary": {"covered_lines": 0, "num_statements": 0, "percent_covered": 100.0, "percent_covered_display": "100.00", "missing_lines": 0, "excluded_lines": 0, "percent_statements_covered": 100.0, "percent_statements_covered_display": "100.00"}, "missing_lines": [], "excluded_lines": [], "start_line": 51}, "": {"executed_lines": [18, 20, 23, 24, 50, 51, 73, 74], "summary": {"covered_lines": 8, "num_statements": 8, "percent_covered": 100.0, "percent_covered_display": "100.00", "missing_lines": 0, "excluded_lines": 2, "percent_statements_covered": 100.0, "percent_statements_covered_display": "100.00"}, "missing_lines": [], "excluded_lines": [25, 52], "start_line": 1}}}, "src\\anivault\\shared\\types\\cache.py": {"executed_lines": [13, 17, 18], "summary": {"covered_lines": 3, "num_statements": 3, "percent_covered": 100.0, "percent_covered_display": "100.00", "missing_lines": 0, "excluded_lines": 0, "percent_statements_covered": 100.0, "percent_statements_covered_display": "100.00"}, "missing_lines": [], "excluded_lines": [], "functions": {"": {"executed_lines": [13, 17, 18], "summary": {"covered_lines": 3, "num_statements": 3, "percent_covered": 100.0, "percent_covered_display": "100.00", "missing_lines": 0, "excluded_lines": 0, "percent_statements_covered": 100.0, "percent_statements_covered_display": "100.00"}, "missing_lines": [], "excluded_lines": [], "start_line": 1}}, "classes": {"": {"executed_lines": [13, 17, 18], "summary": {"covered_lines": 3, "num_statements": 3, "percent_covered": 100.0, "percent_covered_display": "100.00", "missing_lines": 0, "excluded_lines": 0, "percent_statements_covered": 100.0, "percent_statements_covered_display": "100.00"}, "missing_lines": [], "excluded_lines": [], "start_line": 1}}}, "src\\anivault\\shared\\types\\match_types.py": {"executed_lines": [3, 5, 8, 11, 12, 13, 14, 15, 16, 17, 18, 19, 20, 23, 26, 27, 30, 33, 34, 35, 36, 37, 38, 41, 44, 45, 46, 49, 52, 53, 54, 55, 56, 57, 58, 59, 60, 63, 66, 67, 68, 71, 74, 75, 76, 77, 78, 81, 84, 85, 86, 87, 90], "summary": {"covered_lines": 53, "num_statements": 53, "percent_covered": 100.0, "percent_covered_display": "100.00", "missing_lines": 0, "excluded_lines": 0, "percent_statements_covered": 100.0, "percent_statements_covered_display": "100.00"}, "missing_lines": [], "excluded_lines": [], "functions": {"": {"executed_lines": [3, 5, 8, 11, 12, 13, 14, 15, 16, 17, 18, 19, 20, 23, 26, 27, 30, 33, 34, 35, 36, 37, 38, 41, 44, 45, 46, 49, 52, 53, 54, 55, 56, 57, 58, 59, 60, 63, 66, 67, 68, 71, 74, 75, 76, 77, 78, 81, 84, 85, 86, 87, 90], "summary": {"covered_lines": 53, "num_statements": 53, "percent_covered": 100.0, "percent_covered_display": "100.00", "missing_lines": 0, "excluded_lines": 0, "percent_statements_covered": 100.0, "percent_statements_covered_display": "100.00"}, "missing_lines": [], "excluded_lines": [], "start_line": 1}}, "classes": {"MatchSummaryDict": {"executed_lines": [], "summary": {"covered_lines": 0, "num_statements": 0, "percent_covered": 100.0, "percent_covered_display": "100.00", "missing_lines": 0, "excluded_lines": 0, "percent_statements_covered": 100.0, "percent_statements_covered_display": "100.00"}, "missing_lines": [], "excluded_lines": [], "start_line": 8}, "FileStatisticsDict": {"executed_lines": [], "summary": {"covered_lines": 0, "num_statements": 0, "percent_covered": 100.0, "percent_covered_display": "100.00", "missing_lines": 0, "excluded_lines": 0, "percent_statements_covered": 100.0, "percent_statements_covered_display": "100.00"}, "missing_lines": [], "excluded_lines": [], "start_line": 23}, "MatchTmdbDataDict": {"executed_lines": [], "summary": {"covered_lines": 0, "num_statements": 0, "percent_covered": 100.0, "percent_covered_display": "100.00", "missing_lines": 0, "excluded_lines": 0, "percent_statements_covered": 100.0, "percent_statements_covered_display": "100.00"}, "missing_lines": [], "excluded_lines": [], "start_line": 30}, "MatchResultInfoDict": {"executed_lines": [], "summary": {"covered_lines": 0, "num_statements": 0, "percent_covered": 100.0, "percent_covered_display": "100.00", "missing_lines": 0, "excluded_lines": 0, "percent_statements_covered": 100.0, "percent_statements_covered_display": "100.00"}, "missing_lines": [], "excluded_lines": [], "start_line": 41}, "MatchFileInfoDict": {"executed_lines": [], "summary": {"covered_lines": 0, "num_statements": 0, "percent_covered": 100.0, "percent_covered_display": "100.00", "missing_lines": 0, "excluded_lines": 0, "percent_statements_covered": 100.0, "percent_statements_covered_display": "100.00"}, "missing_lines": [], "excluded_lines": [], "start_line": 49}, "MatchDataDict": {"executed_lines": [], "summary": {"covered_lines": 0, "num_statements": 0, "percent_covered": 100.0, "percent_covered_display": "100.00", "missing_lines": 0, "excluded_lines": 0, "percent_statements_covered": 100.0, "percent_statements_covered_display": "100.00"}, "missing_lines": [], "excluded_lines": [], "start_line": 63}, "MatchStatisticsDict": {"executed_lines": [], "summary": {"covered_lines": 0, "num_statements": 0, "percent_covered": 100.0, "percent_covered_display": "100.00", "missing_lines": 0, "excluded_lines": 0, "percent_statements_covered": 100.0, "percent_statements_covered_display": "100.00"}, "missing_lines": [], "excluded_lines": [], "start_line": 71}, "FileStatisticsInternalDict": {"executed_lines": [], "summary": {"covered_lines": 0, "num_statements": 0, "percent_covered": 100.0, "percent_covered_display": "100.00", "missing_lines": 0, "excluded_lines": 0, "percent_statements_covered": 100.0, "percent_statements_covered_display": "100.00"}, "missing_lines": [], "excluded_lines": [], "start_line": 81}, "": {"executed_lines": [3, 5, 8, 11, 12, 13, 14, 15, 16, 17, 18, 19, 20, 23, 26, 27, 30, 33, 34, 35, 36, 37, 38, 41, 44, 45, 46, 49, 52, 53, 54, 55, 56, 57, 58, 59, 60, 63, 66, 67, 68, 71, 74, 75, 76, 77, 78, 81, 84, 85, 86, 87, 90], "summary": {"covered_lines": 53, "num_statements": 53, "percent_covered": 100.0, "percent_covered_display": "100.00", "missing_lines": 0, "excluded_lines": 0, "percent_statements_covered": 100.0, "percent_statements_covered_display": "100.00"}, "missing_lines": [], "excluded_lines": [], "start_line": 1}}}, "src\\anivault\\shared\\types\\metadata_types.py": {"executed_lines": [12, 14, 17, 40, 41, 42, 43, 44, 45, 46, 47, 48, 49, 50, 51, 52, 55, 77, 78, 79, 80, 81, 82, 83, 84, 85, 86, 87, 88, 91], "summary": {"covered_lines": 30, "num_statements": 30, "percent_covered": 100.0, "percent_covered_display": "100.00", "missing_lines": 0, "excluded_lines": 0, "percent_statements_covered": 100.0, "percent_statements_covered_display": "100.00"}, "missing_lines": [], "excluded_lines": [], "functions": {"": {"executed_lines": [12, 14, 17, 40, 41, 42, 43, 44, 45, 46, 47, 48, 49, 50, 51, 52, 55, 77, 78, 79, 80, 81, 82, 83, 84, 85, 86, 87, 88, 91], "summary": {"covered_lines": 30, "num_statements": 30, "percent_covered": 100.0, "percent_covered_display": "100.00", "missing_lines": 0, "excluded_lines": 0, "percent_statements_covered": 100.0, "percent_statements_covered_display": "100.00"}, "missing_lines": [], "excluded_lines": [], "start_line": 1}}, "classes": {"FileMetadataDict": {"executed_lines": [], "summary": {"covered_lines": 0, "num_statements": 0, "percent_covered": 100.0, "percent_covered_display": "100.00", "missing_lines": 0, "excluded_lines": 0, "percent_statements_covered": 100.0, "percent_statements_covered_display": "100.00"}, "missing_lines": [], "excluded_lines": [], "start_line": 17}, "ParsingResultDict": {"executed_lines": [], "summary": {"covered_lines": 0, "num_statements": 0, "percent_covered": 100.0, "percent_covered_display": "100.00", "missing_lines": 0, "excluded_lines": 0, "percent_statements_covered": 100.0, "percent_statements_covered_display": "100.00"}, "missing_lines": [], "excluded_lines": [], "start_line": 55}, "": {"executed_lines": [12, 14, 17, 40, 41, 42, 43, 44, 45, 46, 47, 48, 49, 50, 51, 52, 55, 77, 78, 79, 80, 81, 82, 83, 84, 85, 86, 87, 88, 91], "summary": {"covered_lines": 30, "num_statements": 30, "percent_covered": 100.0, "percent_covered_display": "100.00", "missing_lines": 0, "excluded_lines": 0, "percent_statements_covered": 100.0, "percent_statements_covered_display": "100.00"}, "missing_lines": [], "excluded_lines": [], "start_line": 1}}}, "src\\anivault\\shared\\types\\operation_types.py": {"executed_lines": [7, 9, 12, 15, 16, 17, 18, 19, 20, 23, 26, 27, 28, 29, 32], "summary": {"covered_lines": 15, "num_statements": 15, "percent_covered": 100.0, "percent_covered_display": "100.00", "missing_lines": 0, "excluded_lines": 0, "percent_statements_covered": 100.0, "percent_statements_covered_display": "100.00"}, "missing_lines": [], "excluded_lines": [], "functions": {"": {"executed_lines": [7, 9, 12, 15, 16, 17, 18, 19, 20, 23, 26, 27, 28, 29, 32], "summary": {"covered_lines": 15, "num_statements": 15, "percent_covered": 100.0, "percent_covered_display": "100.00", "missing_lines": 0, "excluded_lines": 0, "percent_statements_covered": 100.0, "percent_statements_covered_display": "100.00"}, "missing_lines": [], "excluded_lines": [], "start_line": 1}}, "classes": {"OperationDetailsDict": {"executed_lines": [], "summary": {"covered_lines": 0, "num_statements": 0, "percent_covered": 100.0, "percent_covered_display": "100.00", "missing_lines": 0, "excluded_lines": 0, "percent_statements_covered": 100.0, "percent_statements_covered_display": "100.00"}, "missing_lines": [], "excluded_lines": [], "start_line": 12}, "OperationHistoryDict": {"executed_lines": [], "summary": {"covered_lines": 0, "num_statements": 0, "percent_covered": 100.0, "percent_covered_display": "100.00", "missing_lines": 0, "excluded_lines": 0, "percent_statements_covered": 100.0, "percent_statements_covered_display": "100.00"}, "missing_lines": [], "excluded_lines": [], "start_line": 23}, "": {"executed_lines": [7, 9, 12, 15, 16, 17, 18, 19, 20, 23, 26, 27, 28, 29, 32], "summary": {"covered_lines": 15, "num_statements": 15, "percent_covered": 100.0, "percent_covered_display": "100.00", "missing_lines": 0, "excluded_lines": 0, "percent_statements_covered": 100.0, "percent_statements_covered_display": "100.00"}, "missing_lines": [], "excluded_lines": [], "start_line": 1}}}, "src\\anivault\\shared\\utils\\dataclass_serialization.py": {"executed_lines": [18, 20, 21, 22, 23, 26, 54, 55, 56, 62, 63, 66, 67, 68, 69, 70, 71, 74, 76, 79, 95, 96, 99, 100, 103, 104, 107, 108, 109, 110, 111, 112, 118, 150, 151, 152, 155, 158, 159, 160, 161, 162, 165, 166, 167, 168, 170, 173, 174, 175, 176, 177, 179, 181, 183, 184, 185, 186, 188, 189, 190, 191, 194, 196, 197, 199, 200, 201, 203, 206, 208, 210, 211, 214, 217, 218, 219, 220, 221, 224, 225, 226, 227, 228, 230, 231, 233, 238, 239, 240, 242, 251, 253, 254, 256, 260, 264, 267], "summary": {"covered_lines": 98, "num_statements": 106, "percent_covered": 92.45283018867924, "percent_covered_display": "92.45", "missing_lines": 8, "excluded_lines": 2, "percent_statements_covered": 92.45283018867924, "percent_statements_covered_display": "92.45"}, "missing_lines": [115, 171, 244, 245, 247, 249, 258, 262], "excluded_lines": [27, 119], "functions": {"to_dict": {"executed_lines": [54, 55, 56, 62, 63, 66, 67, 68, 69, 70, 71, 74, 76], "summary": {"covered_lines": 13, "num_statements": 13, "percent_covered": 100.0, "percent_covered_display": "100.00", "missing_lines": 0, "excluded_lines": 1, "percent_statements_covered": 100.0, "percent_statements_covered_display": "100.00"}, "missing_lines": [], "excluded_lines": [27], "start_line": 26}, "_convert_to_dict_recursive": {"executed_lines": [95, 96, 99, 100, 103, 104, 107, 108, 109, 110, 111, 112], "summary": {"covered_lines": 12, "num_statements": 13, "percent_covered": 92.3076923076923, "percent_covered_display": "92.31", "missing_lines": 1, "excluded_lines": 0, "percent_statements_covered": 92.3076923076923, "percent_statements_covered_display": "92.31"}, "missing_lines": [115], "excluded_lines": [], "start_line": 79}, "from_dict": {"executed_lines": [150, 151, 152, 155, 158, 159, 160, 161, 162, 165, 166, 167, 168, 170, 173, 174, 175, 176, 177, 179, 181, 183, 184, 185, 186, 188, 189, 190, 191, 194, 196, 197, 199, 200, 201, 203, 206, 208, 210, 211, 214, 217, 218, 219, 220, 221, 224, 225, 226, 227, 228, 230, 231, 233, 238, 239, 240, 242, 251, 253, 254, 256, 260, 264], "summary": {"covered_lines": 64, "num_statements": 71, "percent_covered": 90.14084507042253, "percent_covered_display": "90.14", "missing_lines": 7, "excluded_lines": 1, "percent_statements_covered": 90.14084507042253, "percent_statements_covered_display": "90.14"}, "missing_lines": [171, 244, 245, 247, 249, 258, 262], "excluded_lines": [119], "start_line": 118}, "": {"executed_lines": [18, 20, 21, 22, 23, 26, 79, 118, 267], "summary": {"covered_lines": 9, "num_statements": 9, "percent_covered": 100.0, "percent_covered_display": "100.00", "missing_lines": 0, "excluded_lines": 0, "percent_statements_covered": 100.0, "percent_statements_covered_display": "100.00"}, "missing_lines": [], "excluded_lines": [], "start_line": 1}}, "classes": {"": {"executed_lines": [18, 20, 21, 22, 23, 26, 54, 55, 56, 62, 63, 66, 67, 68, 69, 70, 71, 74, 76, 79, 95, 96, 99, 100, 103, 104, 107, 108, 109, 110, 111, 112, 118, 150, 151, 152, 155, 158, 159, 160, 161, 162, 165, 166, 167, 168, 170, 173, 174, 175, 176, 177, 179, 181, 183, 184, 185, 186, 188, 189, 190, 191, 194, 196, 197, 199, 200, 201, 203, 206, 208, 210, 211, 214, 217, 218, 219, 220, 221, 224, 225, 226, 227, 228, 230, 231, 233, 238, 239, 240, 242, 251, 253, 254, 256, 260, 264, 267], "summary": {"covered_lines": 98, "num_statements": 106, "percent_covered": 92.45283018867924, "percent_covered_display": "92.45", "missing_lines": 8, "excluded_lines": 2, "percent_statements_covered": 92.45283018867924, "percent_statements_covered_display": "92.45"}, "missing_lines": [115, 171, 244, 245, 247, 249, 258, 262], "excluded_lines": [27, 119], "start_line": 1}}}, "src\\anivault\\shared\\utils\\metadata_converter.py": {"executed_lines": [18, 20, 21, 22, 32, 35, 36, 40, 43, 51, 52, 78, 93, 95, 96, 126, 127, 128, 129, 131, 133, 134, 135, 136, 138, 139, 144, 145, 146, 147, 148, 149, 150, 151, 152, 154, 169, 170, 194, 195, 196, 206, 207, 208, 223, 224, 264, 265, 320], "summary": {"covered_lines": 49, "num_statements": 57, "percent_covered": 85.96491228070175, "percent_covered_display": "85.96", "missing_lines": 8, "excluded_lines": 9, "percent_statements_covered": 85.96491228070175, "percent_statements_covered_display": "85.96"}, "missing_lines": [140, 141, 249, 295, 296, 297, 302, 304], "excluded_lines": [24, 25, 26, 27, 53, 97, 171, 225, 266], "functions": {"MetadataConverter.to_dict": {"executed_lines": [78, 93], "summary": {"covered_lines": 2, "num_statements": 2, "percent_covered": 100.0, "percent_covered_display": "100.00", "missing_lines": 0, "excluded_lines": 1, "percent_statements_covered": 100.0, "percent_statements_covered_display": "100.00"}, "missing_lines": [], "excluded_lines": [53], "start_line": 52}, "MetadataConverter.from_dict": {"executed_lines": [126, 127, 128, 129, 131, 133, 134, 135, 136, 138, 139, 144, 145, 146, 147, 148, 149, 150, 151, 152, 154], "summary": {"covered_lines": 21, "num_statements": 23, "percent_covered": 91.30434782608695, "percent_covered_display": "91.30", "missing_lines": 2, "excluded_lines": 1, "percent_statements_covered": 91.30434782608695, "percent_statements_covered_display": "91.30"}, "missing_lines": [140, 141], "excluded_lines": [97], "start_line": 96}, "MetadataConverter.file_metadata_to_parsing_result": {"executed_lines": [194, 195, 196, 206, 207, 208], "summary": {"covered_lines": 6, "num_statements": 6, "percent_covered": 100.0, "percent_covered_display": "100.00", "missing_lines": 0, "excluded_lines": 1, "percent_statements_covered": 100.0, "percent_statements_covered_display": "100.00"}, "missing_lines": [], "excluded_lines": [171], "start_line": 170}, "MetadataConverter.parsing_result_to_dict": {"executed_lines": [], "summary": {"covered_lines": 0, "num_statements": 1, "percent_covered": 0.0, "percent_covered_display": "0.00", "missing_lines": 1, "excluded_lines": 1, "percent_statements_covered": 0.0, "percent_statements_covered_display": "0.00"}, "missing_lines": [249], "excluded_lines": [225], "start_line": 224}, "MetadataConverter.parsing_result_from_dict": {"executed_lines": [], "summary": {"covered_lines": 0, "num_statements": 5, "percent_covered": 0.0, "percent_covered_display": "0.00", "missing_lines": 5, "excluded_lines": 1, "percent_statements_covered": 0.0, "percent_statements_covered_display": "0.00"}, "missing_lines": [295, 296, 297, 302, 304], "excluded_lines": [266], "start_line": 265}, "": {"executed_lines": [18, 20, 21, 22, 32, 35, 36, 40, 43, 51, 52, 95, 96, 169, 170, 223, 224, 264, 265, 320], "summary": {"covered_lines": 20, "num_statements": 20, "percent_covered": 100.0, "percent_covered_display": "100.00", "missing_lines": 0, "excluded_lines": 4, "percent_statements_covered": 100.0, "percent_statements_covered_display": "100.00"}, "missing_lines": [], "excluded_lines": [24, 25, 26, 27], "start_line": 1}}, "classes": {"MetadataConverter": {"executed_lines": [78, 93, 126, 127, 128, 129, 131, 133, 134, 135, 136, 138, 139, 144, 145, 146, 147, 148, 149, 150, 151, 152, 154, 194, 195, 196, 206, 207, 208], "summary": {"covered_lines": 29, "num_statements": 37, "percent_covered": 78.37837837837837, "percent_covered_display": "78.38", "missing_lines": 8, "excluded_lines": 5, "percent_statements_covered": 78.37837837837837, "percent_statements_covered_display": "78.38"}, "missing_lines": [140, 141, 249, 295, 296, 297, 302, 304], "excluded_lines": [53, 97, 171, 225, 266], "start_line": 43}, "": {"executed_lines": [18, 20, 21, 22, 32, 35, 36, 40, 43, 51, 52, 95, 96, 169, 170, 223, 224, 264, 265, 320], "summary": {"covered_lines": 20, "num_statements": 20, "percent_covered": 100.0, "percent_covered_display": "100.00", "missing_lines": 0, "excluded_lines": 4, "percent_statements_covered": 100.0, "percent_statements_covered_display": "100.00"}, "missing_lines": [], "excluded_lines": [24, 25, 26, 27], "start_line": 1}}}, "src\\anivault\\utils\\__init__.py": {"executed_lines": [8, 18, 30], "summary": {"covered_lines": 3, "num_statements": 3, "percent_covered": 100.0, "percent_covered_display": "100.00", "missing_lines": 0, "excluded_lines": 0, "percent_statements_covered": 100.0, "percent_statements_covered_display": "100.00"}, "missing_lines": [], "excluded_lines": [], "functions": {"": {"executed_lines": [8, 18, 30], "summary": {"covered_lines": 3, "num_statements": 3, "percent_covered": 100.0, "percent_covered_display": "100.00", "missing_lines": 0, "excluded_lines": 0, "percent_statements_covered": 100.0, "percent_statements_covered_display": "100.00"}, "missing_lines": [], "excluded_lines": [], "start_line": 1}}, "classes": {"": {"executed_lines": [8, 18, 30], "summary": {"covered_lines": 3, "num_statements": 3, "percent_covered": 100.0, "percent_covered_display": "100.00", "missing_lines": 0, "excluded_lines": 0, "percent_statements_covered": 100.0, "percent_statements_covered_display": "100.00"}, "missing_lines": [], "excluded_lines": [], "start_line": 1}}}}, "totals": {"covered_lines": 6633, "num_statements": 8233, "percent_covered": 80.5660148184137, "percent_covered_display": "80.57", "missing_lines": 1600, "excluded_lines": 1090, "percent_statements_covered": 80.5660148184137, "percent_statements_covered_display": "80.57"}}