{"meta": {"format": 3, "version": "7.10.7", "timestamp": "2025-10-08T21:44:24.225309", "branch_coverage": false, "show_contexts": false}, "files": {"src\\anivault\\core\\__init__.py": {"executed_lines": [1, 8, 9, 14, 15, 16, 17, 19], "summary": {"covered_lines": 7, "num_statements": 7, "percent_covered": 100.0, "percent_covered_display": "100", "missing_lines": 0, "excluded_lines": 0}, "missing_lines": [], "excluded_lines": [], "functions": {"": {"executed_lines": [1, 8, 9, 14, 15, 16, 17, 19], "summary": {"covered_lines": 7, "num_statements": 7, "percent_covered": 100.0, "percent_covered_display": "100", "missing_lines": 0, "excluded_lines": 0}, "missing_lines": [], "excluded_lines": []}}, "classes": {"": {"executed_lines": [1, 8, 9, 14, 15, 16, 17, 19], "summary": {"covered_lines": 7, "num_statements": 7, "percent_covered": 100.0, "percent_covered_display": "100", "missing_lines": 0, "excluded_lines": 0}, "missing_lines": [], "excluded_lines": []}}}, "src\\anivault\\core\\benchmark.py": {"executed_lines": [], "summary": {"covered_lines": 0, "num_statements": 155, "percent_covered": 0.0, "percent_covered_display": "0", "missing_lines": 155, "excluded_lines": 0}, "missing_lines": [9, 11, 12, 13, 14, 15, 16, 17, 19, 20, 21, 22, 23, 30, 33, 34, 47, 48, 49, 50, 51, 52, 53, 56, 57, 72, 73, 74, 75, 76, 77, 78, 79, 80, 83, 84, 101, 102, 103, 104, 105, 106, 107, 108, 109, 110, 111, 112, 115, 123, 136, 137, 138, 141, 142, 143, 148, 155, 157, 159, 165, 167, 168, 169, 171, 172, 174, 178, 184, 190, 274, 284, 285, 287, 288, 290, 296, 305, 308, 311, 314, 317, 319, 321, 323, 324, 328, 330, 331, 333, 335, 336, 338, 339, 346, 347, 349, 351, 356, 358, 360, 361, 363, 364, 365, 367, 368, 369, 370, 372, 378, 390, 398, 400, 403, 405, 406, 407, 409, 414, 425, 432, 444, 449, 450, 453, 455, 458, 464, 466, 483, 485, 492, 505, 506, 508, 514, 515, 517, 519, 525, 526, 527, 528, 529, 530, 531, 532, 533, 534, 535, 536, 537, 538, 539], "excluded_lines": [], "functions": {"BenchmarkRunner.__init__": {"executed_lines": [], "summary": {"covered_lines": 0, "num_statements": 9, "percent_covered": 0.0, "percent_covered_display": "0", "missing_lines": 9, "excluded_lines": 0}, "missing_lines": [136, 137, 138, 141, 142, 143, 148, 155, 157], "excluded_lines": []}, "BenchmarkRunner.load_ground_truth": {"executed_lines": [], "summary": {"covered_lines": 0, "num_statements": 8, "percent_covered": 0.0, "percent_covered_display": "0", "missing_lines": 8, "excluded_lines": 0}, "missing_lines": [165, 167, 168, 169, 171, 172, 174, 178], "excluded_lines": []}, "BenchmarkRunner.create_sample_dataset": {"executed_lines": [], "summary": {"covered_lines": 0, "num_statements": 7, "percent_covered": 0.0, "percent_covered_display": "0", "missing_lines": 7, "excluded_lines": 0}, "missing_lines": [190, 274, 284, 285, 287, 288, 290], "excluded_lines": []}, "BenchmarkRunner.run_benchmark": {"executed_lines": [], "summary": {"covered_lines": 0, "num_statements": 6, "percent_covered": 0.0, "percent_covered_display": "0", "missing_lines": 6, "excluded_lines": 0}, "missing_lines": [305, 308, 311, 314, 317, 319], "excluded_lines": []}, "BenchmarkRunner._validate_benchmark_prerequisites": {"executed_lines": [], "summary": {"covered_lines": 0, "num_statements": 2, "percent_covered": 0.0, "percent_covered_display": "0", "missing_lines": 2, "excluded_lines": 0}, "missing_lines": [323, 324], "excluded_lines": []}, "BenchmarkRunner._initialize_benchmark_session": {"executed_lines": [], "summary": {"covered_lines": 0, "num_statements": 2, "percent_covered": 0.0, "percent_covered_display": "0", "missing_lines": 2, "excluded_lines": 0}, "missing_lines": [330, 331], "excluded_lines": []}, "BenchmarkRunner._run_individual_tests": {"executed_lines": [], "summary": {"covered_lines": 0, "num_statements": 7, "percent_covered": 0.0, "percent_covered_display": "0", "missing_lines": 7, "excluded_lines": 0}, "missing_lines": [335, 336, 338, 339, 346, 347, 349], "excluded_lines": []}, "BenchmarkRunner._process_single_test_case": {"executed_lines": [], "summary": {"covered_lines": 0, "num_statements": 11, "percent_covered": 0.0, "percent_covered_display": "0", "missing_lines": 11, "excluded_lines": 0}, "missing_lines": [356, 358, 360, 361, 363, 364, 365, 367, 368, 369, 370], "excluded_lines": []}, "BenchmarkRunner._create_no_match_result": {"executed_lines": [], "summary": {"covered_lines": 0, "num_statements": 1, "percent_covered": 0.0, "percent_covered_display": "0", "missing_lines": 1, "excluded_lines": 0}, "missing_lines": [378], "excluded_lines": []}, "BenchmarkRunner._create_match_result": {"executed_lines": [], "summary": {"covered_lines": 0, "num_statements": 8, "percent_covered": 0.0, "percent_covered_display": "0", "missing_lines": 8, "excluded_lines": 0}, "missing_lines": [398, 400, 403, 405, 406, 407, 409, 414], "excluded_lines": []}, "BenchmarkRunner._create_error_result": {"executed_lines": [], "summary": {"covered_lines": 0, "num_statements": 1, "percent_covered": 0.0, "percent_covered_display": "0", "missing_lines": 1, "excluded_lines": 0}, "missing_lines": [432], "excluded_lines": []}, "BenchmarkRunner._calculate_benchmark_summary": {"executed_lines": [], "summary": {"covered_lines": 0, "num_statements": 7, "percent_covered": 0.0, "percent_covered_display": "0", "missing_lines": 7, "excluded_lines": 0}, "missing_lines": [449, 450, 453, 455, 458, 464, 466], "excluded_lines": []}, "BenchmarkRunner._log_benchmark_completion": {"executed_lines": [], "summary": {"covered_lines": 0, "num_statements": 1, "percent_covered": 0.0, "percent_covered_display": "0", "missing_lines": 1, "excluded_lines": 0}, "missing_lines": [485], "excluded_lines": []}, "BenchmarkRunner.save_results": {"executed_lines": [], "summary": {"covered_lines": 0, "num_statements": 6, "percent_covered": 0.0, "percent_covered_display": "0", "missing_lines": 6, "excluded_lines": 0}, "missing_lines": [505, 506, 508, 514, 515, 517], "excluded_lines": []}, "BenchmarkRunner.print_summary": {"executed_lines": [], "summary": {"covered_lines": 0, "num_statements": 15, "percent_covered": 0.0, "percent_covered_display": "0", "missing_lines": 15, "excluded_lines": 0}, "missing_lines": [525, 526, 527, 528, 529, 530, 531, 532, 533, 534, 535, 536, 537, 538, 539], "excluded_lines": []}, "": {"executed_lines": [], "summary": {"covered_lines": 0, "num_statements": 64, "percent_covered": 0.0, "percent_covered_display": "0", "missing_lines": 64, "excluded_lines": 0}, "missing_lines": [9, 11, 12, 13, 14, 15, 16, 17, 19, 20, 21, 22, 23, 30, 33, 34, 47, 48, 49, 50, 51, 52, 53, 56, 57, 72, 73, 74, 75, 76, 77, 78, 79, 80, 83, 84, 101, 102, 103, 104, 105, 106, 107, 108, 109, 110, 111, 112, 115, 123, 159, 184, 296, 321, 328, 333, 351, 372, 390, 425, 444, 483, 492, 519], "excluded_lines": []}}, "classes": {"GroundTruthEntry": {"executed_lines": [], "summary": {"covered_lines": 0, "num_statements": 0, "percent_covered": 100.0, "percent_covered_display": "100", "missing_lines": 0, "excluded_lines": 0}, "missing_lines": [], "excluded_lines": []}, "BenchmarkResult": {"executed_lines": [], "summary": {"covered_lines": 0, "num_statements": 0, "percent_covered": 100.0, "percent_covered_display": "100", "missing_lines": 0, "excluded_lines": 0}, "missing_lines": [], "excluded_lines": []}, "BenchmarkSummary": {"executed_lines": [], "summary": {"covered_lines": 0, "num_statements": 0, "percent_covered": 100.0, "percent_covered_display": "100", "missing_lines": 0, "excluded_lines": 0}, "missing_lines": [], "excluded_lines": []}, "BenchmarkRunner": {"executed_lines": [], "summary": {"covered_lines": 0, "num_statements": 91, "percent_covered": 0.0, "percent_covered_display": "0", "missing_lines": 91, "excluded_lines": 0}, "missing_lines": [136, 137, 138, 141, 142, 143, 148, 155, 157, 165, 167, 168, 169, 171, 172, 174, 178, 190, 274, 284, 285, 287, 288, 290, 305, 308, 311, 314, 317, 319, 323, 324, 330, 331, 335, 336, 338, 339, 346, 347, 349, 356, 358, 360, 361, 363, 364, 365, 367, 368, 369, 370, 378, 398, 400, 403, 405, 406, 407, 409, 414, 432, 449, 450, 453, 455, 458, 464, 466, 485, 505, 506, 508, 514, 515, 517, 525, 526, 527, 528, 529, 530, 531, 532, 533, 534, 535, 536, 537, 538, 539], "excluded_lines": []}, "": {"executed_lines": [], "summary": {"covered_lines": 0, "num_statements": 64, "percent_covered": 0.0, "percent_covered_display": "0", "missing_lines": 64, "excluded_lines": 0}, "missing_lines": [9, 11, 12, 13, 14, 15, 16, 17, 19, 20, 21, 22, 23, 30, 33, 34, 47, 48, 49, 50, 51, 52, 53, 56, 57, 72, 73, 74, 75, 76, 77, 78, 79, 80, 83, 84, 101, 102, 103, 104, 105, 106, 107, 108, 109, 110, 111, 112, 115, 123, 159, 184, 296, 321, 328, 333, 351, 372, 390, 425, 444, 483, 492, 519], "excluded_lines": []}}}, "src\\anivault\\core\\bounded_queue.py": {"executed_lines": [1, 8, 10, 11, 12, 13, 15, 17, 18, 21, 22, 23, 25, 26, 27, 28, 29, 30, 33, 34, 50, 57, 61, 62, 63, 66, 67, 68, 71, 74, 75, 76, 77, 79, 93, 94, 95, 97, 98, 100, 101, 102, 103, 106, 107, 108, 110, 111, 112, 113, 116, 117, 118, 121, 122, 124, 134, 135, 137, 138, 139, 143, 144, 145, 147, 148, 149, 150, 153, 154, 155, 158, 159, 162, 172, 173, 174, 176, 177, 178, 180, 181, 182, 183, 184, 186, 193, 194, 195, 197, 198, 199, 200, 202, 209, 210, 211, 212, 214, 216, 217, 218, 220, 222, 223, 225, 227, 229, 231, 232, 234, 236, 237, 239, 241, 242, 251, 253, 254, 256, 258, 260, 262, 264, 266, 267, 269, 271], "summary": {"covered_lines": 124, "num_statements": 130, "percent_covered": 95.38461538461539, "percent_covered_display": "95", "missing_lines": 6, "excluded_lines": 2}, "missing_lines": [58, 59, 109, 140, 146, 160], "excluded_lines": [15, 16], "functions": {"BoundedQueue.__init__": {"executed_lines": [57, 61, 62, 63, 66, 67, 68, 71, 74, 75, 76, 77], "summary": {"covered_lines": 12, "num_statements": 14, "percent_covered": 85.71428571428571, "percent_covered_display": "86", "missing_lines": 2, "excluded_lines": 0}, "missing_lines": [58, 59], "excluded_lines": []}, "BoundedQueue.put": {"executed_lines": [93, 94, 95, 97, 98, 100, 101, 102, 103, 106, 107, 108, 110, 111, 112, 113, 116, 117, 118, 121, 122], "summary": {"covered_lines": 21, "num_statements": 22, "percent_covered": 95.45454545454545, "percent_covered_display": "95", "missing_lines": 1, "excluded_lines": 0}, "missing_lines": [109], "excluded_lines": []}, "BoundedQueue.get": {"executed_lines": [134, 135, 137, 138, 139, 143, 144, 145, 147, 148, 149, 150, 153, 154, 155, 158, 159], "summary": {"covered_lines": 17, "num_statements": 20, "percent_covered": 85.0, "percent_covered_display": "85", "missing_lines": 3, "excluded_lines": 0}, "missing_lines": [140, 146, 160], "excluded_lines": []}, "BoundedQueue.put_nowait": {"executed_lines": [172, 173, 174, 176, 177, 178, 180, 181, 182, 183, 184], "summary": {"covered_lines": 11, "num_statements": 11, "percent_covered": 100.0, "percent_covered_display": "100", "missing_lines": 0, "excluded_lines": 0}, "missing_lines": [], "excluded_lines": []}, "BoundedQueue.get_nowait": {"executed_lines": [193, 194, 195, 197, 198, 199, 200], "summary": {"covered_lines": 7, "num_statements": 7, "percent_covered": 100.0, "percent_covered_display": "100", "missing_lines": 0, "excluded_lines": 0}, "missing_lines": [], "excluded_lines": []}, "BoundedQueue.peek": {"executed_lines": [209, 210, 211, 212], "summary": {"covered_lines": 4, "num_statements": 4, "percent_covered": 100.0, "percent_covered_display": "100", "missing_lines": 0, "excluded_lines": 0}, "missing_lines": [], "excluded_lines": []}, "BoundedQueue.clear": {"executed_lines": [216, 217, 218], "summary": {"covered_lines": 3, "num_statements": 3, "percent_covered": 100.0, "percent_covered_display": "100", "missing_lines": 0, "excluded_lines": 0}, "missing_lines": [], "excluded_lines": []}, "BoundedQueue.size": {"executed_lines": [222, 223], "summary": {"covered_lines": 2, "num_statements": 2, "percent_covered": 100.0, "percent_covered_display": "100", "missing_lines": 0, "excluded_lines": 0}, "missing_lines": [], "excluded_lines": []}, "BoundedQueue.capacity": {"executed_lines": [227], "summary": {"covered_lines": 1, "num_statements": 1, "percent_covered": 100.0, "percent_covered_display": "100", "missing_lines": 0, "excluded_lines": 0}, "missing_lines": [], "excluded_lines": []}, "BoundedQueue.is_empty": {"executed_lines": [231, 232], "summary": {"covered_lines": 2, "num_statements": 2, "percent_covered": 100.0, "percent_covered_display": "100", "missing_lines": 0, "excluded_lines": 0}, "missing_lines": [], "excluded_lines": []}, "BoundedQueue.is_full": {"executed_lines": [236, 237], "summary": {"covered_lines": 2, "num_statements": 2, "percent_covered": 100.0, "percent_covered_display": "100", "missing_lines": 0, "excluded_lines": 0}, "missing_lines": [], "excluded_lines": []}, "BoundedQueue.get_stats": {"executed_lines": [241, 242], "summary": {"covered_lines": 2, "num_statements": 2, "percent_covered": 100.0, "percent_covered_display": "100", "missing_lines": 0, "excluded_lines": 0}, "missing_lines": [], "excluded_lines": []}, "BoundedQueue.to_list": {"executed_lines": [253, 254], "summary": {"covered_lines": 2, "num_statements": 2, "percent_covered": 100.0, "percent_covered_display": "100", "missing_lines": 0, "excluded_lines": 0}, "missing_lines": [], "excluded_lines": []}, "BoundedQueue.__len__": {"executed_lines": [258], "summary": {"covered_lines": 1, "num_statements": 1, "percent_covered": 100.0, "percent_covered_display": "100", "missing_lines": 0, "excluded_lines": 0}, "missing_lines": [], "excluded_lines": []}, "BoundedQueue.__bool__": {"executed_lines": [262], "summary": {"covered_lines": 1, "num_statements": 1, "percent_covered": 100.0, "percent_covered_display": "100", "missing_lines": 0, "excluded_lines": 0}, "missing_lines": [], "excluded_lines": []}, "BoundedQueue.__iter__": {"executed_lines": [266, 267], "summary": {"covered_lines": 2, "num_statements": 2, "percent_covered": 100.0, "percent_covered_display": "100", "missing_lines": 0, "excluded_lines": 0}, "missing_lines": [], "excluded_lines": []}, "BoundedQueue.__repr__": {"executed_lines": [271], "summary": {"covered_lines": 1, "num_statements": 1, "percent_covered": 100.0, "percent_covered_display": "100", "missing_lines": 0, "excluded_lines": 0}, "missing_lines": [], "excluded_lines": []}, "": {"executed_lines": [1, 8, 10, 11, 12, 13, 15, 17, 18, 21, 22, 23, 25, 26, 27, 28, 29, 30, 33, 34, 50, 79, 124, 162, 186, 202, 214, 220, 225, 229, 234, 239, 251, 256, 260, 264, 269], "summary": {"covered_lines": 33, "num_statements": 33, "percent_covered": 100.0, "percent_covered_display": "100", "missing_lines": 0, "excluded_lines": 2}, "missing_lines": [], "excluded_lines": [15, 16]}}, "classes": {"QueueStats": {"executed_lines": [], "summary": {"covered_lines": 0, "num_statements": 0, "percent_covered": 100.0, "percent_covered_display": "100", "missing_lines": 0, "excluded_lines": 0}, "missing_lines": [], "excluded_lines": []}, "BoundedQueue": {"executed_lines": [57, 61, 62, 63, 66, 67, 68, 71, 74, 75, 76, 77, 93, 94, 95, 97, 98, 100, 101, 102, 103, 106, 107, 108, 110, 111, 112, 113, 116, 117, 118, 121, 122, 134, 135, 137, 138, 139, 143, 144, 145, 147, 148, 149, 150, 153, 154, 155, 158, 159, 172, 173, 174, 176, 177, 178, 180, 181, 182, 183, 184, 193, 194, 195, 197, 198, 199, 200, 209, 210, 211, 212, 216, 217, 218, 222, 223, 227, 231, 232, 236, 237, 241, 242, 253, 254, 258, 262, 266, 267, 271], "summary": {"covered_lines": 91, "num_statements": 97, "percent_covered": 93.81443298969072, "percent_covered_display": "94", "missing_lines": 6, "excluded_lines": 0}, "missing_lines": [58, 59, 109, 140, 146, 160], "excluded_lines": []}, "": {"executed_lines": [1, 8, 10, 11, 12, 13, 15, 17, 18, 21, 22, 23, 25, 26, 27, 28, 29, 30, 33, 34, 50, 79, 124, 162, 186, 202, 214, 220, 225, 229, 234, 239, 251, 256, 260, 264, 269], "summary": {"covered_lines": 33, "num_statements": 33, "percent_covered": 100.0, "percent_covered_display": "100", "missing_lines": 0, "excluded_lines": 2}, "missing_lines": [], "excluded_lines": [15, 16]}}}, "src\\anivault\\core\\file_grouper.py": {"executed_lines": [1, 8, 10, 11, 12, 13, 15, 16, 17, 18, 19, 29, 35, 37, 40, 41, 43, 45, 47, 49, 50, 51, 52, 53, 54, 57, 58, 61, 62, 65, 68, 69, 70, 72, 74, 75, 76, 78, 80, 81, 84, 85, 88, 89, 90, 91, 92, 93, 96, 97, 99, 102, 104, 105, 107, 108, 111, 116, 117, 118, 121, 122, 123, 126, 129, 130, 133, 134, 136, 137, 139, 141, 143, 144, 145, 147, 149, 150, 151, 152, 154, 156, 157, 158, 159, 161, 162, 165, 166, 169, 173, 174, 178, 181, 184, 185, 187, 190, 196, 197, 199, 200, 204, 205, 207, 212, 213, 215, 216, 218, 219, 220, 223, 224, 225, 226, 228, 229, 230, 232, 233, 235, 236, 239, 240, 241, 242, 243, 245, 246, 248, 249, 251, 254, 255, 257, 266, 267, 268, 269, 270, 271, 272, 276, 291, 296, 297, 298, 301, 303, 305, 306, 311, 312, 313, 316, 317, 321, 322, 325, 328, 331, 333, 339, 341, 342, 350, 356, 362, 369, 419, 431, 432, 435, 438, 440, 442, 454, 456, 458, 459, 460, 461, 463, 465, 475, 476, 477, 478, 480, 494, 497, 498, 500, 501, 502, 503, 504, 505, 506, 508, 509, 510, 512, 514, 515, 517, 518, 521, 522, 528, 529, 530, 532, 533, 534, 535, 538, 539, 540, 541, 544, 545, 547, 548, 549, 551, 553, 564, 565, 568, 569, 571, 572, 574, 575, 577, 579, 588, 591, 594, 597, 598, 600, 602, 612, 614, 626, 627, 628, 630, 632, 633, 635, 636, 641, 644, 650, 655, 657, 673, 675, 687, 688, 692, 693, 694, 697, 698, 701, 705, 707, 709, 711, 753, 777, 791], "summary": {"covered_lines": 272, "num_statements": 327, "percent_covered": 83.18042813455658, "percent_covered_display": "83", "missing_lines": 55, "excluded_lines": 0}, "missing_lines": [87, 273, 274, 343, 379, 382, 384, 387, 388, 391, 392, 393, 394, 397, 398, 401, 402, 405, 409, 410, 411, 414, 415, 417, 513, 524, 525, 637, 638, 664, 665, 671, 720, 723, 724, 729, 730, 731, 734, 735, 736, 739, 740, 743, 744, 747, 748, 749, 751, 764, 769, 775, 786, 804, 805], "excluded_lines": [], "functions": {"TitleExtractor.__init__": {"executed_lines": [45], "summary": {"covered_lines": 1, "num_statements": 1, "percent_covered": 100.0, "percent_covered_display": "100", "missing_lines": 0, "excluded_lines": 0}, "missing_lines": [], "excluded_lines": []}, "TitleExtractor.extract_base_title": {"executed_lines": [49, 50, 51, 52, 53, 54, 57, 58, 61, 62, 65, 68, 69, 70, 72, 74, 75, 76], "summary": {"covered_lines": 18, "num_statements": 18, "percent_covered": 100.0, "percent_covered_display": "100", "missing_lines": 0, "excluded_lines": 0}, "missing_lines": [], "excluded_lines": []}, "TitleExtractor.extract_title_with_parser": {"executed_lines": [80, 81, 84, 85, 88, 89, 90, 91, 92, 93], "summary": {"covered_lines": 10, "num_statements": 11, "percent_covered": 90.9090909090909, "percent_covered_display": "91", "missing_lines": 1, "excluded_lines": 0}, "missing_lines": [87], "excluded_lines": []}, "TitleQualityEvaluator.__init__": {"executed_lines": [], "summary": {"covered_lines": 0, "num_statements": 0, "percent_covered": 100.0, "percent_covered_display": "100", "missing_lines": 0, "excluded_lines": 0}, "missing_lines": [], "excluded_lines": []}, "TitleQualityEvaluator.score_title_quality": {"executed_lines": [104, 105, 107, 108, 111, 116, 117, 118, 121, 122, 123, 126, 129, 130, 133, 134, 136, 137, 139], "summary": {"covered_lines": 19, "num_statements": 19, "percent_covered": 100.0, "percent_covered_display": "100", "missing_lines": 0, "excluded_lines": 0}, "missing_lines": [], "excluded_lines": []}, "TitleQualityEvaluator.is_cleaner_title": {"executed_lines": [143, 144, 145], "summary": {"covered_lines": 3, "num_statements": 3, "percent_covered": 100.0, "percent_covered_display": "100", "missing_lines": 0, "excluded_lines": 0}, "missing_lines": [], "excluded_lines": []}, "TitleQualityEvaluator.contains_technical_info": {"executed_lines": [149, 150, 151, 152], "summary": {"covered_lines": 4, "num_statements": 4, "percent_covered": 100.0, "percent_covered_display": "100", "missing_lines": 0, "excluded_lines": 0}, "missing_lines": [], "excluded_lines": []}, "TitleQualityEvaluator.select_better_title": {"executed_lines": [156, 157, 158, 159, 161, 162, 165, 166, 169, 173, 174, 178, 181], "summary": {"covered_lines": 13, "num_statements": 13, "percent_covered": 100.0, "percent_covered_display": "100", "missing_lines": 0, "excluded_lines": 0}, "missing_lines": [], "excluded_lines": []}, "GroupNameManager.__init__": {"executed_lines": [], "summary": {"covered_lines": 0, "num_statements": 0, "percent_covered": 100.0, "percent_covered_display": "100", "missing_lines": 0, "excluded_lines": 0}, "missing_lines": [], "excluded_lines": []}, "GroupNameManager.ensure_unique_group_name": {"executed_lines": [196, 197, 199, 200, 204, 205], "summary": {"covered_lines": 6, "num_statements": 6, "percent_covered": 100.0, "percent_covered_display": "100", "missing_lines": 0, "excluded_lines": 0}, "missing_lines": [], "excluded_lines": []}, "GroupNameManager.merge_similar_group_names": {"executed_lines": [212, 213, 215, 216, 218, 219, 220, 223, 224, 225, 226, 228, 229, 230, 232, 233, 235, 236, 239, 240, 241, 242, 243, 245, 246, 248, 249, 251], "summary": {"covered_lines": 28, "num_statements": 28, "percent_covered": 100.0, "percent_covered_display": "100", "missing_lines": 0, "excluded_lines": 0}, "missing_lines": [], "excluded_lines": []}, "FileGrouper.__init__": {"executed_lines": [266, 267, 268, 269, 270, 271, 272], "summary": {"covered_lines": 7, "num_statements": 9, "percent_covered": 77.77777777777777, "percent_covered_display": "78", "missing_lines": 2, "excluded_lines": 0}, "missing_lines": [273, 274], "excluded_lines": []}, "FileGrouper.group_files": {"executed_lines": [291, 296, 297, 298, 301, 303, 305, 306, 311, 312, 313, 316, 317, 321, 322, 325, 328, 331, 333, 339, 341, 342, 350, 356, 362], "summary": {"covered_lines": 25, "num_statements": 26, "percent_covered": 96.15384615384616, "percent_covered_display": "96", "missing_lines": 1, "excluded_lines": 0}, "missing_lines": [343], "excluded_lines": []}, "FileGrouper._extract_base_title": {"executed_lines": [], "summary": {"covered_lines": 0, "num_statements": 20, "percent_covered": 0.0, "percent_covered_display": "0", "missing_lines": 20, "excluded_lines": 0}, "missing_lines": [379, 382, 384, 387, 388, 391, 392, 393, 394, 397, 398, 401, 402, 405, 409, 410, 411, 414, 415, 417], "excluded_lines": []}, "FileGrouper._merge_similar_groups": {"executed_lines": [431, 432, 435, 438, 440], "summary": {"covered_lines": 5, "num_statements": 5, "percent_covered": 100.0, "percent_covered_display": "100", "missing_lines": 0, "excluded_lines": 0}, "missing_lines": [], "excluded_lines": []}, "FileGrouper._group_by_normalized_hash": {"executed_lines": [454, 456, 458, 459, 460, 461, 463], "summary": {"covered_lines": 7, "num_statements": 7, "percent_covered": 100.0, "percent_covered_display": "100", "missing_lines": 0, "excluded_lines": 0}, "missing_lines": [], "excluded_lines": []}, "FileGrouper._normalize_title_for_hash": {"executed_lines": [475, 476, 477, 478], "summary": {"covered_lines": 4, "num_statements": 4, "percent_covered": 100.0, "percent_covered_display": "100", "missing_lines": 0, "excluded_lines": 0}, "missing_lines": [], "excluded_lines": []}, "FileGrouper._merge_using_union_find": {"executed_lines": [494, 497, 498, 500, 508, 521, 522, 528, 529, 530, 532, 533, 534, 535, 538, 539, 540, 541, 544, 545, 547, 548, 549, 551], "summary": {"covered_lines": 24, "num_statements": 26, "percent_covered": 92.3076923076923, "percent_covered_display": "92", "missing_lines": 2, "excluded_lines": 0}, "missing_lines": [524, 525], "excluded_lines": []}, "FileGrouper._merge_using_union_find.find": {"executed_lines": [501, 502, 503, 504, 505, 506], "summary": {"covered_lines": 6, "num_statements": 6, "percent_covered": 100.0, "percent_covered_display": "100", "missing_lines": 0, "excluded_lines": 0}, "missing_lines": [], "excluded_lines": []}, "FileGrouper._merge_using_union_find.union": {"executed_lines": [509, 510, 512, 514, 515, 517, 518], "summary": {"covered_lines": 7, "num_statements": 8, "percent_covered": 87.5, "percent_covered_display": "88", "missing_lines": 1, "excluded_lines": 0}, "missing_lines": [513], "excluded_lines": []}, "FileGrouper._calculate_similarity": {"executed_lines": [564, 565, 568, 569, 571, 572, 574, 575, 577], "summary": {"covered_lines": 9, "num_statements": 9, "percent_covered": 100.0, "percent_covered_display": "100", "missing_lines": 0, "excluded_lines": 0}, "missing_lines": [], "excluded_lines": []}, "FileGrouper._normalize_title_for_similarity": {"executed_lines": [588, 591, 594, 597, 598, 600], "summary": {"covered_lines": 6, "num_statements": 6, "percent_covered": 100.0, "percent_covered_display": "100", "missing_lines": 0, "excluded_lines": 0}, "missing_lines": [], "excluded_lines": []}, "FileGrouper._select_best_group_key": {"executed_lines": [612], "summary": {"covered_lines": 1, "num_statements": 1, "percent_covered": 100.0, "percent_covered_display": "100", "missing_lines": 0, "excluded_lines": 0}, "missing_lines": [], "excluded_lines": []}, "FileGrouper._update_group_names_with_parser": {"executed_lines": [626, 627, 628, 630, 632, 633, 635, 636, 641, 644, 650, 655, 657, 673], "summary": {"covered_lines": 14, "num_statements": 19, "percent_covered": 73.6842105263158, "percent_covered_display": "74", "missing_lines": 5, "excluded_lines": 0}, "missing_lines": [637, 638, 664, 665, 671], "excluded_lines": []}, "FileGrouper._select_representative_file": {"executed_lines": [687, 688, 692, 709], "summary": {"covered_lines": 4, "num_statements": 4, "percent_covered": 100.0, "percent_covered_display": "100", "missing_lines": 0, "excluded_lines": 0}, "missing_lines": [], "excluded_lines": []}, "FileGrouper._select_representative_file.score_file": {"executed_lines": [693, 694, 697, 698, 701, 705, 707], "summary": {"covered_lines": 7, "num_statements": 7, "percent_covered": 100.0, "percent_covered_display": "100", "missing_lines": 0, "excluded_lines": 0}, "missing_lines": [], "excluded_lines": []}, "FileGrouper._score_title_quality": {"executed_lines": [], "summary": {"covered_lines": 0, "num_statements": 17, "percent_covered": 0.0, "percent_covered_display": "0", "missing_lines": 17, "excluded_lines": 0}, "missing_lines": [720, 723, 724, 729, 730, 731, 734, 735, 736, 739, 740, 743, 744, 747, 748, 749, 751], "excluded_lines": []}, "FileGrouper._is_cleaner_title": {"executed_lines": [], "summary": {"covered_lines": 0, "num_statements": 3, "percent_covered": 0.0, "percent_covered_display": "0", "missing_lines": 3, "excluded_lines": 0}, "missing_lines": [764, 769, 775], "excluded_lines": []}, "FileGrouper._contains_technical_info": {"executed_lines": [], "summary": {"covered_lines": 0, "num_statements": 1, "percent_covered": 0.0, "percent_covered_display": "0", "missing_lines": 1, "excluded_lines": 0}, "missing_lines": [786], "excluded_lines": []}, "group_similar_files": {"executed_lines": [], "summary": {"covered_lines": 0, "num_statements": 2, "percent_covered": 0.0, "percent_covered_display": "0", "missing_lines": 2, "excluded_lines": 0}, "missing_lines": [804, 805], "excluded_lines": []}, "": {"executed_lines": [1, 8, 10, 11, 12, 13, 15, 16, 17, 18, 19, 29, 35, 37, 40, 41, 43, 47, 78, 96, 97, 99, 102, 141, 147, 154, 184, 185, 187, 190, 207, 254, 255, 257, 276, 369, 419, 442, 465, 480, 553, 579, 602, 614, 675, 711, 753, 777, 791], "summary": {"covered_lines": 44, "num_statements": 44, "percent_covered": 100.0, "percent_covered_display": "100", "missing_lines": 0, "excluded_lines": 0}, "missing_lines": [], "excluded_lines": []}}, "classes": {"TitleExtractor": {"executed_lines": [45, 49, 50, 51, 52, 53, 54, 57, 58, 61, 62, 65, 68, 69, 70, 72, 74, 75, 76, 80, 81, 84, 85, 88, 89, 90, 91, 92, 93], "summary": {"covered_lines": 29, "num_statements": 30, "percent_covered": 96.66666666666667, "percent_covered_display": "97", "missing_lines": 1, "excluded_lines": 0}, "missing_lines": [87], "excluded_lines": []}, "TitleQualityEvaluator": {"executed_lines": [104, 105, 107, 108, 111, 116, 117, 118, 121, 122, 123, 126, 129, 130, 133, 134, 136, 137, 139, 143, 144, 145, 149, 150, 151, 152, 156, 157, 158, 159, 161, 162, 165, 166, 169, 173, 174, 178, 181], "summary": {"covered_lines": 39, "num_statements": 39, "percent_covered": 100.0, "percent_covered_display": "100", "missing_lines": 0, "excluded_lines": 0}, "missing_lines": [], "excluded_lines": []}, "GroupNameManager": {"executed_lines": [196, 197, 199, 200, 204, 205, 212, 213, 215, 216, 218, 219, 220, 223, 224, 225, 226, 228, 229, 230, 232, 233, 235, 236, 239, 240, 241, 242, 243, 245, 246, 248, 249, 251], "summary": {"covered_lines": 34, "num_statements": 34, "percent_covered": 100.0, "percent_covered_display": "100", "missing_lines": 0, "excluded_lines": 0}, "missing_lines": [], "excluded_lines": []}, "FileGrouper": {"executed_lines": [266, 267, 268, 269, 270, 271, 272, 291, 296, 297, 298, 301, 303, 305, 306, 311, 312, 313, 316, 317, 321, 322, 325, 328, 331, 333, 339, 341, 342, 350, 356, 362, 431, 432, 435, 438, 440, 454, 456, 458, 459, 460, 461, 463, 475, 476, 477, 478, 494, 497, 498, 500, 501, 502, 503, 504, 505, 506, 508, 509, 510, 512, 514, 515, 517, 518, 521, 522, 528, 529, 530, 532, 533, 534, 535, 538, 539, 540, 541, 544, 545, 547, 548, 549, 551, 564, 565, 568, 569, 571, 572, 574, 575, 577, 588, 591, 594, 597, 598, 600, 612, 626, 627, 628, 630, 632, 633, 635, 636, 641, 644, 650, 655, 657, 673, 687, 688, 692, 693, 694, 697, 698, 701, 705, 707, 709], "summary": {"covered_lines": 126, "num_statements": 178, "percent_covered": 70.78651685393258, "percent_covered_display": "71", "missing_lines": 52, "excluded_lines": 0}, "missing_lines": [273, 274, 343, 379, 382, 384, 387, 388, 391, 392, 393, 394, 397, 398, 401, 402, 405, 409, 410, 411, 414, 415, 417, 513, 524, 525, 637, 638, 664, 665, 671, 720, 723, 724, 729, 730, 731, 734, 735, 736, 739, 740, 743, 744, 747, 748, 749, 751, 764, 769, 775, 786], "excluded_lines": []}, "": {"executed_lines": [1, 8, 10, 11, 12, 13, 15, 16, 17, 18, 19, 29, 35, 37, 40, 41, 43, 47, 78, 96, 97, 99, 102, 141, 147, 154, 184, 185, 187, 190, 207, 254, 255, 257, 276, 369, 419, 442, 465, 480, 553, 579, 602, 614, 675, 711, 753, 777, 791], "summary": {"covered_lines": 44, "num_statements": 46, "percent_covered": 95.65217391304348, "percent_covered_display": "96", "missing_lines": 2, "excluded_lines": 0}, "missing_lines": [804, 805], "excluded_lines": []}}}, "src\\anivault\\core\\filter.py": {"executed_lines": [1, 8, 10, 11, 12, 13, 15, 18, 19, 27, 49, 90, 141, 158, 167, 176, 192, 208], "summary": {"covered_lines": 16, "num_statements": 65, "percent_covered": 24.615384615384617, "percent_covered_display": "25", "missing_lines": 49, "excluded_lines": 0}, "missing_lines": [34, 37, 40, 45, 59, 62, 63, 64, 67, 68, 69, 72, 73, 76, 77, 85, 86, 88, 110, 111, 114, 115, 116, 119, 120, 121, 124, 125, 128, 129, 130, 131, 134, 135, 136, 137, 139, 151, 152, 153, 154, 156, 165, 174, 187, 188, 190, 199, 210], "excluded_lines": [], "functions": {"FilterEngine.__init__": {"executed_lines": [], "summary": {"covered_lines": 0, "num_statements": 4, "percent_covered": 0.0, "percent_covered_display": "0", "missing_lines": 4, "excluded_lines": 0}, "missing_lines": [34, 37, 40, 45], "excluded_lines": []}, "FilterEngine.should_skip_directory": {"executed_lines": [], "summary": {"covered_lines": 0, "num_statements": 14, "percent_covered": 0.0, "percent_covered_display": "0", "missing_lines": 14, "excluded_lines": 0}, "missing_lines": [59, 62, 63, 64, 67, 68, 69, 72, 73, 76, 77, 85, 86, 88], "excluded_lines": []}, "FilterEngine.should_skip_file": {"executed_lines": [], "summary": {"covered_lines": 0, "num_statements": 19, "percent_covered": 0.0, "percent_covered_display": "0", "missing_lines": 19, "excluded_lines": 0}, "missing_lines": [110, 111, 114, 115, 116, 119, 120, 121, 124, 125, 128, 129, 130, 131, 134, 135, 136, 137, 139], "excluded_lines": []}, "FilterEngine.filter_extensions": {"executed_lines": [], "summary": {"covered_lines": 0, "num_statements": 5, "percent_covered": 0.0, "percent_covered_display": "0", "missing_lines": 5, "excluded_lines": 0}, "missing_lines": [151, 152, 153, 154, 156], "excluded_lines": []}, "FilterEngine.get_allowed_extensions": {"executed_lines": [], "summary": {"covered_lines": 0, "num_statements": 1, "percent_covered": 0.0, "percent_covered_display": "0", "missing_lines": 1, "excluded_lines": 0}, "missing_lines": [165], "excluded_lines": []}, "FilterEngine.get_min_file_size_mb": {"executed_lines": [], "summary": {"covered_lines": 0, "num_statements": 1, "percent_covered": 0.0, "percent_covered_display": "0", "missing_lines": 1, "excluded_lines": 0}, "missing_lines": [174], "excluded_lines": []}, "FilterEngine.is_extension_allowed": {"executed_lines": [], "summary": {"covered_lines": 0, "num_statements": 3, "percent_covered": 0.0, "percent_covered_display": "0", "missing_lines": 3, "excluded_lines": 0}, "missing_lines": [187, 188, 190], "excluded_lines": []}, "FilterEngine.get_excluded_patterns_summary": {"executed_lines": [], "summary": {"covered_lines": 0, "num_statements": 1, "percent_covered": 0.0, "percent_covered_display": "0", "missing_lines": 1, "excluded_lines": 0}, "missing_lines": [199], "excluded_lines": []}, "FilterEngine.__repr__": {"executed_lines": [], "summary": {"covered_lines": 0, "num_statements": 1, "percent_covered": 0.0, "percent_covered_display": "0", "missing_lines": 1, "excluded_lines": 0}, "missing_lines": [210], "excluded_lines": []}, "": {"executed_lines": [1, 8, 10, 11, 12, 13, 15, 18, 19, 27, 49, 90, 141, 158, 167, 176, 192, 208], "summary": {"covered_lines": 16, "num_statements": 16, "percent_covered": 100.0, "percent_covered_display": "100", "missing_lines": 0, "excluded_lines": 0}, "missing_lines": [], "excluded_lines": []}}, "classes": {"FilterEngine": {"executed_lines": [], "summary": {"covered_lines": 0, "num_statements": 49, "percent_covered": 0.0, "percent_covered_display": "0", "missing_lines": 49, "excluded_lines": 0}, "missing_lines": [34, 37, 40, 45, 59, 62, 63, 64, 67, 68, 69, 72, 73, 76, 77, 85, 86, 88, 110, 111, 114, 115, 116, 119, 120, 121, 124, 125, 128, 129, 130, 131, 134, 135, 136, 137, 139, 151, 152, 153, 154, 156, 165, 174, 187, 188, 190, 199, 210], "excluded_lines": []}, "": {"executed_lines": [1, 8, 10, 11, 12, 13, 15, 18, 19, 27, 49, 90, 141, 158, 167, 176, 192, 208], "summary": {"covered_lines": 16, "num_statements": 16, "percent_covered": 100.0, "percent_covered_display": "100", "missing_lines": 0, "excluded_lines": 0}, "missing_lines": [], "excluded_lines": []}}}, "src\\anivault\\core\\log_manager.py": {"executed_lines": [1, 8, 10, 11, 12, 13, 15, 17, 19, 22, 23, 25, 26, 27, 28, 31, 32, 34, 41, 42, 50, 57, 58, 60, 89, 97, 109, 117, 139, 156, 170, 171, 190, 212, 235], "summary": {"covered_lines": 31, "num_statements": 82, "percent_covered": 37.80487804878049, "percent_covered_display": "38", "missing_lines": 51, "excluded_lines": 0}, "missing_lines": [35, 36, 37, 38, 76, 79, 82, 85, 87, 95, 103, 104, 107, 115, 130, 133, 134, 135, 137, 149, 150, 151, 152, 153, 154, 173, 175, 176, 179, 183, 185, 186, 187, 188, 197, 198, 201, 210, 219, 220, 222, 224, 225, 228, 231, 233, 248, 251, 253, 254, 256], "excluded_lines": [], "functions": {"LogFileNotFoundError.__init__": {"executed_lines": [26, 27, 28], "summary": {"covered_lines": 3, "num_statements": 3, "percent_covered": 100.0, "percent_covered_display": "100", "missing_lines": 0, "excluded_lines": 0}, "missing_lines": [], "excluded_lines": []}, "LogFileCorruptedError.__init__": {"executed_lines": [], "summary": {"covered_lines": 0, "num_statements": 4, "percent_covered": 0.0, "percent_covered_display": "0", "missing_lines": 4, "excluded_lines": 0}, "missing_lines": [35, 36, 37, 38], "excluded_lines": []}, "OperationLogManager.__init__": {"executed_lines": [57, 58], "summary": {"covered_lines": 2, "num_statements": 2, "percent_covered": 100.0, "percent_covered_display": "100", "missing_lines": 0, "excluded_lines": 0}, "missing_lines": [], "excluded_lines": []}, "OperationLogManager.save_plan": {"executed_lines": [], "summary": {"covered_lines": 0, "num_statements": 5, "percent_covered": 0.0, "percent_covered_display": "0", "missing_lines": 5, "excluded_lines": 0}, "missing_lines": [76, 79, 82, 85, 87], "excluded_lines": []}, "OperationLogManager._ensure_logs_directory": {"executed_lines": [], "summary": {"covered_lines": 0, "num_statements": 1, "percent_covered": 0.0, "percent_covered_display": "0", "missing_lines": 1, "excluded_lines": 0}, "missing_lines": [95], "excluded_lines": []}, "OperationLogManager._generate_log_file_path": {"executed_lines": [], "summary": {"covered_lines": 0, "num_statements": 3, "percent_covered": 0.0, "percent_covered_display": "0", "missing_lines": 3, "excluded_lines": 0}, "missing_lines": [103, 104, 107], "excluded_lines": []}, "OperationLogManager._get_timestamp": {"executed_lines": [], "summary": {"covered_lines": 0, "num_statements": 1, "percent_covered": 0.0, "percent_covered_display": "0", "missing_lines": 1, "excluded_lines": 0}, "missing_lines": [115], "excluded_lines": []}, "OperationLogManager._serialize_plan_data": {"executed_lines": [], "summary": {"covered_lines": 0, "num_statements": 5, "percent_covered": 0.0, "percent_covered_display": "0", "missing_lines": 5, "excluded_lines": 0}, "missing_lines": [130, 133, 134, 135, 137], "excluded_lines": []}, "OperationLogManager._write_log_file": {"executed_lines": [], "summary": {"covered_lines": 0, "num_statements": 6, "percent_covered": 0.0, "percent_covered_display": "0", "missing_lines": 6, "excluded_lines": 0}, "missing_lines": [149, 150, 151, 152, 153, 154], "excluded_lines": []}, "OperationLogManager.load_plan": {"executed_lines": [170, 171], "summary": {"covered_lines": 2, "num_statements": 11, "percent_covered": 18.181818181818183, "percent_covered_display": "18", "missing_lines": 9, "excluded_lines": 0}, "missing_lines": [173, 175, 176, 179, 183, 185, 186, 187, 188], "excluded_lines": []}, "OperationLogManager.list_logs": {"executed_lines": [], "summary": {"covered_lines": 0, "num_statements": 4, "percent_covered": 0.0, "percent_covered_display": "0", "missing_lines": 4, "excluded_lines": 0}, "missing_lines": [197, 198, 201, 210], "excluded_lines": []}, "OperationLogManager.get_log_identifiers": {"executed_lines": [], "summary": {"covered_lines": 0, "num_statements": 8, "percent_covered": 0.0, "percent_covered_display": "0", "missing_lines": 8, "excluded_lines": 0}, "missing_lines": [219, 220, 222, 224, 225, 228, 231, 233], "excluded_lines": []}, "OperationLogManager.get_log_by_id": {"executed_lines": [], "summary": {"covered_lines": 0, "num_statements": 5, "percent_covered": 0.0, "percent_covered_display": "0", "missing_lines": 5, "excluded_lines": 0}, "missing_lines": [248, 251, 253, 254, 256], "excluded_lines": []}, "": {"executed_lines": [1, 8, 10, 11, 12, 13, 15, 17, 19, 22, 23, 25, 31, 32, 34, 41, 42, 50, 60, 89, 97, 109, 117, 139, 156, 190, 212, 235], "summary": {"covered_lines": 24, "num_statements": 24, "percent_covered": 100.0, "percent_covered_display": "100", "missing_lines": 0, "excluded_lines": 0}, "missing_lines": [], "excluded_lines": []}}, "classes": {"LogFileNotFoundError": {"executed_lines": [26, 27, 28], "summary": {"covered_lines": 3, "num_statements": 3, "percent_covered": 100.0, "percent_covered_display": "100", "missing_lines": 0, "excluded_lines": 0}, "missing_lines": [], "excluded_lines": []}, "LogFileCorruptedError": {"executed_lines": [], "summary": {"covered_lines": 0, "num_statements": 4, "percent_covered": 0.0, "percent_covered_display": "0", "missing_lines": 4, "excluded_lines": 0}, "missing_lines": [35, 36, 37, 38], "excluded_lines": []}, "OperationLogManager": {"executed_lines": [57, 58, 170, 171], "summary": {"covered_lines": 4, "num_statements": 51, "percent_covered": 7.8431372549019605, "percent_covered_display": "8", "missing_lines": 47, "excluded_lines": 0}, "missing_lines": [76, 79, 82, 85, 87, 95, 103, 104, 107, 115, 130, 133, 134, 135, 137, 149, 150, 151, 152, 153, 154, 173, 175, 176, 179, 183, 185, 186, 187, 188, 197, 198, 201, 210, 219, 220, 222, 224, 225, 228, 231, 233, 248, 251, 253, 254, 256], "excluded_lines": []}, "": {"executed_lines": [1, 8, 10, 11, 12, 13, 15, 17, 19, 22, 23, 25, 31, 32, 34, 41, 42, 50, 60, 89, 97, 109, 117, 139, 156, 190, 212, 235], "summary": {"covered_lines": 24, "num_statements": 24, "percent_covered": 100.0, "percent_covered_display": "100", "missing_lines": 0, "excluded_lines": 0}, "missing_lines": [], "excluded_lines": []}}}, "src\\anivault\\core\\matching\\__init__.py": {"executed_lines": [1, 7, 9], "summary": {"covered_lines": 2, "num_statements": 2, "percent_covered": 100.0, "percent_covered_display": "100", "missing_lines": 0, "excluded_lines": 0}, "missing_lines": [], "excluded_lines": [], "functions": {"": {"executed_lines": [1, 7, 9], "summary": {"covered_lines": 2, "num_statements": 2, "percent_covered": 100.0, "percent_covered_display": "100", "missing_lines": 0, "excluded_lines": 0}, "missing_lines": [], "excluded_lines": []}}, "classes": {"": {"executed_lines": [1, 7, 9], "summary": {"covered_lines": 2, "num_statements": 2, "percent_covered": 100.0, "percent_covered_display": "100", "missing_lines": 0, "excluded_lines": 0}, "missing_lines": [], "excluded_lines": []}}}, "src\\anivault\\core\\matching\\engine.py": {"executed_lines": [1, 8, 10, 11, 13, 15, 16, 17, 18, 19, 20, 21, 22, 31, 34, 35, 49, 62, 63, 64, 66, 83, 86, 91, 94, 95, 96, 97, 100, 130, 131, 132, 169, 253, 319, 330, 332, 334, 335, 336, 339, 340, 341, 381, 393, 394, 395, 396, 398, 399, 401, 413, 415, 416, 417, 421, 443, 486, 507, 553, 575, 620, 634, 725, 812, 829, 841, 842, 847, 848, 856, 857, 859, 861, 862, 866], "summary": {"covered_lines": 74, "num_statements": 267, "percent_covered": 27.715355805243444, "percent_covered_display": "28", "missing_lines": 193, "excluded_lines": 0}, "missing_lines": [104, 107, 108, 112, 113, 116, 117, 121, 122, 123, 127, 128, 135, 136, 138, 140, 141, 144, 148, 149, 150, 157, 158, 160, 161, 162, 167, 186, 187, 188, 190, 191, 192, 193, 194, 196, 198, 200, 202, 203, 204, 205, 206, 207, 209, 210, 216, 217, 220, 224, 225, 232, 234, 236, 246, 250, 251, 270, 272, 273, 275, 281, 286, 288, 294, 295, 301, 305, 308, 313, 317, 344, 350, 351, 354, 360, 361, 364, 370, 371, 373, 375, 376, 377, 378, 379, 419, 435, 441, 457, 458, 460, 467, 468, 474, 479, 480, 481, 482, 484, 495, 497, 498, 503, 505, 522, 523, 524, 525, 526, 527, 528, 530, 544, 551, 566, 567, 569, 593, 596, 599, 600, 601, 602, 606, 609, 614, 618, 632, 649, 650, 651, 653, 655, 657, 659, 662, 665, 667, 669, 675, 681, 682, 683, 691, 699, 700, 701, 708, 717, 722, 723, 743, 744, 745, 747, 748, 749, 751, 757, 759, 761, 762, 763, 764, 765, 768, 774, 777, 778, 781, 782, 787, 789, 798, 801, 806, 810, 821, 822, 823, 824, 825, 826, 827, 849, 850, 851, 852, 853, 858, 860, 864], "excluded_lines": [], "functions": {"MatchingEngine.__init__": {"executed_lines": [62, 63, 64], "summary": {"covered_lines": 3, "num_statements": 3, "percent_covered": 100.0, "percent_covered_display": "100", "missing_lines": 0, "excluded_lines": 0}, "missing_lines": [], "excluded_lines": []}, "MatchingEngine._search_tmdb": {"executed_lines": [83, 86, 91, 94, 95, 96, 97, 100, 130, 131, 132], "summary": {"covered_lines": 11, "num_statements": 38, "percent_covered": 28.94736842105263, "percent_covered_display": "29", "missing_lines": 27, "excluded_lines": 0}, "missing_lines": [104, 107, 108, 112, 113, 116, 117, 121, 122, 123, 127, 128, 135, 136, 138, 140, 141, 144, 148, 149, 150, 157, 158, 160, 161, 162, 167], "excluded_lines": []}, "MatchingEngine._filter_and_sort_by_year": {"executed_lines": [], "summary": {"covered_lines": 0, "num_statements": 30, "percent_covered": 0.0, "percent_covered_display": "0", "missing_lines": 30, "excluded_lines": 0}, "missing_lines": [186, 187, 188, 190, 191, 192, 193, 194, 196, 198, 200, 202, 203, 204, 205, 206, 207, 209, 210, 216, 217, 220, 224, 225, 232, 234, 236, 246, 250, 251], "excluded_lines": []}, "MatchingEngine._calculate_confidence_scores": {"executed_lines": [], "summary": {"covered_lines": 0, "num_statements": 14, "percent_covered": 0.0, "percent_covered_display": "0", "missing_lines": 14, "excluded_lines": 0}, "missing_lines": [270, 272, 273, 275, 281, 286, 288, 294, 295, 301, 305, 308, 313, 317], "excluded_lines": []}, "MatchingEngine.find_match": {"executed_lines": [330, 332, 334, 335, 336, 339, 340, 341], "summary": {"covered_lines": 8, "num_statements": 23, "percent_covered": 34.78260869565217, "percent_covered_display": "35", "missing_lines": 15, "excluded_lines": 0}, "missing_lines": [344, 350, 351, 354, 360, 361, 364, 370, 371, 373, 375, 376, 377, 378, 379], "excluded_lines": []}, "MatchingEngine._validate_and_normalize_input": {"executed_lines": [393, 394, 395, 396, 398, 399], "summary": {"covered_lines": 6, "num_statements": 6, "percent_covered": 100.0, "percent_covered_display": "100", "missing_lines": 0, "excluded_lines": 0}, "missing_lines": [], "excluded_lines": []}, "MatchingEngine._search_for_candidates": {"executed_lines": [413, 415, 416, 417], "summary": {"covered_lines": 4, "num_statements": 5, "percent_covered": 80.0, "percent_covered_display": "80", "missing_lines": 1, "excluded_lines": 0}, "missing_lines": [419], "excluded_lines": []}, "MatchingEngine._score_and_rank_candidates": {"executed_lines": [], "summary": {"covered_lines": 0, "num_statements": 2, "percent_covered": 0.0, "percent_covered_display": "0", "missing_lines": 2, "excluded_lines": 0}, "missing_lines": [435, 441], "excluded_lines": []}, "MatchingEngine._apply_fallback_if_needed": {"executed_lines": [], "summary": {"covered_lines": 0, "num_statements": 11, "percent_covered": 0.0, "percent_covered_display": "0", "missing_lines": 11, "excluded_lines": 0}, "missing_lines": [457, 458, 460, 467, 468, 474, 479, 480, 481, 482, 484], "excluded_lines": []}, "MatchingEngine._validate_final_confidence": {"executed_lines": [], "summary": {"covered_lines": 0, "num_statements": 5, "percent_covered": 0.0, "percent_covered_display": "0", "missing_lines": 5, "excluded_lines": 0}, "missing_lines": [495, 497, 498, 503, 505], "excluded_lines": []}, "MatchingEngine._create_match_result": {"executed_lines": [], "summary": {"covered_lines": 0, "num_statements": 10, "percent_covered": 0.0, "percent_covered_display": "0", "missing_lines": 10, "excluded_lines": 0}, "missing_lines": [522, 523, 524, 525, 526, 527, 528, 530, 544, 551], "excluded_lines": []}, "MatchingEngine._record_successful_match": {"executed_lines": [], "summary": {"covered_lines": 0, "num_statements": 3, "percent_covered": 0.0, "percent_covered_display": "0", "missing_lines": 3, "excluded_lines": 0}, "missing_lines": [566, 567, 569], "excluded_lines": []}, "MatchingEngine._apply_fallback_strategies": {"executed_lines": [], "summary": {"covered_lines": 0, "num_statements": 10, "percent_covered": 0.0, "percent_covered_display": "0", "missing_lines": 10, "excluded_lines": 0}, "missing_lines": [593, 596, 599, 600, 601, 602, 606, 609, 614, 618], "excluded_lines": []}, "MatchingEngine._get_candidate_title": {"executed_lines": [], "summary": {"covered_lines": 0, "num_statements": 1, "percent_covered": 0.0, "percent_covered_display": "0", "missing_lines": 1, "excluded_lines": 0}, "missing_lines": [632], "excluded_lines": []}, "MatchingEngine._apply_genre_filter": {"executed_lines": [], "summary": {"covered_lines": 0, "num_statements": 23, "percent_covered": 0.0, "percent_covered_display": "0", "missing_lines": 23, "excluded_lines": 0}, "missing_lines": [649, 650, 651, 653, 655, 657, 659, 662, 665, 667, 669, 675, 681, 682, 683, 691, 699, 700, 701, 708, 717, 722, 723], "excluded_lines": []}, "MatchingEngine._apply_partial_substring_match": {"executed_lines": [], "summary": {"covered_lines": 0, "num_statements": 26, "percent_covered": 0.0, "percent_covered_display": "0", "missing_lines": 26, "excluded_lines": 0}, "missing_lines": [743, 744, 745, 747, 748, 749, 751, 757, 759, 761, 762, 763, 764, 765, 768, 774, 777, 778, 781, 782, 787, 789, 798, 801, 806, 810], "excluded_lines": []}, "MatchingEngine._get_confidence_level": {"executed_lines": [], "summary": {"covered_lines": 0, "num_statements": 7, "percent_covered": 0.0, "percent_covered_display": "0", "missing_lines": 7, "excluded_lines": 0}, "missing_lines": [821, 822, 823, 824, 825, 826, 827], "excluded_lines": []}, "MatchingEngine.get_cache_stats": {"executed_lines": [841, 842, 847, 848, 856, 857, 859, 861, 862, 866], "summary": {"covered_lines": 10, "num_statements": 18, "percent_covered": 55.55555555555556, "percent_covered_display": "56", "missing_lines": 8, "excluded_lines": 0}, "missing_lines": [849, 850, 851, 852, 853, 858, 860, 864], "excluded_lines": []}, "": {"executed_lines": [1, 8, 10, 11, 13, 15, 16, 17, 18, 19, 20, 21, 22, 31, 34, 35, 49, 66, 169, 253, 319, 381, 401, 421, 443, 486, 507, 553, 575, 620, 634, 725, 812, 829], "summary": {"covered_lines": 32, "num_statements": 32, "percent_covered": 100.0, "percent_covered_display": "100", "missing_lines": 0, "excluded_lines": 0}, "missing_lines": [], "excluded_lines": []}}, "classes": {"MatchingEngine": {"executed_lines": [62, 63, 64, 83, 86, 91, 94, 95, 96, 97, 100, 130, 131, 132, 330, 332, 334, 335, 336, 339, 340, 341, 393, 394, 395, 396, 398, 399, 413, 415, 416, 417, 841, 842, 847, 848, 856, 857, 859, 861, 862, 866], "summary": {"covered_lines": 42, "num_statements": 235, "percent_covered": 17.872340425531913, "percent_covered_display": "18", "missing_lines": 193, "excluded_lines": 0}, "missing_lines": [104, 107, 108, 112, 113, 116, 117, 121, 122, 123, 127, 128, 135, 136, 138, 140, 141, 144, 148, 149, 150, 157, 158, 160, 161, 162, 167, 186, 187, 188, 190, 191, 192, 193, 194, 196, 198, 200, 202, 203, 204, 205, 206, 207, 209, 210, 216, 217, 220, 224, 225, 232, 234, 236, 246, 250, 251, 270, 272, 273, 275, 281, 286, 288, 294, 295, 301, 305, 308, 313, 317, 344, 350, 351, 354, 360, 361, 364, 370, 371, 373, 375, 376, 377, 378, 379, 419, 435, 441, 457, 458, 460, 467, 468, 474, 479, 480, 481, 482, 484, 495, 497, 498, 503, 505, 522, 523, 524, 525, 526, 527, 528, 530, 544, 551, 566, 567, 569, 593, 596, 599, 600, 601, 602, 606, 609, 614, 618, 632, 649, 650, 651, 653, 655, 657, 659, 662, 665, 667, 669, 675, 681, 682, 683, 691, 699, 700, 701, 708, 717, 722, 723, 743, 744, 745, 747, 748, 749, 751, 757, 759, 761, 762, 763, 764, 765, 768, 774, 777, 778, 781, 782, 787, 789, 798, 801, 806, 810, 821, 822, 823, 824, 825, 826, 827, 849, 850, 851, 852, 853, 858, 860, 864], "excluded_lines": []}, "": {"executed_lines": [1, 8, 10, 11, 13, 15, 16, 17, 18, 19, 20, 21, 22, 31, 34, 35, 49, 66, 169, 253, 319, 381, 401, 421, 443, 486, 507, 553, 575, 620, 634, 725, 812, 829], "summary": {"covered_lines": 32, "num_statements": 32, "percent_covered": 100.0, "percent_covered_display": "100", "missing_lines": 0, "excluded_lines": 0}, "missing_lines": [], "excluded_lines": []}}}, "src\\anivault\\core\\matching\\filters.py": {"executed_lines": [], "summary": {"covered_lines": 0, "num_statements": 60, "percent_covered": 0.0, "percent_covered_display": "0", "missing_lines": 60, "excluded_lines": 0}, "missing_lines": [9, 11, 13, 15, 16, 17, 19, 22, 38, 41, 42, 45, 46, 48, 50, 52, 53, 56, 57, 58, 59, 67, 68, 69, 70, 71, 72, 74, 76, 79, 92, 93, 95, 96, 97, 100, 101, 102, 107, 110, 128, 130, 131, 133, 134, 137, 145, 146, 147, 154, 157, 167, 169, 170, 172, 174, 175, 176, 179, 188], "excluded_lines": [], "functions": {"filter_and_sort_by_year": {"executed_lines": [], "summary": {"covered_lines": 0, "num_statements": 16, "percent_covered": 0.0, "percent_covered_display": "0", "missing_lines": 16, "excluded_lines": 0}, "missing_lines": [38, 41, 42, 45, 46, 48, 50, 52, 53, 56, 57, 58, 59, 67, 74, 76], "excluded_lines": []}, "filter_and_sort_by_year.year_sort_key": {"executed_lines": [], "summary": {"covered_lines": 0, "num_statements": 5, "percent_covered": 0.0, "percent_covered_display": "0", "missing_lines": 5, "excluded_lines": 0}, "missing_lines": [68, 69, 70, 71, 72], "excluded_lines": []}, "apply_genre_filter": {"executed_lines": [], "summary": {"covered_lines": 0, "num_statements": 9, "percent_covered": 0.0, "percent_covered_display": "0", "missing_lines": 9, "excluded_lines": 0}, "missing_lines": [92, 93, 95, 96, 97, 100, 101, 102, 107], "excluded_lines": []}, "apply_partial_substring_match": {"executed_lines": [], "summary": {"covered_lines": 0, "num_statements": 10, "percent_covered": 0.0, "percent_covered_display": "0", "missing_lines": 10, "excluded_lines": 0}, "missing_lines": [128, 130, 131, 133, 134, 137, 145, 146, 147, 154], "excluded_lines": []}, "_extract_year_from_candidate": {"executed_lines": [], "summary": {"covered_lines": 0, "num_statements": 7, "percent_covered": 0.0, "percent_covered_display": "0", "missing_lines": 7, "excluded_lines": 0}, "missing_lines": [167, 169, 170, 172, 174, 175, 176], "excluded_lines": []}, "_get_candidate_title": {"executed_lines": [], "summary": {"covered_lines": 0, "num_statements": 1, "percent_covered": 0.0, "percent_covered_display": "0", "missing_lines": 1, "excluded_lines": 0}, "missing_lines": [188], "excluded_lines": []}, "": {"executed_lines": [], "summary": {"covered_lines": 0, "num_statements": 12, "percent_covered": 0.0, "percent_covered_display": "0", "missing_lines": 12, "excluded_lines": 0}, "missing_lines": [9, 11, 13, 15, 16, 17, 19, 22, 79, 110, 157, 179], "excluded_lines": []}}, "classes": {"": {"executed_lines": [], "summary": {"covered_lines": 0, "num_statements": 60, "percent_covered": 0.0, "percent_covered_display": "0", "missing_lines": 60, "excluded_lines": 0}, "missing_lines": [9, 11, 13, 15, 16, 17, 19, 22, 38, 41, 42, 45, 46, 48, 50, 52, 53, 56, 57, 58, 59, 67, 68, 69, 70, 71, 72, 74, 76, 79, 92, 93, 95, 96, 97, 100, 101, 102, 107, 110, 128, 130, 131, 133, 134, 137, 145, 146, 147, 154, 157, 167, 169, 170, 172, 174, 175, 176, 179, 188], "excluded_lines": []}}}, "src\\anivault\\core\\matching\\models.py": {"executed_lines": [1, 7, 9, 10, 11, 13, 16, 17, 18, 28, 29, 31, 38, 39, 40, 43, 44, 45, 47, 48, 52, 55, 56, 57, 76, 77, 78, 79, 80, 81, 82, 83, 84, 85, 86, 88, 95, 96, 97, 100, 105, 111, 114, 115, 119, 121], "summary": {"covered_lines": 43, "num_statements": 44, "percent_covered": 97.72727272727273, "percent_covered_display": "98", "missing_lines": 1, "excluded_lines": 0}, "missing_lines": [127], "excluded_lines": [], "functions": {"NormalizedQuery.__post_init__": {"executed_lines": [38, 39, 40, 43, 44, 45, 47, 48, 52], "summary": {"covered_lines": 9, "num_statements": 9, "percent_covered": 100.0, "percent_covered_display": "100", "missing_lines": 0, "excluded_lines": 0}, "missing_lines": [], "excluded_lines": []}, "MatchResult.__post_init__": {"executed_lines": [95, 96, 97, 100, 105, 111, 114, 115, 119], "summary": {"covered_lines": 9, "num_statements": 9, "percent_covered": 100.0, "percent_covered_display": "100", "missing_lines": 0, "excluded_lines": 0}, "missing_lines": [], "excluded_lines": []}, "MatchResult.to_dict": {"executed_lines": [], "summary": {"covered_lines": 0, "num_statements": 1, "percent_covered": 0.0, "percent_covered_display": "0", "missing_lines": 1, "excluded_lines": 0}, "missing_lines": [127], "excluded_lines": []}, "": {"executed_lines": [1, 7, 9, 10, 11, 13, 16, 17, 18, 28, 29, 31, 55, 56, 57, 76, 77, 78, 79, 80, 81, 82, 83, 84, 85, 86, 88, 121], "summary": {"covered_lines": 25, "num_statements": 25, "percent_covered": 100.0, "percent_covered_display": "100", "missing_lines": 0, "excluded_lines": 0}, "missing_lines": [], "excluded_lines": []}}, "classes": {"NormalizedQuery": {"executed_lines": [38, 39, 40, 43, 44, 45, 47, 48, 52], "summary": {"covered_lines": 9, "num_statements": 9, "percent_covered": 100.0, "percent_covered_display": "100", "missing_lines": 0, "excluded_lines": 0}, "missing_lines": [], "excluded_lines": []}, "MatchResult": {"executed_lines": [95, 96, 97, 100, 105, 111, 114, 115, 119], "summary": {"covered_lines": 9, "num_statements": 10, "percent_covered": 90.0, "percent_covered_display": "90", "missing_lines": 1, "excluded_lines": 0}, "missing_lines": [127], "excluded_lines": []}, "": {"executed_lines": [1, 7, 9, 10, 11, 13, 16, 17, 18, 28, 29, 31, 55, 56, 57, 76, 77, 78, 79, 80, 81, 82, 83, 84, 85, 86, 88, 121], "summary": {"covered_lines": 25, "num_statements": 25, "percent_covered": 100.0, "percent_covered_display": "100", "missing_lines": 0, "excluded_lines": 0}, "missing_lines": [], "excluded_lines": []}}}, "src\\anivault\\core\\matching\\scoring.py": {"executed_lines": [1, 7, 9, 11, 13, 14, 15, 17, 20, 65, 67, 69, 70, 72, 73, 77, 78, 79, 80, 81, 87, 97, 98, 99, 103, 104, 109, 117, 119, 129, 131, 133, 138, 139, 141, 146, 149, 159, 160, 164, 165, 168, 178, 179, 181, 183, 184, 187, 188, 189, 190, 191, 192, 194, 195, 200, 203, 212, 213, 216, 217, 218, 219, 223, 232, 233, 238, 239], "summary": {"covered_lines": 67, "num_statements": 71, "percent_covered": 94.36619718309859, "percent_covered_display": "94", "missing_lines": 4, "excluded_lines": 0}, "missing_lines": [88, 89, 90, 220], "excluded_lines": [], "functions": {"calculate_confidence_score": {"executed_lines": [65, 67, 69, 70, 72, 73, 77, 78, 79, 80, 81, 87, 97, 98, 99, 103, 104, 109, 117, 119, 129, 131, 133, 138, 139, 141, 146], "summary": {"covered_lines": 27, "num_statements": 30, "percent_covered": 90.0, "percent_covered_display": "90", "missing_lines": 3, "excluded_lines": 0}, "missing_lines": [88, 89, 90], "excluded_lines": []}, "_calculate_title_score": {"executed_lines": [159, 160, 164, 165], "summary": {"covered_lines": 4, "num_statements": 4, "percent_covered": 100.0, "percent_covered_display": "100", "missing_lines": 0, "excluded_lines": 0}, "missing_lines": [], "excluded_lines": []}, "_calculate_year_score": {"executed_lines": [178, 179, 181, 183, 184, 187, 188, 189, 190, 191, 192, 194, 195, 200], "summary": {"covered_lines": 14, "num_statements": 14, "percent_covered": 100.0, "percent_covered_display": "100", "missing_lines": 0, "excluded_lines": 0}, "missing_lines": [], "excluded_lines": []}, "_calculate_media_type_score": {"executed_lines": [212, 213, 216, 217, 218, 219], "summary": {"covered_lines": 6, "num_statements": 7, "percent_covered": 85.71428571428571, "percent_covered_display": "86", "missing_lines": 1, "excluded_lines": 0}, "missing_lines": [220], "excluded_lines": []}, "_calculate_popularity_bonus": {"executed_lines": [232, 233, 238, 239], "summary": {"covered_lines": 4, "num_statements": 4, "percent_covered": 100.0, "percent_covered_display": "100", "missing_lines": 0, "excluded_lines": 0}, "missing_lines": [], "excluded_lines": []}, "": {"executed_lines": [1, 7, 9, 11, 13, 14, 15, 17, 20, 149, 168, 203, 223], "summary": {"covered_lines": 12, "num_statements": 12, "percent_covered": 100.0, "percent_covered_display": "100", "missing_lines": 0, "excluded_lines": 0}, "missing_lines": [], "excluded_lines": []}}, "classes": {"": {"executed_lines": [1, 7, 9, 11, 13, 14, 15, 17, 20, 65, 67, 69, 70, 72, 73, 77, 78, 79, 80, 81, 87, 97, 98, 99, 103, 104, 109, 117, 119, 129, 131, 133, 138, 139, 141, 146, 149, 159, 160, 164, 165, 168, 178, 179, 181, 183, 184, 187, 188, 189, 190, 191, 192, 194, 195, 200, 203, 212, 213, 216, 217, 218, 219, 223, 232, 233, 238, 239], "summary": {"covered_lines": 67, "num_statements": 71, "percent_covered": 94.36619718309859, "percent_covered_display": "94", "missing_lines": 4, "excluded_lines": 0}, "missing_lines": [88, 89, 90, 220], "excluded_lines": []}}}, "src\\anivault\\core\\models.py": {"executed_lines": [1, 8, 10, 11, 12, 14, 16, 19, 20, 22, 23, 26, 27, 34, 38, 42, 47, 51, 56, 57, 64, 80, 84, 88, 92, 97, 101, 102, 106], "summary": {"covered_lines": 25, "num_statements": 28, "percent_covered": 89.28571428571429, "percent_covered_display": "89", "missing_lines": 3, "excluded_lines": 0}, "missing_lines": [53, 104, 108], "excluded_lines": [], "functions": {"FileOperation.model_post_init": {"executed_lines": [], "summary": {"covered_lines": 0, "num_statements": 0, "percent_covered": 100.0, "percent_covered_display": "100", "missing_lines": 0, "excluded_lines": 0}, "missing_lines": [], "excluded_lines": []}, "FileOperation.__str__": {"executed_lines": [], "summary": {"covered_lines": 0, "num_statements": 1, "percent_covered": 0.0, "percent_covered_display": "0", "missing_lines": 1, "excluded_lines": 0}, "missing_lines": [53], "excluded_lines": []}, "ScannedFile.model_post_init": {"executed_lines": [], "summary": {"covered_lines": 0, "num_statements": 0, "percent_covered": 100.0, "percent_covered_display": "100", "missing_lines": 0, "excluded_lines": 0}, "missing_lines": [], "excluded_lines": []}, "ScannedFile.extension": {"executed_lines": [], "summary": {"covered_lines": 0, "num_statements": 1, "percent_covered": 0.0, "percent_covered_display": "0", "missing_lines": 1, "excluded_lines": 0}, "missing_lines": [104], "excluded_lines": []}, "ScannedFile.__str__": {"executed_lines": [], "summary": {"covered_lines": 0, "num_statements": 1, "percent_covered": 0.0, "percent_covered_display": "0", "missing_lines": 1, "excluded_lines": 0}, "missing_lines": [108], "excluded_lines": []}, "": {"executed_lines": [1, 8, 10, 11, 12, 14, 16, 19, 20, 22, 23, 26, 27, 34, 38, 42, 47, 51, 56, 57, 64, 80, 84, 88, 92, 97, 101, 102, 106], "summary": {"covered_lines": 25, "num_statements": 25, "percent_covered": 100.0, "percent_covered_display": "100", "missing_lines": 0, "excluded_lines": 0}, "missing_lines": [], "excluded_lines": []}}, "classes": {"OperationType": {"executed_lines": [], "summary": {"covered_lines": 0, "num_statements": 0, "percent_covered": 100.0, "percent_covered_display": "100", "missing_lines": 0, "excluded_lines": 0}, "missing_lines": [], "excluded_lines": []}, "FileOperation": {"executed_lines": [], "summary": {"covered_lines": 0, "num_statements": 1, "percent_covered": 0.0, "percent_covered_display": "0", "missing_lines": 1, "excluded_lines": 0}, "missing_lines": [53], "excluded_lines": []}, "ScannedFile": {"executed_lines": [], "summary": {"covered_lines": 0, "num_statements": 2, "percent_covered": 0.0, "percent_covered_display": "0", "missing_lines": 2, "excluded_lines": 0}, "missing_lines": [104, 108], "excluded_lines": []}, "": {"executed_lines": [1, 8, 10, 11, 12, 14, 16, 19, 20, 22, 23, 26, 27, 34, 38, 42, 47, 51, 56, 57, 64, 80, 84, 88, 92, 97, 101, 102, 106], "summary": {"covered_lines": 25, "num_statements": 25, "percent_covered": 100.0, "percent_covered_display": "100", "missing_lines": 0, "excluded_lines": 0}, "missing_lines": [], "excluded_lines": []}}}, "src\\anivault\\core\\normalization.py": {"executed_lines": [1, 15, 17, 18, 19, 20, 22, 25, 26, 28, 31, 109, 130, 132, 134, 137, 140, 143, 146, 148, 155, 170, 180, 181, 182, 185, 186, 187, 188, 189, 192, 193, 196, 209, 210, 213, 236, 237, 238, 241, 242, 244, 247, 259, 260, 263, 267, 289, 290, 293, 302, 303, 306, 307, 309, 312, 325, 326, 329, 330, 331, 332, 333, 335, 337, 341, 342, 344, 345, 348, 349, 350, 351, 352, 353, 354, 356, 358, 360], "summary": {"covered_lines": 77, "num_statements": 114, "percent_covered": 67.54385964912281, "percent_covered_display": "68", "missing_lines": 37, "excluded_lines": 2}, "missing_lines": [54, 56, 58, 59, 60, 63, 66, 69, 70, 71, 74, 75, 76, 77, 78, 79, 83, 85, 86, 87, 88, 89, 91, 98, 100, 101, 106, 157, 158, 164, 165, 166, 167, 338, 355, 357, 359], "excluded_lines": [22, 23], "functions": {"normalize_query_from_anitopy": {"executed_lines": [], "summary": {"covered_lines": 0, "num_statements": 27, "percent_covered": 0.0, "percent_covered_display": "0", "missing_lines": 27, "excluded_lines": 0}, "missing_lines": [54, 56, 58, 59, 60, 63, 66, 69, 70, 71, 74, 75, 76, 77, 78, 79, 83, 85, 86, 87, 88, 89, 91, 98, 100, 101, 106], "excluded_lines": []}, "normalize_query": {"executed_lines": [130, 132, 134, 137, 140, 143, 146, 148, 155], "summary": {"covered_lines": 9, "num_statements": 15, "percent_covered": 60.0, "percent_covered_display": "60", "missing_lines": 6, "excluded_lines": 0}, "missing_lines": [157, 158, 164, 165, 166, 167], "excluded_lines": []}, "_extract_title_from_anitopy": {"executed_lines": [180, 181, 182, 185, 186, 187, 188, 189, 192, 193], "summary": {"covered_lines": 10, "num_statements": 10, "percent_covered": 100.0, "percent_covered_display": "100", "missing_lines": 0, "excluded_lines": 0}, "missing_lines": [], "excluded_lines": []}, "_remove_metadata": {"executed_lines": [209, 210, 213, 236, 237, 238, 241, 242, 244], "summary": {"covered_lines": 9, "num_statements": 9, "percent_covered": 100.0, "percent_covered_display": "100", "missing_lines": 0, "excluded_lines": 0}, "missing_lines": [], "excluded_lines": []}, "_normalize_characters": {"executed_lines": [259, 260, 263, 267, 289, 290, 293, 302, 303, 306, 307, 309], "summary": {"covered_lines": 12, "num_statements": 12, "percent_covered": 100.0, "percent_covered_display": "100", "missing_lines": 0, "excluded_lines": 0}, "missing_lines": [], "excluded_lines": []}, "_detect_language": {"executed_lines": [325, 326, 329, 330, 331, 332, 333, 335, 337, 341, 342, 344, 345, 348, 349, 350, 351, 352, 353, 354, 356, 358, 360], "summary": {"covered_lines": 23, "num_statements": 27, "percent_covered": 85.18518518518519, "percent_covered_display": "85", "missing_lines": 4, "excluded_lines": 0}, "missing_lines": [338, 355, 357, 359], "excluded_lines": []}, "": {"executed_lines": [1, 15, 17, 18, 19, 20, 22, 25, 26, 28, 31, 109, 170, 196, 247, 312], "summary": {"covered_lines": 14, "num_statements": 14, "percent_covered": 100.0, "percent_covered_display": "100", "missing_lines": 0, "excluded_lines": 2}, "missing_lines": [], "excluded_lines": [22, 23]}}, "classes": {"": {"executed_lines": [1, 15, 17, 18, 19, 20, 22, 25, 26, 28, 31, 109, 130, 132, 134, 137, 140, 143, 146, 148, 155, 170, 180, 181, 182, 185, 186, 187, 188, 189, 192, 193, 196, 209, 210, 213, 236, 237, 238, 241, 242, 244, 247, 259, 260, 263, 267, 289, 290, 293, 302, 303, 306, 307, 309, 312, 325, 326, 329, 330, 331, 332, 333, 335, 337, 341, 342, 344, 345, 348, 349, 350, 351, 352, 353, 354, 356, 358, 360], "summary": {"covered_lines": 77, "num_statements": 114, "percent_covered": 67.54385964912281, "percent_covered_display": "68", "missing_lines": 37, "excluded_lines": 2}, "missing_lines": [54, 56, 58, 59, 60, 63, 66, 69, 70, 71, 74, 75, 76, 77, 78, 79, 83, 85, 86, 87, 88, 89, 91, 98, 100, 101, 106, 157, 158, 164, 165, 166, 167, 338, 355, 357, 359], "excluded_lines": [22, 23]}}}, "src\\anivault\\core\\organizer.py": {"executed_lines": [1, 8, 10, 11, 12, 13, 14, 16, 17, 19, 22, 23, 30, 42, 43, 45, 46, 48, 113, 148, 201, 250, 300, 327, 339, 409, 444, 463], "summary": {"covered_lines": 26, "num_statements": 161, "percent_covered": 16.149068322981368, "percent_covered_display": "16", "missing_lines": 135, "excluded_lines": 0}, "missing_lines": [62, 66, 67, 69, 72, 74, 80, 83, 85, 88, 89, 90, 93, 95, 102, 103, 105, 106, 109, 111, 124, 127, 128, 129, 132, 135, 138, 140, 143, 144, 146, 161, 163, 165, 166, 169, 170, 171, 175, 178, 181, 182, 185, 190, 193, 197, 199, 215, 217, 218, 221, 226, 228, 231, 232, 235, 240, 242, 248, 270, 272, 273, 275, 278, 281, 282, 283, 285, 286, 287, 288, 289, 290, 291, 292, 293, 296, 298, 310, 311, 312, 315, 316, 317, 320, 321, 322, 323, 336, 337, 356, 357, 358, 362, 363, 364, 365, 368, 369, 372, 375, 376, 377, 381, 382, 383, 387, 388, 389, 390, 393, 394, 397, 400, 401, 402, 407, 420, 421, 425, 426, 430, 431, 437, 457, 458, 459, 460, 461, 485, 487, 488, 491, 492, 494], "excluded_lines": [], "functions": {"FileOrganizer.__init__": {"executed_lines": [42, 43, 45, 46], "summary": {"covered_lines": 4, "num_statements": 4, "percent_covered": 100.0, "percent_covered_display": "100", "missing_lines": 0, "excluded_lines": 0}, "missing_lines": [], "excluded_lines": []}, "FileOrganizer._construct_destination_path": {"executed_lines": [], "summary": {"covered_lines": 0, "num_statements": 20, "percent_covered": 0.0, "percent_covered_display": "0", "missing_lines": 20, "excluded_lines": 0}, "missing_lines": [62, 66, 67, 69, 72, 74, 80, 83, 85, 88, 89, 90, 93, 95, 102, 103, 105, 106, 109, 111], "excluded_lines": []}, "FileOrganizer._sanitize_filename": {"executed_lines": [], "summary": {"covered_lines": 0, "num_statements": 11, "percent_covered": 0.0, "percent_covered_display": "0", "missing_lines": 11, "excluded_lines": 0}, "missing_lines": [124, 127, 128, 129, 132, 135, 138, 140, 143, 144, 146], "excluded_lines": []}, "FileOrganizer.generate_plan": {"executed_lines": [], "summary": {"covered_lines": 0, "num_statements": 16, "percent_covered": 0.0, "percent_covered_display": "0", "missing_lines": 16, "excluded_lines": 0}, "missing_lines": [161, 163, 165, 166, 169, 170, 171, 175, 178, 181, 182, 185, 190, 193, 197, 199], "excluded_lines": []}, "FileOrganizer._find_matching_subtitles": {"executed_lines": [], "summary": {"covered_lines": 0, "num_statements": 12, "percent_covered": 0.0, "percent_covered_display": "0", "missing_lines": 12, "excluded_lines": 0}, "missing_lines": [215, 217, 218, 221, 226, 228, 231, 232, 235, 240, 242, 248], "excluded_lines": []}, "FileOrganizer.execute_plan": {"executed_lines": [], "summary": {"covered_lines": 0, "num_statements": 19, "percent_covered": 0.0, "percent_covered_display": "0", "missing_lines": 19, "excluded_lines": 0}, "missing_lines": [270, 272, 273, 275, 278, 281, 282, 283, 285, 286, 287, 288, 289, 290, 291, 292, 293, 296, 298], "excluded_lines": []}, "FileOrganizer._validate_operation": {"executed_lines": [], "summary": {"covered_lines": 0, "num_statements": 10, "percent_covered": 0.0, "percent_covered_display": "0", "missing_lines": 10, "excluded_lines": 0}, "missing_lines": [310, 311, 312, 315, 316, 317, 320, 321, 322, 323], "excluded_lines": []}, "FileOrganizer._ensure_destination_directory": {"executed_lines": [], "summary": {"covered_lines": 0, "num_statements": 2, "percent_covered": 0.0, "percent_covered_display": "0", "missing_lines": 2, "excluded_lines": 0}, "missing_lines": [336, 337], "excluded_lines": []}, "FileOrganizer._execute_file_operation": {"executed_lines": [], "summary": {"covered_lines": 0, "num_statements": 27, "percent_covered": 0.0, "percent_covered_display": "0", "missing_lines": 27, "excluded_lines": 0}, "missing_lines": [356, 357, 358, 362, 363, 364, 365, 368, 369, 372, 375, 376, 377, 381, 382, 383, 387, 388, 389, 390, 393, 394, 397, 400, 401, 402, 407], "excluded_lines": []}, "FileOrganizer._handle_operation_error": {"executed_lines": [], "summary": {"covered_lines": 0, "num_statements": 7, "percent_covered": 0.0, "percent_covered_display": "0", "missing_lines": 7, "excluded_lines": 0}, "missing_lines": [420, 421, 425, 426, 430, 431, 437], "excluded_lines": []}, "FileOrganizer._log_operation_if_needed": {"executed_lines": [], "summary": {"covered_lines": 0, "num_statements": 5, "percent_covered": 0.0, "percent_covered_display": "0", "missing_lines": 5, "excluded_lines": 0}, "missing_lines": [457, 458, 459, 460, 461], "excluded_lines": []}, "FileOrganizer.organize": {"executed_lines": [], "summary": {"covered_lines": 0, "num_statements": 6, "percent_covered": 0.0, "percent_covered_display": "0", "missing_lines": 6, "excluded_lines": 0}, "missing_lines": [485, 487, 488, 491, 492, 494], "excluded_lines": []}, "": {"executed_lines": [1, 8, 10, 11, 12, 13, 14, 16, 17, 19, 22, 23, 30, 48, 113, 148, 201, 250, 300, 327, 339, 409, 444, 463], "summary": {"covered_lines": 22, "num_statements": 22, "percent_covered": 100.0, "percent_covered_display": "100", "missing_lines": 0, "excluded_lines": 0}, "missing_lines": [], "excluded_lines": []}}, "classes": {"FileOrganizer": {"executed_lines": [42, 43, 45, 46], "summary": {"covered_lines": 4, "num_statements": 139, "percent_covered": 2.8776978417266186, "percent_covered_display": "3", "missing_lines": 135, "excluded_lines": 0}, "missing_lines": [62, 66, 67, 69, 72, 74, 80, 83, 85, 88, 89, 90, 93, 95, 102, 103, 105, 106, 109, 111, 124, 127, 128, 129, 132, 135, 138, 140, 143, 144, 146, 161, 163, 165, 166, 169, 170, 171, 175, 178, 181, 182, 185, 190, 193, 197, 199, 215, 217, 218, 221, 226, 228, 231, 232, 235, 240, 242, 248, 270, 272, 273, 275, 278, 281, 282, 283, 285, 286, 287, 288, 289, 290, 291, 292, 293, 296, 298, 310, 311, 312, 315, 316, 317, 320, 321, 322, 323, 336, 337, 356, 357, 358, 362, 363, 364, 365, 368, 369, 372, 375, 376, 377, 381, 382, 383, 387, 388, 389, 390, 393, 394, 397, 400, 401, 402, 407, 420, 421, 425, 426, 430, 431, 437, 457, 458, 459, 460, 461, 485, 487, 488, 491, 492, 494], "excluded_lines": []}, "": {"executed_lines": [1, 8, 10, 11, 12, 13, 14, 16, 17, 19, 22, 23, 30, 48, 113, 148, 201, 250, 300, 327, 339, 409, 444, 463], "summary": {"covered_lines": 22, "num_statements": 22, "percent_covered": 100.0, "percent_covered_display": "100", "missing_lines": 0, "excluded_lines": 0}, "missing_lines": [], "excluded_lines": []}}}, "src\\anivault\\core\\parser\\__init__.py": {"executed_lines": [1, 7, 8, 10], "summary": {"covered_lines": 3, "num_statements": 3, "percent_covered": 100.0, "percent_covered_display": "100", "missing_lines": 0, "excluded_lines": 0}, "missing_lines": [], "excluded_lines": [], "functions": {"": {"executed_lines": [1, 7, 8, 10], "summary": {"covered_lines": 3, "num_statements": 3, "percent_covered": 100.0, "percent_covered_display": "100", "missing_lines": 0, "excluded_lines": 0}, "missing_lines": [], "excluded_lines": []}}, "classes": {"": {"executed_lines": [1, 7, 8, 10], "summary": {"covered_lines": 3, "num_statements": 3, "percent_covered": 100.0, "percent_covered_display": "100", "missing_lines": 0, "excluded_lines": 0}, "missing_lines": [], "excluded_lines": []}}}, "src\\anivault\\core\\parser\\anime_parser.py": {"executed_lines": [1, 7, 9, 11, 12, 13, 14, 16, 19, 20, 41, 42, 43, 45, 47, 48, 49, 55, 57, 75, 76, 79, 80, 85, 103, 117, 121, 123, 124], "summary": {"covered_lines": 27, "num_statements": 37, "percent_covered": 72.97297297297297, "percent_covered_display": "73", "missing_lines": 10, "excluded_lines": 0}, "missing_lines": [50, 51, 52, 53, 87, 93, 95, 101, 118, 130], "excluded_lines": [], "functions": {"AnimeFilenameParser.__init__": {"executed_lines": [47, 48, 49, 55], "summary": {"covered_lines": 4, "num_statements": 8, "percent_covered": 50.0, "percent_covered_display": "50", "missing_lines": 4, "excluded_lines": 0}, "missing_lines": [50, 51, 52, 53], "excluded_lines": []}, "AnimeFilenameParser.parse": {"executed_lines": [75, 76, 79, 80, 85], "summary": {"covered_lines": 5, "num_statements": 9, "percent_covered": 55.55555555555556, "percent_covered_display": "56", "missing_lines": 4, "excluded_lines": 0}, "missing_lines": [87, 93, 95, 101], "excluded_lines": []}, "AnimeFilenameParser._is_valid_result": {"executed_lines": [117, 121], "summary": {"covered_lines": 2, "num_statements": 3, "percent_covered": 66.66666666666667, "percent_covered_display": "67", "missing_lines": 1, "excluded_lines": 0}, "missing_lines": [118], "excluded_lines": []}, "AnimeFilenameParser.has_anitopy": {"executed_lines": [], "summary": {"covered_lines": 0, "num_statements": 1, "percent_covered": 0.0, "percent_covered_display": "0", "missing_lines": 1, "excluded_lines": 0}, "missing_lines": [130], "excluded_lines": []}, "": {"executed_lines": [1, 7, 9, 11, 12, 13, 14, 16, 19, 20, 41, 42, 43, 45, 57, 103, 123, 124], "summary": {"covered_lines": 16, "num_statements": 16, "percent_covered": 100.0, "percent_covered_display": "100", "missing_lines": 0, "excluded_lines": 0}, "missing_lines": [], "excluded_lines": []}}, "classes": {"AnimeFilenameParser": {"executed_lines": [47, 48, 49, 55, 75, 76, 79, 80, 85, 117, 121], "summary": {"covered_lines": 11, "num_statements": 21, "percent_covered": 52.38095238095238, "percent_covered_display": "52", "missing_lines": 10, "excluded_lines": 0}, "missing_lines": [50, 51, 52, 53, 87, 93, 95, 101, 118, 130], "excluded_lines": []}, "": {"executed_lines": [1, 7, 9, 11, 12, 13, 14, 16, 19, 20, 41, 42, 43, 45, 57, 103, 123, 124], "summary": {"covered_lines": 16, "num_statements": 16, "percent_covered": 100.0, "percent_covered_display": "100", "missing_lines": 0, "excluded_lines": 0}, "missing_lines": [], "excluded_lines": []}}}, "src\\anivault\\core\\parser\\anitopy_parser.py": {"executed_lines": [1, 7, 9, 10, 12, 13, 17, 19, 22, 23, 38, 44, 50, 67, 69, 72, 74, 76, 106, 121, 122, 123, 124, 125, 126, 129, 132, 135, 138, 140, 154, 163, 165, 166, 169, 172, 176, 178, 183, 192, 194, 195, 198, 199, 204, 223, 226, 227, 230, 231, 234, 235, 238, 245, 248, 251, 253, 263, 275], "summary": {"covered_lines": 57, "num_statements": 74, "percent_covered": 77.02702702702703, "percent_covered_display": "77", "missing_lines": 17, "excluded_lines": 0}, "missing_lines": [14, 15, 45, 78, 80, 86, 92, 94, 99, 170, 173, 179, 180, 181, 200, 201, 202], "excluded_lines": [], "functions": {"AnitopyParser.__init__": {"executed_lines": [44], "summary": {"covered_lines": 1, "num_statements": 2, "percent_covered": 50.0, "percent_covered_display": "50", "missing_lines": 1, "excluded_lines": 0}, "missing_lines": [45], "excluded_lines": []}, "AnitopyParser.parse": {"executed_lines": [67, 69, 72, 74, 76], "summary": {"covered_lines": 5, "num_statements": 11, "percent_covered": 45.45454545454545, "percent_covered_display": "45", "missing_lines": 6, "excluded_lines": 0}, "missing_lines": [78, 80, 86, 92, 94, 99], "excluded_lines": []}, "AnitopyParser._convert_to_result": {"executed_lines": [121, 122, 123, 124, 125, 126, 129, 132, 135, 138, 140], "summary": {"covered_lines": 11, "num_statements": 11, "percent_covered": 100.0, "percent_covered_display": "100", "missing_lines": 0, "excluded_lines": 0}, "missing_lines": [], "excluded_lines": []}, "AnitopyParser._extract_episode_number": {"executed_lines": [163, 165, 166, 169, 172, 176, 178], "summary": {"covered_lines": 7, "num_statements": 12, "percent_covered": 58.333333333333336, "percent_covered_display": "58", "missing_lines": 5, "excluded_lines": 0}, "missing_lines": [170, 173, 179, 180, 181], "excluded_lines": []}, "AnitopyParser._extract_season_number": {"executed_lines": [192, 194, 195, 198, 199], "summary": {"covered_lines": 5, "num_statements": 8, "percent_covered": 62.5, "percent_covered_display": "62", "missing_lines": 3, "excluded_lines": 0}, "missing_lines": [200, 201, 202], "excluded_lines": []}, "AnitopyParser._calculate_confidence": {"executed_lines": [223, 226, 227, 230, 231, 234, 235, 238, 245, 248, 251], "summary": {"covered_lines": 11, "num_statements": 11, "percent_covered": 100.0, "percent_covered_display": "100", "missing_lines": 0, "excluded_lines": 0}, "missing_lines": [], "excluded_lines": []}, "AnitopyParser._collect_other_info": {"executed_lines": [263, 275], "summary": {"covered_lines": 2, "num_statements": 2, "percent_covered": 100.0, "percent_covered_display": "100", "missing_lines": 0, "excluded_lines": 0}, "missing_lines": [], "excluded_lines": []}, "": {"executed_lines": [1, 7, 9, 10, 12, 13, 17, 19, 22, 23, 38, 50, 106, 154, 183, 204, 253], "summary": {"covered_lines": 15, "num_statements": 17, "percent_covered": 88.23529411764706, "percent_covered_display": "88", "missing_lines": 2, "excluded_lines": 0}, "missing_lines": [14, 15], "excluded_lines": []}}, "classes": {"AnitopyParser": {"executed_lines": [44, 67, 69, 72, 74, 76, 121, 122, 123, 124, 125, 126, 129, 132, 135, 138, 140, 163, 165, 166, 169, 172, 176, 178, 192, 194, 195, 198, 199, 223, 226, 227, 230, 231, 234, 235, 238, 245, 248, 251, 263, 275], "summary": {"covered_lines": 42, "num_statements": 57, "percent_covered": 73.6842105263158, "percent_covered_display": "74", "missing_lines": 15, "excluded_lines": 0}, "missing_lines": [45, 78, 80, 86, 92, 94, 99, 170, 173, 179, 180, 181, 200, 201, 202], "excluded_lines": []}, "": {"executed_lines": [1, 7, 9, 10, 12, 13, 17, 19, 22, 23, 38, 50, 106, 154, 183, 204, 253], "summary": {"covered_lines": 15, "num_statements": 17, "percent_covered": 88.23529411764706, "percent_covered_display": "88", "missing_lines": 2, "excluded_li
[...]
nes": [], "functions": {"ResolutionDetector.__init__": {"executed_lines": [43], "summary": {"covered_lines": 1, "num_statements": 1, "percent_covered": 100.0, "percent_covered_display": "100", "missing_lines": 0, "excluded_lines": 0}, "missing_lines": [], "excluded_lines": []}, "ResolutionDetector.detect_resolution": {"executed_lines": [], "summary": {"covered_lines": 0, "num_statements": 32, "percent_covered": 0.0, "percent_covered_display": "0", "missing_lines": 32, "excluded_lines": 0}, "missing_lines": [68, 73, 74, 75, 78, 79, 80, 81, 82, 83, 84, 85, 86, 87, 89, 90, 91, 92, 96, 97, 98, 99, 102, 103, 105, 111, 113, 114, 115, 122, 128, 134], "excluded_lines": []}, "ResolutionDetector._classify_resolution": {"executed_lines": [], "summary": {"covered_lines": 0, "num_statements": 9, "percent_covered": 0.0, "percent_covered_display": "0", "missing_lines": 9, "excluded_lines": 0}, "missing_lines": [151, 152, 153, 154, 155, 156, 157, 158, 159], "excluded_lines": []}, "ResolutionDetector._detect_from_file_properties": {"executed_lines": [], "summary": {"covered_lines": 0, "num_statements": 1, "percent_covered": 0.0, "percent_covered_display": "0", "missing_lines": 1, "excluded_lines": 0}, "missing_lines": [174], "excluded_lines": []}, "ResolutionDetector.group_by_resolution": {"executed_lines": [], "summary": {"covered_lines": 0, "num_statements": 12, "percent_covered": 0.0, "percent_covered_display": "0", "missing_lines": 12, "excluded_lines": 0}, "missing_lines": [191, 196, 197, 199, 200, 201, 202, 204, 210, 212, 213, 217], "excluded_lines": []}, "ResolutionDetector.find_highest_resolution": {"executed_lines": [], "summary": {"covered_lines": 0, "num_statements": 19, "percent_covered": 0.0, "percent_covered_display": "0", "missing_lines": 19, "excluded_lines": 0}, "missing_lines": [236, 237, 239, 244, 245, 246, 248, 249, 250, 251, 252, 254, 260, 262, 263, 264, 271, 277, 283], "excluded_lines": []}, "ResolutionDetector._is_better_resolution": {"executed_lines": [], "summary": {"covered_lines": 0, "num_statements": 8, "percent_covered": 0.0, "percent_covered_display": "0", "missing_lines": 8, "excluded_lines": 0}, "missing_lines": [304, 305, 307, 308, 311, 319, 320, 322], "excluded_lines": []}, "detect_file_resolution": {"executed_lines": [], "summary": {"covered_lines": 0, "num_statements": 2, "percent_covered": 0.0, "percent_covered_display": "0", "missing_lines": 2, "excluded_lines": 0}, "missing_lines": [334, 335], "excluded_lines": []}, "": {"executed_lines": [1, 7, 9, 10, 11, 12, 13, 15, 16, 22, 24, 27, 28, 29, 31, 32, 33, 34, 37, 38, 40, 56, 141, 161, 176, 224, 290, 325], "summary": {"covered_lines": 25, "num_statements": 25, "percent_covered": 100.0, "percent_covered_display": "100", "missing_lines": 0, "excluded_lines": 0}, "missing_lines": [], "excluded_lines": []}}, "classes": {"ResolutionInfo": {"executed_lines": [], "summary": {"covered_lines": 0, "num_statements": 0, "percent_covered": 100.0, "percent_covered_display": "100", "missing_lines": 0, "excluded_lines": 0}, "missing_lines": [], "excluded_lines": []}, "ResolutionDetector": {"executed_lines": [43], "summary": {"covered_lines": 1, "num_statements": 82, "percent_covered": 1.2195121951219512, "percent_covered_display": "1", "missing_lines": 81, "excluded_lines": 0}, "missing_lines": [68, 73, 74, 75, 78, 79, 80, 81, 82, 83, 84, 85, 86, 87, 89, 90, 91, 92, 96, 97, 98, 99, 102, 103, 105, 111, 113, 114, 115, 122, 128, 134, 151, 152, 153, 154, 155, 156, 157, 158, 159, 174, 191, 196, 197, 199, 200, 201, 202, 204, 210, 212, 213, 217, 236, 237, 239, 244, 245, 246, 248, 249, 250, 251, 252, 254, 260, 262, 263, 264, 271, 277, 283, 304, 305, 307, 308, 311, 319, 320, 322], "excluded_lines": []}, "": {"executed_lines": [1, 7, 9, 10, 11, 12, 13, 15, 16, 22, 24, 27, 28, 29, 31, 32, 33, 34, 37, 38, 40, 56, 141, 161, 176, 224, 290, 325], "summary": {"covered_lines": 25, "num_statements": 27, "percent_covered": 92.5925925925926, "percent_covered_display": "93", "missing_lines": 2, "excluded_lines": 0}, "missing_lines": [334, 335], "excluded_lines": []}}}, "src\\anivault\\core\\rollback_manager.py": {"executed_lines": [1, 8, 10, 11, 14, 15, 23, 30, 32, 50, 52, 73], "summary": {"covered_lines": 10, "num_statements": 17, "percent_covered": 58.8235294117647, "percent_covered_display": "59", "missing_lines": 7, "excluded_lines": 0}, "missing_lines": [55, 58, 60, 65, 69, 71, 75], "excluded_lines": [], "functions": {"RollbackManager.__init__": {"executed_lines": [30], "summary": {"covered_lines": 1, "num_statements": 1, "percent_covered": 100.0, "percent_covered_display": "100", "missing_lines": 0, "excluded_lines": 0}, "missing_lines": [], "excluded_lines": []}, "RollbackManager.generate_rollback_plan": {"executed_lines": [50, 52, 73], "summary": {"covered_lines": 3, "num_statements": 10, "percent_covered": 30.0, "percent_covered_display": "30", "missing_lines": 7, "excluded_lines": 0}, "missing_lines": [55, 58, 60, 65, 69, 71, 75], "excluded_lines": []}, "": {"executed_lines": [1, 8, 10, 11, 14, 15, 23, 32], "summary": {"covered_lines": 6, "num_statements": 6, "percent_covered": 100.0, "percent_covered_display": "100", "missing_lines": 0, "excluded_lines": 0}, "missing_lines": [], "excluded_lines": []}}, "classes": {"RollbackManager": {"executed_lines": [30, 50, 52, 73], "summary": {"covered_lines": 4, "num_statements": 11, "percent_covered": 36.36363636363637, "percent_covered_display": "36", "missing_lines": 7, "excluded_lines": 0}, "missing_lines": [55, 58, 60, 65, 69, 71, 75], "excluded_lines": []}, "": {"executed_lines": [1, 8, 10, 11, 14, 15, 23, 32], "summary": {"covered_lines": 6, "num_statements": 6, "percent_covered": 100.0, "percent_covered_display": "100", "missing_lines": 0, "excluded_lines": 0}, "missing_lines": [], "excluded_lines": []}}}, "src\\anivault\\core\\statistics.py": {"executed_lines": [1, 8, 10, 11, 12, 13, 14, 15, 17, 19, 22, 23, 24, 27, 28, 29, 30, 33, 34, 35, 38, 39, 40, 41, 42, 43, 46, 47, 48, 51, 52, 54, 56, 62, 67, 68, 69, 71, 72, 73, 74, 75, 76, 77, 79, 85, 86, 88, 90, 91, 92, 93, 96, 97, 98, 100, 102, 111, 130, 178, 193, 200, 210, 212, 243, 248, 267, 273, 274, 276, 282, 283, 285, 315, 320, 329, 340, 349, 387, 431, 448, 474, 477, 489], "summary": {"covered_lines": 80, "num_statements": 164, "percent_covered": 48.78048780487805, "percent_covered_display": "49", "missing_lines": 84, "excluded_lines": 0}, "missing_lines": [81, 82, 108, 109, 120, 121, 122, 124, 125, 127, 128, 147, 149, 150, 152, 153, 154, 155, 156, 158, 160, 163, 171, 194, 195, 197, 227, 229, 230, 232, 233, 234, 236, 245, 246, 254, 257, 258, 259, 261, 262, 263, 265, 298, 301, 302, 303, 304, 306, 308, 317, 318, 326, 327, 335, 336, 337, 338, 346, 347, 365, 367, 377, 378, 385, 393, 397, 433, 434, 435, 436, 437, 438, 439, 442, 443, 444, 446, 454, 484, 485, 486, 492, 493], "excluded_lines": [], "functions": {"PerformanceMetrics.__post_init__": {"executed_lines": [56, 62], "summary": {"covered_lines": 2, "num_statements": 2, "percent_covered": 100.0, "percent_covered_display": "100", "missing_lines": 0, "excluded_lines": 0}, "missing_lines": [], "excluded_lines": []}, "BenchmarkResult.__post_init__": {"executed_lines": [], "summary": {"covered_lines": 0, "num_statements": 2, "percent_covered": 0.0, "percent_covered_display": "0", "missing_lines": 2, "excluded_lines": 0}, "missing_lines": [81, 82], "excluded_lines": []}, "StatisticsCollector.__init__": {"executed_lines": [90, 91, 92, 93, 96, 97, 98, 100], "summary": {"covered_lines": 8, "num_statements": 8, "percent_covered": 100.0, "percent_covered_display": "100", "missing_lines": 0, "excluded_lines": 0}, "missing_lines": [], "excluded_lines": []}, "StatisticsCollector.start_timing": {"executed_lines": [], "summary": {"covered_lines": 0, "num_statements": 2, "percent_covered": 0.0, "percent_covered_display": "0", "missing_lines": 2, "excluded_lines": 0}, "missing_lines": [108, 109], "excluded_lines": []}, "StatisticsCollector.end_timing": {"executed_lines": [], "summary": {"covered_lines": 0, "num_statements": 7, "percent_covered": 0.0, "percent_covered_display": "0", "missing_lines": 7, "excluded_lines": 0}, "missing_lines": [120, 121, 122, 124, 125, 127, 128], "excluded_lines": []}, "StatisticsCollector.record_matching_operation": {"executed_lines": [], "summary": {"covered_lines": 0, "num_statements": 12, "percent_covered": 0.0, "percent_covered_display": "0", "missing_lines": 12, "excluded_lines": 0}, "missing_lines": [147, 149, 150, 152, 153, 154, 155, 156, 158, 160, 163, 171], "excluded_lines": []}, "StatisticsCollector.record_cache_operation": {"executed_lines": [193, 200, 210], "summary": {"covered_lines": 3, "num_statements": 6, "percent_covered": 50.0, "percent_covered_display": "50", "missing_lines": 3, "excluded_lines": 0}, "missing_lines": [194, 195, 197], "excluded_lines": []}, "StatisticsCollector.record_api_call": {"executed_lines": [], "summary": {"covered_lines": 0, "num_statements": 7, "percent_covered": 0.0, "percent_covered_display": "0", "missing_lines": 7, "excluded_lines": 0}, "missing_lines": [227, 229, 230, 232, 233, 234, 236], "excluded_lines": []}, "StatisticsCollector.record_rate_limit_hit": {"executed_lines": [], "summary": {"covered_lines": 0, "num_statements": 2, "percent_covered": 0.0, "percent_covered_display": "0", "missing_lines": 2, "excluded_lines": 0}, "missing_lines": [245, 246], "excluded_lines": []}, "StatisticsCollector.record_memory_usage": {"executed_lines": [], "summary": {"covered_lines": 0, "num_statements": 8, "percent_covered": 0.0, "percent_covered_display": "0", "missing_lines": 8, "excluded_lines": 0}, "missing_lines": [254, 257, 258, 259, 261, 262, 263, 265], "excluded_lines": []}, "StatisticsCollector.record_cache_hit": {"executed_lines": [273, 274], "summary": {"covered_lines": 2, "num_statements": 2, "percent_covered": 100.0, "percent_covered_display": "100", "missing_lines": 0, "excluded_lines": 0}, "missing_lines": [], "excluded_lines": []}, "StatisticsCollector.record_cache_miss": {"executed_lines": [282, 283], "summary": {"covered_lines": 2, "num_statements": 2, "percent_covered": 100.0, "percent_covered_display": "100", "missing_lines": 0, "excluded_lines": 0}, "missing_lines": [], "excluded_lines": []}, "StatisticsCollector.record_match_success": {"executed_lines": [], "summary": {"covered_lines": 0, "num_statements": 7, "percent_covered": 0.0, "percent_covered_display": "0", "missing_lines": 7, "excluded_lines": 0}, "missing_lines": [298, 301, 302, 303, 304, 306, 308], "excluded_lines": []}, "StatisticsCollector.record_match_failure": {"executed_lines": [], "summary": {"covered_lines": 0, "num_statements": 2, "percent_covered": 0.0, "percent_covered_display": "0", "missing_lines": 2, "excluded_lines": 0}, "missing_lines": [317, 318], "excluded_lines": []}, "StatisticsCollector.record_api_error": {"executed_lines": [], "summary": {"covered_lines": 0, "num_statements": 2, "percent_covered": 0.0, "percent_covered_display": "0", "missing_lines": 2, "excluded_lines": 0}, "missing_lines": [326, 327], "excluded_lines": []}, "StatisticsCollector.get_cache_hit_ratio": {"executed_lines": [], "summary": {"covered_lines": 0, "num_statements": 4, "percent_covered": 0.0, "percent_covered_display": "0", "missing_lines": 4, "excluded_lines": 0}, "missing_lines": [335, 336, 337, 338], "excluded_lines": []}, "StatisticsCollector.start_benchmark": {"executed_lines": [], "summary": {"covered_lines": 0, "num_statements": 2, "percent_covered": 0.0, "percent_covered_display": "0", "missing_lines": 2, "excluded_lines": 0}, "missing_lines": [346, 347], "excluded_lines": []}, "StatisticsCollector.end_benchmark": {"executed_lines": [], "summary": {"covered_lines": 0, "num_statements": 5, "percent_covered": 0.0, "percent_covered_display": "0", "missing_lines": 5, "excluded_lines": 0}, "missing_lines": [365, 367, 377, 378, 385], "excluded_lines": []}, "StatisticsCollector.get_summary": {"executed_lines": [], "summary": {"covered_lines": 0, "num_statements": 2, "percent_covered": 0.0, "percent_covered_display": "0", "missing_lines": 2, "excluded_lines": 0}, "missing_lines": [393, 397], "excluded_lines": []}, "StatisticsCollector.reset": {"executed_lines": [], "summary": {"covered_lines": 0, "num_statements": 11, "percent_covered": 0.0, "percent_covered_display": "0", "missing_lines": 11, "excluded_lines": 0}, "missing_lines": [433, 434, 435, 436, 437, 438, 439, 442, 443, 444, 446], "excluded_lines": []}, "StatisticsCollector.export_to_json": {"executed_lines": [], "summary": {"covered_lines": 0, "num_statements": 1, "percent_covered": 0.0, "percent_covered_display": "0", "missing_lines": 1, "excluded_lines": 0}, "missing_lines": [454], "excluded_lines": []}, "get_statistics_collector": {"executed_lines": [], "summary": {"covered_lines": 0, "num_statements": 3, "percent_covered": 0.0, "percent_covered_display": "0", "missing_lines": 3, "excluded_lines": 0}, "missing_lines": [484, 485, 486], "excluded_lines": []}, "reset_statistics": {"executed_lines": [], "summary": {"covered_lines": 0, "num_statements": 2, "percent_covered": 0.0, "percent_covered_display": "0", "missing_lines": 2, "excluded_lines": 0}, "missing_lines": [492, 493], "excluded_lines": []}, "": {"executed_lines": [1, 8, 10, 11, 12, 13, 14, 15, 17, 19, 22, 23, 24, 27, 28, 29, 30, 33, 34, 35, 38, 39, 40, 41, 42, 43, 46, 47, 48, 51, 52, 54, 67, 68, 69, 71, 72, 73, 74, 75, 76, 77, 79, 85, 86, 88, 102, 111, 130, 178, 212, 243, 248, 267, 276, 285, 315, 320, 329, 340, 349, 387, 431, 448, 474, 477, 489], "summary": {"covered_lines": 63, "num_statements": 63, "percent_covered": 100.0, "percent_covered_display": "100", "missing_lines": 0, "excluded_lines": 0}, "missing_lines": [], "excluded_lines": []}}, "classes": {"PerformanceMetrics": {"executed_lines": [56, 62], "summary": {"covered_lines": 2, "num_statements": 2, "percent_covered": 100.0, "percent_covered_display": "100", "missing_lines": 0, "excluded_lines": 0}, "missing_lines": [], "excluded_lines": []}, "BenchmarkResult": {"executed_lines": [], "summary": {"covered_lines": 0, "num_statements": 2, "percent_covered": 0.0, "percent_covered_display": "0", "missing_lines": 2, "excluded_lines": 0}, "missing_lines": [81, 82], "excluded_lines": []}, "StatisticsCollector": {"executed_lines": [90, 91, 92, 93, 96, 97, 98, 100, 193, 200, 210, 273, 274, 282, 283], "summary": {"covered_lines": 15, "num_statements": 92, "percent_covered": 16.304347826086957, "percent_covered_display": "16", "missing_lines": 77, "excluded_lines": 0}, "missing_lines": [108, 109, 120, 121, 122, 124, 125, 127, 128, 147, 149, 150, 152, 153, 154, 155, 156, 158, 160, 163, 171, 194, 195, 197, 227, 229, 230, 232, 233, 234, 236, 245, 246, 254, 257, 258, 259, 261, 262, 263, 265, 298, 301, 302, 303, 304, 306, 308, 317, 318, 326, 327, 335, 336, 337, 338, 346, 347, 365, 367, 377, 378, 385, 393, 397, 433, 434, 435, 436, 437, 438, 439, 442, 443, 444, 446, 454], "excluded_lines": []}, "": {"executed_lines": [1, 8, 10, 11, 12, 13, 14, 15, 17, 19, 22, 23, 24, 27, 28, 29, 30, 33, 34, 35, 38, 39, 40, 41, 42, 43, 46, 47, 48, 51, 52, 54, 67, 68, 69, 71, 72, 73, 74, 75, 76, 77, 79, 85, 86, 88, 102, 111, 130, 178, 212, 243, 248, 267, 276, 285, 315, 320, 329, 340, 349, 387, 431, 448, 474, 477, 489], "summary": {"covered_lines": 63, "num_statements": 68, "percent_covered": 92.6470588235294, "percent_covered_display": "93", "missing_lines": 5, "excluded_lines": 0}, "missing_lines": [484, 485, 486, 492, 493], "excluded_lines": []}}}, "src\\anivault\\core\\subtitle_matcher.py": {"executed_lines": [1, 7, 9, 10, 11, 13, 14, 20, 22, 25, 26, 28, 31, 33, 91, 102, 129, 156, 182, 201, 271], "summary": {"covered_lines": 19, "num_statements": 74, "percent_covered": 25.675675675675677, "percent_covered_display": "26", "missing_lines": 55, "excluded_lines": 0}, "missing_lines": [50, 58, 59, 60, 62, 63, 66, 67, 68, 69, 71, 77, 79, 80, 84, 100, 113, 114, 117, 118, 121, 124, 127, 139, 141, 150, 151, 152, 154, 166, 168, 176, 177, 178, 180, 192, 195, 196, 199, 218, 223, 224, 226, 227, 228, 234, 240, 242, 243, 244, 251, 257, 263, 281, 282], "excluded_lines": [], "functions": {"SubtitleMatcher.__init__": {"executed_lines": [31], "summary": {"covered_lines": 1, "num_statements": 1, "percent_covered": 100.0, "percent_covered_display": "100", "missing_lines": 0, "excluded_lines": 0}, "missing_lines": [], "excluded_lines": []}, "SubtitleMatcher.find_matching_subtitles": {"executed_lines": [], "summary": {"covered_lines": 0, "num_statements": 15, "percent_covered": 0.0, "percent_covered_display": "0", "missing_lines": 15, "excluded_lines": 0}, "missing_lines": [50, 58, 59, 60, 62, 63, 66, 67, 68, 69, 71, 77, 79, 80, 84], "excluded_lines": []}, "SubtitleMatcher._is_subtitle_file": {"executed_lines": [], "summary": {"covered_lines": 0, "num_statements": 1, "percent_covered": 0.0, "percent_covered_display": "0", "missing_lines": 1, "excluded_lines": 0}, "missing_lines": [100], "excluded_lines": []}, "SubtitleMatcher._matches_video": {"executed_lines": [], "summary": {"covered_lines": 0, "num_statements": 7, "percent_covered": 0.0, "percent_covered_display": "0", "missing_lines": 7, "excluded_lines": 0}, "missing_lines": [113, 114, 117, 118, 121, 124, 127], "excluded_lines": []}, "SubtitleMatcher._clean_subtitle_name": {"executed_lines": [], "summary": {"covered_lines": 0, "num_statements": 6, "percent_covered": 0.0, "percent_covered_display": "0", "missing_lines": 6, "excluded_lines": 0}, "missing_lines": [139, 141, 150, 151, 152, 154], "excluded_lines": []}, "SubtitleMatcher._clean_video_name": {"executed_lines": [], "summary": {"covered_lines": 0, "num_statements": 6, "percent_covered": 0.0, "percent_covered_display": "0", "missing_lines": 6, "excluded_lines": 0}, "missing_lines": [166, 168, 176, 177, 178, 180], "excluded_lines": []}, "SubtitleMatcher._has_matching_hash": {"executed_lines": [], "summary": {"covered_lines": 0, "num_statements": 4, "percent_covered": 0.0, "percent_covered_display": "0", "missing_lines": 4, "excluded_lines": 0}, "missing_lines": [192, 195, 196, 199], "excluded_lines": []}, "SubtitleMatcher.group_files_with_subtitles": {"executed_lines": [], "summary": {"covered_lines": 0, "num_statements": 14, "percent_covered": 0.0, "percent_covered_display": "0", "missing_lines": 14, "excluded_lines": 0}, "missing_lines": [218, 223, 224, 226, 227, 228, 234, 240, 242, 243, 244, 251, 257, 263], "excluded_lines": []}, "find_subtitles_for_video": {"executed_lines": [], "summary": {"covered_lines": 0, "num_statements": 2, "percent_covered": 0.0, "percent_covered_display": "0", "missing_lines": 2, "excluded_lines": 0}, "missing_lines": [281, 282], "excluded_lines": []}, "": {"executed_lines": [1, 7, 9, 10, 11, 13, 14, 20, 22, 25, 26, 28, 33, 91, 102, 129, 156, 182, 201, 271], "summary": {"covered_lines": 18, "num_statements": 18, "percent_covered": 100.0, "percent_covered_display": "100", "missing_lines": 0, "excluded_lines": 0}, "missing_lines": [], "excluded_lines": []}}, "classes": {"SubtitleMatcher": {"executed_lines": [31], "summary": {"covered_lines": 1, "num_statements": 54, "percent_covered": 1.8518518518518519, "percent_covered_display": "2", "missing_lines": 53, "excluded_lines": 0}, "missing_lines": [50, 58, 59, 60, 62, 63, 66, 67, 68, 69, 71, 77, 79, 80, 84, 100, 113, 114, 117, 118, 121, 124, 127, 139, 141, 150, 151, 152, 154, 166, 168, 176, 177, 178, 180, 192, 195, 196, 199, 218, 223, 224, 226, 227, 228, 234, 240, 242, 243, 244, 251, 257, 263], "excluded_lines": []}, "": {"executed_lines": [1, 7, 9, 10, 11, 13, 14, 20, 22, 25, 26, 28, 33, 91, 102, 129, 156, 182, 201, 271], "summary": {"covered_lines": 18, "num_statements": 20, "percent_covered": 90.0, "percent_covered_display": "90", "missing_lines": 2, "excluded_lines": 0}, "missing_lines": [281, 282], "excluded_lines": []}}}}, "totals": {"covered_lines": 1737, "num_statements": 3639, "percent_covered": 47.73289365210223, "percent_covered_display": "48", "missing_lines": 1902, "excluded_lines": 4}}