src\anivault\gui\models.py:83: error: "type[Qt]" has no attribute "DisplayRole"  [attr-defined]
src\anivault\gui\models.py:98: error: "type[Qt]" has no attribute "DisplayRole"  [attr-defined]
src\anivault\gui\models.py:99: error: "type[Qt]" has no attribute "DisplayRole"  [attr-defined]
src\anivault\gui\models.py:100: error: "type[Qt]" has no attribute "DisplayRole"  [attr-defined]
src\anivault\gui\models.py:101: error: "type[Qt]" has no attribute "DisplayRole"  [attr-defined]
src\anivault\gui\models.py:104: error: "type[Qt]" has no attribute "UserRole"  [attr-defined]
src\anivault\gui\models.py:122: error: "type[Qt]" has no attribute "UserRole"  [attr-defined]
src\anivault\gui\models.py:123: error: "type[Qt]" has no attribute "UserRole"  [attr-defined]
src\anivault\gui\models.py:158: error: Returning Any from function declared to return "Optional[FileItem]"  [no-any-return]
src\anivault\gui\models.py:158: error: "type[Qt]" has no attribute "UserRole"  [attr-defined]
src\anivault\gui\models.py:166: error: "type[Qt]" has no attribute "UserRole"  [attr-defined]
src\anivault\gui\models.py:172: error: "type[Qt]" has no attribute "DisplayRole"  [attr-defined]
src\anivault\gui\models.py:201: error: "type[Qt]" has no attribute "UserRole"  [attr-defined]
src\anivault\gui\models.py:207: error: "type[Qt]" has no attribute "DisplayRole"  [attr-defined]
src\anivault\gui\models.py:215: error: Unused "type: ignore" comment  [unused-ignore]
src\anivault\gui\models.py:225: error: "type[Qt]" has no attribute "DisplayRole"  [attr-defined]
src\anivault\gui\models.py:228: error: "type[Qt]" has no attribute "DisplayRole"  [attr-defined]
src\anivault\gui\models.py:240: error: Unused "type: ignore" comment  [unused-ignore]
src\anivault\gui\models.py:241: error: Unused "type: ignore" comment  [unused-ignore]
src\anivault\gui\models.py:260: error: "type[Qt]" has no attribute "UserRole"  [attr-defined]
src\anivault\gui\models.py:273: error: "type[Qt]" has no attribute "UserRole"  [attr-defined]
src\anivault\gui\workers\file_scanner_worker.py:54: error: Incompatible types in assignment (expression has type "Path", variable has type "None")  [assignment]
src\anivault\gui\workers\file_scanner_worker.py:66: error: Argument 1 to "_get_all_files" of "FileScannerWorker" has incompatible type "None"; expected "Path"  [arg-type]
src\anivault\gui\workers\file_scanner_worker.py:76: error: Statement is unreachable  [unreachable]
src\anivault\gui\workers\file_scanner_worker.py:85: error: Statement is unreachable  [unreachable]
src\anivault\gui\workers\file_scanner_worker.py:186: error: Statement is unreachable  [unreachable]
src\anivault\gui\widgets\anime_detail_popup.py:35: error: "type[Qt]" has no attribute "ToolTip"  [attr-defined]
src\anivault\gui\widgets\anime_detail_popup.py:35: error: "type[Qt]" has no attribute "FramelessWindowHint"  [attr-defined]
src\anivault\gui\widgets\anime_detail_popup.py:36: error: "type[Qt]" has no attribute "WA_ShowWithoutActivating"  [attr-defined]
src\anivault\gui\managers\status_manager.py:115: error: Statement is unreachable  [unreachable]
src\anivault\gui\dialogs\tmdb_progress_dialog.py:67: error: "type[Qt]" has no attribute "AlignCenter"  [attr-defined]
src\anivault\gui\widgets\group_card_widget.py:57: error: "type[QFrame]" has no attribute "NoFrame"  [attr-defined]
src\anivault\gui\widgets\group_card_widget.py:168: error: "type[Qt]" has no attribute "CustomContextMenu"  [attr-defined]
src\anivault\gui\widgets\group_card_widget.py:172: error: "type[Qt]" has no attribute "PointingHandCursor"  [attr-defined]
src\anivault\gui\widgets\group_card_widget.py:186: error: "type[Qt]" has no attribute "AlignCenter"  [attr-defined]
src\anivault\gui\widgets\group_card_widget.py:189: error: "type[QFrame]" has no attribute "NoFrame"  [attr-defined]
src\anivault\gui\widgets\group_card_widget.py:227: error: "type[Qt]" has no attribute "KeepAspectRatio"  [attr-defined]
src\anivault\gui\widgets\group_card_widget.py:228: error: "type[Qt]" has no attribute "SmoothTransformation"  [attr-defined]
src\anivault\gui\widgets\group_card_widget.py:302: error: Returning Any from function declared to return "Optional[dict[str, Any]]"  [no-any-return]
src\anivault\gui\widgets\group_card_widget.py:308: error: Returning Any from function declared to return "Optional[dict[str, Any]]"  [no-any-return]
src\anivault\gui\widgets\group_card_widget.py:327: error: Returning Any from function declared to return "Optional[dict[str, Any]]"  [no-any-return]
src\anivault\gui\widgets\group_card_widget.py:343: error: Returning Any from function declared to return "Optional[dict[str, Any]]"  [no-any-return]
src\anivault\gui\widgets\group_card_widget.py:449: error: Statement is unreachable  [unreachable]
src\anivault\gui\widgets\group_card_widget.py:451: error: Incompatible types in assignment (expression has type "AnimeDetailPopup", variable has type "None")  [assignment]
src\anivault\gui\widgets\group_card_widget.py:455: error: "None" has no attribute "move"  [attr-defined]
src\anivault\gui\widgets\group_card_widget.py:460: error: "None" has no attribute "raise_"  [attr-defined]
src\anivault\gui\widgets\group_card_widget.py:461: error: "None" has no attribute "show"  [attr-defined]
src\anivault\gui\widgets\group_card_widget.py:472: error: Statement is unreachable  [unreachable]
src\anivault\gui\widgets\group_card_widget.py:500: error: Item "None" of "Optional[QWidget]" has no attribute "update_group_name_with_parser"  [union-attr]
src\anivault\gui\widgets\group_card_widget.py:508: error: Item "None" of "Optional[QWidget]" has no attribute "edit_group_name"  [union-attr]
src\anivault\gui\widgets\group_card_widget.py:618: error: "type[Qt]" has no attribute "KeepAspectRatio"  [attr-defined]
src\anivault\gui\widgets\group_card_widget.py:619: error: "type[Qt]" has no attribute "SmoothTransformation"  [attr-defined]
src\anivault\gui\widgets\group_card_widget.py:638: error: "type[Qt]" has no attribute "LeftButton"  [attr-defined]
src\anivault\gui\views\view_updater.py:18: error: Skipping analyzing "anivault.gui.widgets.group_view": module is installed, but missing library stubs or py.typed marker  [import-untyped]
src\anivault\gui\views\view_updater.py:18: note: See https://mypy.readthedocs.io/en/stable/running_mypy.html#missing-imports
src\anivault\gui\widgets\group_grid_view.py:63: error: "type[Qt]" has no attribute "ScrollBarAsNeeded"  [attr-defined]
src\anivault\gui\widgets\group_grid_view.py:64: error: "type[Qt]" has no attribute "ScrollBarAsNeeded"  [attr-defined]
src\anivault\gui\widgets\group_grid_view.py:67: error: Need type annotation for "group_cards" (hint: "group_cards: dict[<type>, <type>] = ...")  [var-annotated]
src\anivault\gui\widgets\group_grid_view.py:294: error: "QObject" has no attribute "on_group_selected"  [attr-defined]
src\anivault\gui\widgets\group_grid_view.py:306: error: "QObject" has no attribute "group_details_label"  [attr-defined]
src\anivault\gui\widgets\group_grid_view.py:308: error: "QObject" has no attribute "group_details_label"  [attr-defined]
src\anivault\gui\themes\theme_manager.py:166: error: Item "None" of "Optional[QApplication]" has no attribute "setStyleSheet"  [union-attr]
src\anivault\gui\themes\theme_manager.py:167: error: Item "None" of "Optional[QApplication]" has no attribute "setStyleSheet"  [union-attr]
src\anivault\gui\themes\theme_manager.py:169: error: Argument 1 to "_repolish_all_top_levels" of "ThemeManager" has incompatible type "Optional[QApplication]"; expected "QApplication"  [arg-type]
src\anivault\gui\themes\theme_manager.py:190: error: Item "None" of "Optional[QApplication]" has no attribute "setStyleSheet"  [union-attr]
src\anivault\gui\themes\theme_manager.py:191: error: Item "None" of "Optional[QApplication]" has no attribute "setPalette"  [union-attr]
src\anivault\gui\themes\theme_manager.py:191: error: Item "None" of "Optional[QApplication]" has no attribute "style"  [union-attr]
src\anivault\gui\themes\theme_manager.py:192: error: Argument 1 to "_repolish_all_top_levels" of "ThemeManager" has incompatible type "Optional[QApplication]"; expected "QApplication"  [arg-type]
src\anivault\gui\workers\organize_worker.py:56: error: Name "Any" is not defined  [name-defined]
src\anivault\gui\workers\organize_worker.py:56: note: Did you forget to import it from "typing"? (Suggestion: "from typing import Any")
src\anivault\gui\workers\tmdb_matching_worker.py:317: error: Argument "context" to "SecurityError" has incompatible type "dict[str, str]"; expected "Optional[ErrorContextModel]"  [arg-type]
src\anivault\gui\workers\tmdb_matching_worker.py:327: error: Argument "context" to "SecurityError" has incompatible type "dict[str, object]"; expected "Optional[ErrorContextModel]"  [arg-type]
src\anivault\gui\workers\tmdb_matching_worker.py:341: error: Argument "context" to "SecurityError" has incompatible type "dict[str, str]"; expected "Optional[ErrorContextModel]"  [arg-type]
src\anivault\gui\controllers\organize_controller.py:56: error: Name "Any" is not defined  [name-defined]
src\anivault\gui\controllers\organize_controller.py:56: note: Did you forget to import it from "typing"? (Suggestion: "from typing import Any")
src\anivault\gui\controllers\organize_controller.py:227: error: Name "Any" is not defined  [name-defined]
src\anivault\gui\controllers\organize_controller.py:227: note: Did you forget to import it from "typing"? (Suggestion: "from typing import Any")
src\anivault\gui\controllers\organize_controller.py:308: error: Name "Any" is not defined  [name-defined]
src\anivault\gui\controllers\organize_controller.py:308: note: Did you forget to import it from "typing"? (Suggestion: "from typing import Any")
src\anivault\gui\controllers\tmdb_controller.py:142: error: "FileMetadata" has no attribute "get"  [attr-defined]
src\anivault\gui\controllers\tmdb_controller.py:153: error: Generator has incompatible item type "int"; expected "bool"  [misc]
src\anivault\gui\controllers\tmdb_controller.py:153: error: "FileMetadata" has no attribute "get"  [attr-defined]
src\anivault\gui\controllers\tmdb_controller.py:175: error: Argument 1 to "TMDBMatchingWorker" has incompatible type "Optional[str]"; expected "str"  [arg-type]
src\anivault\gui\controllers\tmdb_controller.py:182: error: Argument 1 to "match_files" of "TMDBMatchingWorker" has incompatible type "list[ScannedFile]"; expected "list[FileItem]"  [arg-type]
src\anivault\gui\controllers\scan_controller.py:191: error: Statement is unreachable  [unreachable]
src\anivault\gui\controllers\scan_controller.py:206: error: Need type annotation for "grouped_by_tmdb" (hint: "grouped_by_tmdb: dict[<type>, <type>] = ...")  [var-annotated]
src\anivault\gui\controllers\scan_controller.py:215: error: Statement is unreachable  [unreachable]
src\anivault\gui\controllers\scan_controller.py:266: error: Statement is unreachable  [unreachable]
src\anivault\gui\controllers\scan_controller.py:296: error: Missing type parameters for generic type "list"  [type-arg]
src\anivault\gui\controllers\scan_controller.py:372: error: Statement is unreachable  [unreachable]
src\anivault\gui\controllers\scan_controller.py:432: error: Item "None" of "Optional[FileScannerWorker]" has no attribute "cancel_scan"  [union-attr]
src\anivault\gui\handlers\tmdb_event_handler.py:111: error: "FileMetadata" has no attribute "get"  [attr-defined]
src\anivault\gui\handlers\tmdb_event_handler.py:113: error: "FileMetadata" has no attribute "get"  [attr-defined]
src\anivault\gui\handlers\tmdb_event_handler.py:114: error: "FileMetadata" has no attribute "get"  [attr-defined]
src\anivault\gui\handlers\tmdb_event_handler.py:115: error: "FileMetadata" has no attribute "get"  [attr-defined]
src\anivault\gui\managers\signal_coordinator.py:63: error: Missing type parameters for generic type "tuple"  [type-arg]
src\anivault\gui\app.py:28: error: Function is missing a return type annotation  [no-untyped-def]
src\anivault\gui\app.py:28: note: Use "-> None" if function does not return a value
src\anivault\gui\app.py:119: error: Item "None" of "Optional[ThemeManager]" has no attribute "apply_theme"  [union-attr]
src\anivault\gui\app.py:136: error: Item "None" of "Optional[MainWindow]" has no attribute "state_model"  [union-attr]
src\anivault\gui\app.py:137: error: Item "None" of "Optional[MainWindow]" has no attribute "start_file_scan"  [union-attr]
src\anivault\gui\app.py:189: error: Call to untyped function "AniVaultGUI" in typed context  [no-untyped-call]
Found 96 errors in 17 files (checked 41 source files)
